ARM GAS  C:\Users\ianh\AppData\Local\Temp\ccQPmbWo.s 			page 1


   1              		.syntax unified
   2              		.cpu cortex-m3
   3              		.fpu softvfp
   4              		.eabi_attribute 20, 1
   5              		.eabi_attribute 21, 1
   6              		.eabi_attribute 23, 3
   7              		.eabi_attribute 24, 1
   8              		.eabi_attribute 25, 1
   9              		.eabi_attribute 26, 1
  10              		.eabi_attribute 30, 1
  11              		.eabi_attribute 34, 1
  12              		.eabi_attribute 18, 4
  13              		.thumb
  14              		.syntax unified
  15              		.file	"main.c"
  16              		.text
  17              	.Ltext0:
  18              		.cfi_sections	.debug_frame
  19              		.section	.text.main,"ax",%progbits
  20              		.align	2
  21              		.global	main
  22              		.thumb
  23              		.thumb_func
  24              		.type	main, %function
  25              	main:
  26              	.LFB63:
  27              		.file 1 "main.c"
   1:main.c        **** /* ========================================
   2:main.c        ****  *
   3:main.c        ****  * Copyright YOUR COMPANY, THE YEAR
   4:main.c        ****  * All Rights Reserved
   5:main.c        ****  * UNPUBLISHED, LICENSED SOFTWARE.
   6:main.c        ****  *
   7:main.c        ****  * CONFIDENTIAL AND PROPRIETARY INFORMATION
   8:main.c        ****  * WHICH IS THE PROPERTY OF your company.
   9:main.c        ****  *
  10:main.c        ****  * ========================================
  11:main.c        **** */
  12:main.c        **** #include "project.h"
  13:main.c        **** #include "lcd_functions.h"
  14:main.c        **** 
  15:main.c        **** int main(void)
  16:main.c        **** {
  28              		.loc 1 16 0
  29              		.cfi_startproc
  30              		@ args = 0, pretend = 0, frame = 0
  31              		@ frame_needed = 0, uses_anonymous_args = 0
  32 0000 08B5     		push	{r3, lr}
  33              		.cfi_def_cfa_offset 8
  34              		.cfi_offset 3, -8
  35              		.cfi_offset 14, -4
  17:main.c        ****     CyGlobalIntEnable; /* Enable global interrupts. */
  36              		.loc 1 17 0
  37              		.syntax unified
  38              	@ 17 "main.c" 1
  39 0002 62B6     		CPSIE   i
  40              	@ 0 "" 2
ARM GAS  C:\Users\ianh\AppData\Local\Temp\ccQPmbWo.s 			page 2


  18:main.c        ****     
  19:main.c        ****     // Start the LCD
  20:main.c        ****     LCD_Start();
  41              		.loc 1 20 0
  42              		.thumb
  43              		.syntax unified
  44 0004 FFF7FEFF 		bl	LCD_Start
  45              	.LVL0:
  21:main.c        ****     LCD_Position(0,0);
  46              		.loc 1 21 0
  47 0008 0021     		movs	r1, #0
  48 000a 0846     		mov	r0, r1
  49 000c FFF7FEFF 		bl	LCD_Position
  50              	.LVL1:
  22:main.c        ****     LCD_PrintString("Ready!");
  51              		.loc 1 22 0
  52 0010 0248     		ldr	r0, .L4
  53 0012 FFF7FEFF 		bl	LCD_PrintString
  54              	.LVL2:
  23:main.c        ****     
  24:main.c        ****     int x = one();
  55              		.loc 1 24 0
  56 0016 FFF7FEFF 		bl	one
  57              	.LVL3:
  58              	.L2:
  59 001a FEE7     		b	.L2
  60              	.L5:
  61              		.align	2
  62              	.L4:
  63 001c 00000000 		.word	.LC0
  64              		.cfi_endproc
  65              	.LFE63:
  66              		.size	main, .-main
  67              		.section	.rodata.str1.4,"aMS",%progbits,1
  68              		.align	2
  69              	.LC0:
  70 0000 52656164 		.ascii	"Ready!\000"
  70      792100
  71              		.text
  72              	.Letext0:
  73              		.file 2 "c:\\program files (x86)\\cypress\\psoc creator\\4.4\\psoc creator\\import\\gnu\\arm\\5.4.
  74              		.file 3 "c:\\program files (x86)\\cypress\\psoc creator\\4.4\\psoc creator\\import\\gnu\\arm\\5.4.
  75              		.file 4 "Generated_Source\\PSoC5/LCD.h"
  76              		.file 5 "Generated_Source\\PSoC5/core_cm3.h"
  77              		.file 6 "lcd_functions.h"
  78              		.section	.debug_info,"",%progbits
  79              	.Ldebug_info0:
  80 0000 42010000 		.4byte	0x142
  81 0004 0400     		.2byte	0x4
  82 0006 00000000 		.4byte	.Ldebug_abbrev0
  83 000a 04       		.byte	0x4
  84 000b 01       		.uleb128 0x1
  85 000c 6D000000 		.4byte	.LASF19
  86 0010 0C       		.byte	0xc
  87 0011 2F010000 		.4byte	.LASF20
  88 0015 2E000000 		.4byte	.LASF21
  89 0019 00000000 		.4byte	.Ldebug_ranges0+0
ARM GAS  C:\Users\ianh\AppData\Local\Temp\ccQPmbWo.s 			page 3


  90 001d 00000000 		.4byte	0
  91 0021 00000000 		.4byte	.Ldebug_line0
  92 0025 02       		.uleb128 0x2
  93 0026 01       		.byte	0x1
  94 0027 06       		.byte	0x6
  95 0028 72010000 		.4byte	.LASF0
  96 002c 02       		.uleb128 0x2
  97 002d 01       		.byte	0x1
  98 002e 08       		.byte	0x8
  99 002f 1C010000 		.4byte	.LASF1
 100 0033 02       		.uleb128 0x2
 101 0034 02       		.byte	0x2
 102 0035 05       		.byte	0x5
 103 0036 9A010000 		.4byte	.LASF2
 104 003a 02       		.uleb128 0x2
 105 003b 02       		.byte	0x2
 106 003c 07       		.byte	0x7
 107 003d 0E000000 		.4byte	.LASF3
 108 0041 03       		.uleb128 0x3
 109 0042 8A010000 		.4byte	.LASF9
 110 0046 02       		.byte	0x2
 111 0047 3F       		.byte	0x3f
 112 0048 4C000000 		.4byte	0x4c
 113 004c 02       		.uleb128 0x2
 114 004d 04       		.byte	0x4
 115 004e 05       		.byte	0x5
 116 004f 36010000 		.4byte	.LASF4
 117 0053 02       		.uleb128 0x2
 118 0054 04       		.byte	0x4
 119 0055 07       		.byte	0x7
 120 0056 3F010000 		.4byte	.LASF5
 121 005a 02       		.uleb128 0x2
 122 005b 08       		.byte	0x8
 123 005c 05       		.byte	0x5
 124 005d 00000000 		.4byte	.LASF6
 125 0061 02       		.uleb128 0x2
 126 0062 08       		.byte	0x8
 127 0063 07       		.byte	0x7
 128 0064 FB000000 		.4byte	.LASF7
 129 0068 04       		.uleb128 0x4
 130 0069 04       		.byte	0x4
 131 006a 05       		.byte	0x5
 132 006b 696E7400 		.ascii	"int\000"
 133 006f 02       		.uleb128 0x2
 134 0070 04       		.byte	0x4
 135 0071 07       		.byte	0x7
 136 0072 21000000 		.4byte	.LASF8
 137 0076 03       		.uleb128 0x3
 138 0077 A4010000 		.4byte	.LASF10
 139 007b 03       		.byte	0x3
 140 007c 2C       		.byte	0x2c
 141 007d 41000000 		.4byte	0x41
 142 0081 02       		.uleb128 0x2
 143 0082 04       		.byte	0x4
 144 0083 04       		.byte	0x4
 145 0084 94010000 		.4byte	.LASF11
 146 0088 02       		.uleb128 0x2
ARM GAS  C:\Users\ianh\AppData\Local\Temp\ccQPmbWo.s 			page 4


 147 0089 08       		.byte	0x8
 148 008a 04       		.byte	0x4
 149 008b 51010000 		.4byte	.LASF12
 150 008f 02       		.uleb128 0x2
 151 0090 01       		.byte	0x1
 152 0091 08       		.byte	0x8
 153 0092 2A010000 		.4byte	.LASF13
 154 0096 02       		.uleb128 0x2
 155 0097 04       		.byte	0x4
 156 0098 07       		.byte	0x7
 157 0099 AC010000 		.4byte	.LASF14
 158 009d 02       		.uleb128 0x2
 159 009e 08       		.byte	0x8
 160 009f 04       		.byte	0x4
 161 00a0 7E010000 		.4byte	.LASF15
 162 00a4 05       		.uleb128 0x5
 163 00a5 68000000 		.4byte	.LASF22
 164 00a9 01       		.byte	0x1
 165 00aa 0F       		.byte	0xf
 166 00ab 68000000 		.4byte	0x68
 167 00af 00000000 		.4byte	.LFB63
 168 00b3 20000000 		.4byte	.LFE63-.LFB63
 169 00b7 01       		.uleb128 0x1
 170 00b8 9C       		.byte	0x9c
 171 00b9 08010000 		.4byte	0x108
 172 00bd 06       		.uleb128 0x6
 173 00be 7800     		.ascii	"x\000"
 174 00c0 01       		.byte	0x1
 175 00c1 18       		.byte	0x18
 176 00c2 68000000 		.4byte	0x68
 177 00c6 07       		.uleb128 0x7
 178 00c7 08000000 		.4byte	.LVL0
 179 00cb 19010000 		.4byte	0x119
 180 00cf 08       		.uleb128 0x8
 181 00d0 10000000 		.4byte	.LVL1
 182 00d4 24010000 		.4byte	0x124
 183 00d8 E7000000 		.4byte	0xe7
 184 00dc 09       		.uleb128 0x9
 185 00dd 01       		.uleb128 0x1
 186 00de 50       		.byte	0x50
 187 00df 01       		.uleb128 0x1
 188 00e0 30       		.byte	0x30
 189 00e1 09       		.uleb128 0x9
 190 00e2 01       		.uleb128 0x1
 191 00e3 51       		.byte	0x51
 192 00e4 01       		.uleb128 0x1
 193 00e5 30       		.byte	0x30
 194 00e6 00       		.byte	0
 195 00e7 08       		.uleb128 0x8
 196 00e8 16000000 		.4byte	.LVL2
 197 00ec 2F010000 		.4byte	0x12f
 198 00f0 FE000000 		.4byte	0xfe
 199 00f4 09       		.uleb128 0x9
 200 00f5 01       		.uleb128 0x1
 201 00f6 50       		.byte	0x50
 202 00f7 05       		.uleb128 0x5
 203 00f8 03       		.byte	0x3
ARM GAS  C:\Users\ianh\AppData\Local\Temp\ccQPmbWo.s 			page 5


 204 00f9 00000000 		.4byte	.LC0
 205 00fd 00       		.byte	0
 206 00fe 07       		.uleb128 0x7
 207 00ff 1A000000 		.4byte	.LVL3
 208 0103 3A010000 		.4byte	0x13a
 209 0107 00       		.byte	0
 210 0108 0A       		.uleb128 0xa
 211 0109 65010000 		.4byte	.LASF23
 212 010d 05       		.byte	0x5
 213 010e 1207     		.2byte	0x712
 214 0110 14010000 		.4byte	0x114
 215 0114 0B       		.uleb128 0xb
 216 0115 76000000 		.4byte	0x76
 217 0119 0C       		.uleb128 0xc
 218 011a 12010000 		.4byte	.LASF16
 219 011e 12010000 		.4byte	.LASF16
 220 0122 04       		.byte	0x4
 221 0123 38       		.byte	0x38
 222 0124 0C       		.uleb128 0xc
 223 0125 58010000 		.4byte	.LASF17
 224 0129 58010000 		.4byte	.LASF17
 225 012d 04       		.byte	0x4
 226 012e 3D       		.byte	0x3d
 227 012f 0C       		.uleb128 0xc
 228 0130 B5010000 		.4byte	.LASF18
 229 0134 B5010000 		.4byte	.LASF18
 230 0138 04       		.byte	0x4
 231 0139 3C       		.byte	0x3c
 232 013a 0D       		.uleb128 0xd
 233 013b 6F6E6500 		.ascii	"one\000"
 234 013f 6F6E6500 		.ascii	"one\000"
 235 0143 06       		.byte	0x6
 236 0144 12       		.byte	0x12
 237 0145 00       		.byte	0
 238              		.section	.debug_abbrev,"",%progbits
 239              	.Ldebug_abbrev0:
 240 0000 01       		.uleb128 0x1
 241 0001 11       		.uleb128 0x11
 242 0002 01       		.byte	0x1
 243 0003 25       		.uleb128 0x25
 244 0004 0E       		.uleb128 0xe
 245 0005 13       		.uleb128 0x13
 246 0006 0B       		.uleb128 0xb
 247 0007 03       		.uleb128 0x3
 248 0008 0E       		.uleb128 0xe
 249 0009 1B       		.uleb128 0x1b
 250 000a 0E       		.uleb128 0xe
 251 000b 55       		.uleb128 0x55
 252 000c 17       		.uleb128 0x17
 253 000d 11       		.uleb128 0x11
 254 000e 01       		.uleb128 0x1
 255 000f 10       		.uleb128 0x10
 256 0010 17       		.uleb128 0x17
 257 0011 00       		.byte	0
 258 0012 00       		.byte	0
 259 0013 02       		.uleb128 0x2
 260 0014 24       		.uleb128 0x24
ARM GAS  C:\Users\ianh\AppData\Local\Temp\ccQPmbWo.s 			page 6


 261 0015 00       		.byte	0
 262 0016 0B       		.uleb128 0xb
 263 0017 0B       		.uleb128 0xb
 264 0018 3E       		.uleb128 0x3e
 265 0019 0B       		.uleb128 0xb
 266 001a 03       		.uleb128 0x3
 267 001b 0E       		.uleb128 0xe
 268 001c 00       		.byte	0
 269 001d 00       		.byte	0
 270 001e 03       		.uleb128 0x3
 271 001f 16       		.uleb128 0x16
 272 0020 00       		.byte	0
 273 0021 03       		.uleb128 0x3
 274 0022 0E       		.uleb128 0xe
 275 0023 3A       		.uleb128 0x3a
 276 0024 0B       		.uleb128 0xb
 277 0025 3B       		.uleb128 0x3b
 278 0026 0B       		.uleb128 0xb
 279 0027 49       		.uleb128 0x49
 280 0028 13       		.uleb128 0x13
 281 0029 00       		.byte	0
 282 002a 00       		.byte	0
 283 002b 04       		.uleb128 0x4
 284 002c 24       		.uleb128 0x24
 285 002d 00       		.byte	0
 286 002e 0B       		.uleb128 0xb
 287 002f 0B       		.uleb128 0xb
 288 0030 3E       		.uleb128 0x3e
 289 0031 0B       		.uleb128 0xb
 290 0032 03       		.uleb128 0x3
 291 0033 08       		.uleb128 0x8
 292 0034 00       		.byte	0
 293 0035 00       		.byte	0
 294 0036 05       		.uleb128 0x5
 295 0037 2E       		.uleb128 0x2e
 296 0038 01       		.byte	0x1
 297 0039 3F       		.uleb128 0x3f
 298 003a 19       		.uleb128 0x19
 299 003b 03       		.uleb128 0x3
 300 003c 0E       		.uleb128 0xe
 301 003d 3A       		.uleb128 0x3a
 302 003e 0B       		.uleb128 0xb
 303 003f 3B       		.uleb128 0x3b
 304 0040 0B       		.uleb128 0xb
 305 0041 27       		.uleb128 0x27
 306 0042 19       		.uleb128 0x19
 307 0043 49       		.uleb128 0x49
 308 0044 13       		.uleb128 0x13
 309 0045 8701     		.uleb128 0x87
 310 0047 19       		.uleb128 0x19
 311 0048 11       		.uleb128 0x11
 312 0049 01       		.uleb128 0x1
 313 004a 12       		.uleb128 0x12
 314 004b 06       		.uleb128 0x6
 315 004c 40       		.uleb128 0x40
 316 004d 18       		.uleb128 0x18
 317 004e 9742     		.uleb128 0x2117
ARM GAS  C:\Users\ianh\AppData\Local\Temp\ccQPmbWo.s 			page 7


 318 0050 19       		.uleb128 0x19
 319 0051 01       		.uleb128 0x1
 320 0052 13       		.uleb128 0x13
 321 0053 00       		.byte	0
 322 0054 00       		.byte	0
 323 0055 06       		.uleb128 0x6
 324 0056 34       		.uleb128 0x34
 325 0057 00       		.byte	0
 326 0058 03       		.uleb128 0x3
 327 0059 08       		.uleb128 0x8
 328 005a 3A       		.uleb128 0x3a
 329 005b 0B       		.uleb128 0xb
 330 005c 3B       		.uleb128 0x3b
 331 005d 0B       		.uleb128 0xb
 332 005e 49       		.uleb128 0x49
 333 005f 13       		.uleb128 0x13
 334 0060 00       		.byte	0
 335 0061 00       		.byte	0
 336 0062 07       		.uleb128 0x7
 337 0063 898201   		.uleb128 0x4109
 338 0066 00       		.byte	0
 339 0067 11       		.uleb128 0x11
 340 0068 01       		.uleb128 0x1
 341 0069 31       		.uleb128 0x31
 342 006a 13       		.uleb128 0x13
 343 006b 00       		.byte	0
 344 006c 00       		.byte	0
 345 006d 08       		.uleb128 0x8
 346 006e 898201   		.uleb128 0x4109
 347 0071 01       		.byte	0x1
 348 0072 11       		.uleb128 0x11
 349 0073 01       		.uleb128 0x1
 350 0074 31       		.uleb128 0x31
 351 0075 13       		.uleb128 0x13
 352 0076 01       		.uleb128 0x1
 353 0077 13       		.uleb128 0x13
 354 0078 00       		.byte	0
 355 0079 00       		.byte	0
 356 007a 09       		.uleb128 0x9
 357 007b 8A8201   		.uleb128 0x410a
 358 007e 00       		.byte	0
 359 007f 02       		.uleb128 0x2
 360 0080 18       		.uleb128 0x18
 361 0081 9142     		.uleb128 0x2111
 362 0083 18       		.uleb128 0x18
 363 0084 00       		.byte	0
 364 0085 00       		.byte	0
 365 0086 0A       		.uleb128 0xa
 366 0087 34       		.uleb128 0x34
 367 0088 00       		.byte	0
 368 0089 03       		.uleb128 0x3
 369 008a 0E       		.uleb128 0xe
 370 008b 3A       		.uleb128 0x3a
 371 008c 0B       		.uleb128 0xb
 372 008d 3B       		.uleb128 0x3b
 373 008e 05       		.uleb128 0x5
 374 008f 49       		.uleb128 0x49
ARM GAS  C:\Users\ianh\AppData\Local\Temp\ccQPmbWo.s 			page 8


 375 0090 13       		.uleb128 0x13
 376 0091 3F       		.uleb128 0x3f
 377 0092 19       		.uleb128 0x19
 378 0093 3C       		.uleb128 0x3c
 379 0094 19       		.uleb128 0x19
 380 0095 00       		.byte	0
 381 0096 00       		.byte	0
 382 0097 0B       		.uleb128 0xb
 383 0098 35       		.uleb128 0x35
 384 0099 00       		.byte	0
 385 009a 49       		.uleb128 0x49
 386 009b 13       		.uleb128 0x13
 387 009c 00       		.byte	0
 388 009d 00       		.byte	0
 389 009e 0C       		.uleb128 0xc
 390 009f 2E       		.uleb128 0x2e
 391 00a0 00       		.byte	0
 392 00a1 3F       		.uleb128 0x3f
 393 00a2 19       		.uleb128 0x19
 394 00a3 3C       		.uleb128 0x3c
 395 00a4 19       		.uleb128 0x19
 396 00a5 6E       		.uleb128 0x6e
 397 00a6 0E       		.uleb128 0xe
 398 00a7 03       		.uleb128 0x3
 399 00a8 0E       		.uleb128 0xe
 400 00a9 3A       		.uleb128 0x3a
 401 00aa 0B       		.uleb128 0xb
 402 00ab 3B       		.uleb128 0x3b
 403 00ac 0B       		.uleb128 0xb
 404 00ad 00       		.byte	0
 405 00ae 00       		.byte	0
 406 00af 0D       		.uleb128 0xd
 407 00b0 2E       		.uleb128 0x2e
 408 00b1 00       		.byte	0
 409 00b2 3F       		.uleb128 0x3f
 410 00b3 19       		.uleb128 0x19
 411 00b4 3C       		.uleb128 0x3c
 412 00b5 19       		.uleb128 0x19
 413 00b6 6E       		.uleb128 0x6e
 414 00b7 08       		.uleb128 0x8
 415 00b8 03       		.uleb128 0x3
 416 00b9 08       		.uleb128 0x8
 417 00ba 3A       		.uleb128 0x3a
 418 00bb 0B       		.uleb128 0xb
 419 00bc 3B       		.uleb128 0x3b
 420 00bd 0B       		.uleb128 0xb
 421 00be 00       		.byte	0
 422 00bf 00       		.byte	0
 423 00c0 00       		.byte	0
 424              		.section	.debug_aranges,"",%progbits
 425 0000 1C000000 		.4byte	0x1c
 426 0004 0200     		.2byte	0x2
 427 0006 00000000 		.4byte	.Ldebug_info0
 428 000a 04       		.byte	0x4
 429 000b 00       		.byte	0
 430 000c 0000     		.2byte	0
 431 000e 0000     		.2byte	0
ARM GAS  C:\Users\ianh\AppData\Local\Temp\ccQPmbWo.s 			page 9


 432 0010 00000000 		.4byte	.LFB63
 433 0014 20000000 		.4byte	.LFE63-.LFB63
 434 0018 00000000 		.4byte	0
 435 001c 00000000 		.4byte	0
 436              		.section	.debug_ranges,"",%progbits
 437              	.Ldebug_ranges0:
 438 0000 00000000 		.4byte	.LFB63
 439 0004 20000000 		.4byte	.LFE63
 440 0008 00000000 		.4byte	0
 441 000c 00000000 		.4byte	0
 442              		.section	.debug_line,"",%progbits
 443              	.Ldebug_line0:
 444 0000 75010000 		.section	.debug_str,"MS",%progbits,1
 444      02005B01 
 444      00000201 
 444      FB0E0D00 
 444      01010101 
 445              	.LASF6:
 446 0000 6C6F6E67 		.ascii	"long long int\000"
 446      206C6F6E 
 446      6720696E 
 446      7400
 447              	.LASF3:
 448 000e 73686F72 		.ascii	"short unsigned int\000"
 448      7420756E 
 448      7369676E 
 448      65642069 
 448      6E7400
 449              	.LASF8:
 450 0021 756E7369 		.ascii	"unsigned int\000"
 450      676E6564 
 450      20696E74 
 450      00
 451              	.LASF21:
 452 002e 433A5C55 		.ascii	"C:\\Users\\ianh\\Documents\\Car Lab\\SpeedControl\\"
 452      73657273 
 452      5C69616E 
 452      685C446F 
 452      63756D65 
 453 005b 44657369 		.ascii	"Design.cydsn\000"
 453      676E2E63 
 453      7964736E 
 453      00
 454              	.LASF22:
 455 0068 6D61696E 		.ascii	"main\000"
 455      00
 456              	.LASF19:
 457 006d 474E5520 		.ascii	"GNU C11 5.4.1 20160609 (release) [ARM/embedded-5-br"
 457      43313120 
 457      352E342E 
 457      31203230 
 457      31363036 
 458 00a0 616E6368 		.ascii	"anch revision 237715] -mcpu=cortex-m3 -mthumb -g -O"
 458      20726576 
 458      6973696F 
 458      6E203233 
 458      37373135 
ARM GAS  C:\Users\ianh\AppData\Local\Temp\ccQPmbWo.s 			page 10


 459 00d3 67202D66 		.ascii	"g -ffunction-sections -ffat-lto-objects\000"
 459      66756E63 
 459      74696F6E 
 459      2D736563 
 459      74696F6E 
 460              	.LASF7:
 461 00fb 6C6F6E67 		.ascii	"long long unsigned int\000"
 461      206C6F6E 
 461      6720756E 
 461      7369676E 
 461      65642069 
 462              	.LASF16:
 463 0112 4C43445F 		.ascii	"LCD_Start\000"
 463      53746172 
 463      7400
 464              	.LASF1:
 465 011c 756E7369 		.ascii	"unsigned char\000"
 465      676E6564 
 465      20636861 
 465      7200
 466              	.LASF13:
 467 012a 63686172 		.ascii	"char\000"
 467      00
 468              	.LASF20:
 469 012f 6D61696E 		.ascii	"main.c\000"
 469      2E6300
 470              	.LASF4:
 471 0136 6C6F6E67 		.ascii	"long int\000"
 471      20696E74 
 471      00
 472              	.LASF5:
 473 013f 6C6F6E67 		.ascii	"long unsigned int\000"
 473      20756E73 
 473      69676E65 
 473      6420696E 
 473      7400
 474              	.LASF12:
 475 0151 646F7562 		.ascii	"double\000"
 475      6C6500
 476              	.LASF17:
 477 0158 4C43445F 		.ascii	"LCD_Position\000"
 477      506F7369 
 477      74696F6E 
 477      00
 478              	.LASF23:
 479 0165 49544D5F 		.ascii	"ITM_RxBuffer\000"
 479      52784275 
 479      66666572 
 479      00
 480              	.LASF0:
 481 0172 7369676E 		.ascii	"signed char\000"
 481      65642063 
 481      68617200 
 482              	.LASF15:
 483 017e 6C6F6E67 		.ascii	"long double\000"
 483      20646F75 
 483      626C6500 
ARM GAS  C:\Users\ianh\AppData\Local\Temp\ccQPmbWo.s 			page 11


 484              	.LASF9:
 485 018a 5F5F696E 		.ascii	"__int32_t\000"
 485      7433325F 
 485      7400
 486              	.LASF11:
 487 0194 666C6F61 		.ascii	"float\000"
 487      7400
 488              	.LASF2:
 489 019a 73686F72 		.ascii	"short int\000"
 489      7420696E 
 489      7400
 490              	.LASF10:
 491 01a4 696E7433 		.ascii	"int32_t\000"
 491      325F7400 
 492              	.LASF14:
 493 01ac 73697A65 		.ascii	"sizetype\000"
 493      74797065 
 493      00
 494              	.LASF18:
 495 01b5 4C43445F 		.ascii	"LCD_PrintString\000"
 495      5072696E 
 495      74537472 
 495      696E6700 
 496              		.ident	"GCC: (GNU Tools for ARM Embedded Processors) 5.4.1 20160609 (release) [ARM/embedded-5-bran
