#***************************************************************************

#sjplacer

#Version:            1.1

#Build Date:         Sep  9 2019 11:47:43

#File Generated:     Oct 13 2023 19:34:48

#Purpose:            

#Copyright (C) 2010-2011 by Softjin Technologies Pvt Ltd. All rights reserved.

#***************************************************************************

Executing : C:\Program Files (x86)\Cypress\PSoC Creator\4.4\PSoC Creator\bin/sjplacer.exe --proj-name Design --netlist-vh2 Design_p.vh2 --arch p35_udb4x6 --arch-file C:\Program Files (x86)\Cypress\PSoC Creator\4.4\PSoC Creator\dev\arch/udbdsi_4x6_24.cydata --ip-file C:\Program Files (x86)\Cypress\PSoC Creator\4.4\PSoC Creator\dev\psoc5/psoc5lp/ip_blocks.cydata --rrg-file C:\Program Files (x86)\Cypress\PSoC Creator\4.4\PSoC Creator\dev\psoc5/psoc5lp/route_arch-rrg.cydata --irq-file C:\Program Files (x86)\Cypress\PSoC Creator\4.4\PSoC Creator\dev\psoc5/psoc5lp/irqconn.cydata --drq-file C:\Program Files (x86)\Cypress\PSoC Creator\4.4\PSoC Creator\dev\psoc5/psoc5lp/dmaconn.cydata --dsi-conn-file C:\Program Files (x86)\Cypress\PSoC Creator\4.4\PSoC Creator\dev\psoc5/psoc5lp/dsiconn.cydata --pins-file pins_100-TQFP.xml --lib-file Design_p.lib --sdc-file Design.sdc --io-pcf Design.pci --outdir .

		Softjin Techologies Placer, Version 1.1

Build Date : Sep  9 2019	11:45:12

D2004: Option and Settings Summary
=============================================================
Netlist vh2 file          - Design_p.vh2
Architecture file         - C:\Program Files (x86)\Cypress\PSoC Creator\4.4\PSoC Creator\dev\arch/udbdsi_4x6_24.cydata
Package                   - 
Defparam file             - 
SDC file                  - Design.sdc
Output directory          - .
Timing library            - Design_p.lib
IO Placement file         - Design.pci

D2050: Starting reading inputs for placer
=============================================================
D2065: Reading netlist file : "Design_p.vh2"
D2065: Reading arch file : "C:\Program Files (x86)\Cypress\PSoC Creator\4.4\PSoC Creator\dev\arch/udbdsi_4x6_24.cydata"
D2051: Reading of inputs for placer completed successfully

D2053: Starting placement of the design
=============================================================

Phase 2
Phase 3

Design Statistics after Packing
    Number of Combinational MCs 	:	17
    Number of Sequential MCs    	:	41
    Number of DPs               	:	19
    Number of Controls          	:	6
    Number of Status            	:	7
    Number of SyncCells         	:	0
    Number of count7cells       	:	1

Device Utilization Summary after Packing
    Macrocells                  :	58/192
    UDBS                        :	21/24
    IOs                         :	16/72


D2088: Phase 3, elapsed time : 0.0 (sec)

Phase 4
D2088: Phase 4, elapsed time : 0.0 (sec)

Phase 5
D2088: Phase 5, elapsed time : 0.0 (sec)

Phase 6

######################################################################
Placement Timing Summary

The timing summary is based on estimated routing delays after
placement. For final timing report, please carry out the timing
analysis after routing.
======================================================================

######################################################################
                     Clock Summary 
======================================================================
Number of clocks: 12
Clock: CSync(0)_PAD         | Frequency: 107.1 MHz | Target:   0.1 MHz
Clock: CyBUS_CLK            | Frequency:  41.2 MHz | Target:  24.0 MHz
Clock: CyILO                | Frequency: N/A       | Target:   0.0 MHz
Clock: CyIMO                | Frequency: N/A       | Target:   3.0 MHz
Clock: CyMASTER_CLK         | Frequency: N/A       | Target:  24.0 MHz
Clock: CyPLL_OUT            | Frequency: N/A       | Target:  24.0 MHz
Clock: XBee_IntClock        | Frequency:  40.4 MHz | Target:   0.9 MHz
Clock: dark_clock           | Frequency:  35.7 MHz | Target:  12.0 MHz
Clock: dc_motor_clock       | Frequency:  59.7 MHz | Target:   8.0 MHz
Clock: hall_clock           | Frequency:  35.7 MHz | Target:   1.0 MHz
Clock: hall_clock_1         | Frequency:  35.7 MHz | Target:   0.0 MHz
Clock: servo_clock          | Frequency:  59.7 MHz | Target:   1.0 MHz

======================================================================
                     End of Clock Summary
######################################################################

D2088: Phase 6, elapsed time : 0.1 (sec)

Phase 7
######################################################################
                     Clock Summary 
======================================================================
Number of clocks: 12
Clock: CSync(0)_PAD         | Frequency:  74.6 MHz | Target:   0.1 MHz
Clock: CyBUS_CLK            | Frequency:   1.3 MHz | Target:  24.0 MHz
Clock: CyILO                | Frequency: N/A       | Target:   0.0 MHz
Clock: CyIMO                | Frequency: N/A       | Target:   3.0 MHz
Clock: CyMASTER_CLK         | Frequency: N/A       | Target:  24.0 MHz
Clock: CyPLL_OUT            | Frequency: N/A       | Target:  24.0 MHz
Clock: XBee_IntClock        | Frequency:   1.3 MHz | Target:   0.9 MHz
Clock: dark_clock           | Frequency:  35.7 MHz | Target:  12.0 MHz
Clock: dc_motor_clock       | Frequency:  59.7 MHz | Target:   8.0 MHz
Clock: hall_clock           | Frequency:  35.7 MHz | Target:   1.0 MHz
Clock: hall_clock_1         | Frequency:  35.7 MHz | Target:   0.0 MHz
Clock: servo_clock          | Frequency:  59.7 MHz | Target:   1.0 MHz

======================================================================
                     End of Clock Summary
######################################################################
D2088: Phase 7, elapsed time : 1.5 (sec)

Final Design Statistics
    Number of Combinational MCs 	:	17
    Number of Sequential MCs    	:	41
    Number of DPs               	:	19
    Number of Controls          	:	6
    Number of Status            	:	7
    Number of SyncCells         	:	0
    Number of count7cells       	:	1
    Number of IOs       	:	16

Device Utilization Summary
    Macrocells                  :	58/192
    IOs                         :	16/72



######################################################################
Placement Timing Summary

The timing summary is based on estimated routing delays after
placement. For final timing report, please carry out the timing
analysis after routing.
======================================================================


######################################################################
                     Clock Summary 
======================================================================
Number of clocks: 12
Clock: CSync(0)_PAD         | Frequency:  82.7 MHz | Target:   0.1 MHz
Clock: CyBUS_CLK            | Frequency:   1.4 MHz | Target:  24.0 MHz
Clock: CyILO                | Frequency: N/A       | Target:   0.0 MHz
Clock: CyIMO                | Frequency: N/A       | Target:   3.0 MHz
Clock: CyMASTER_CLK         | Frequency: N/A       | Target:  24.0 MHz
Clock: CyPLL_OUT            | Frequency: N/A       | Target:  24.0 MHz
Clock: XBee_IntClock        | Frequency:   1.4 MHz | Target:   0.9 MHz
Clock: dark_clock           | Frequency:  35.7 MHz | Target:  12.0 MHz
Clock: dc_motor_clock       | Frequency:  59.7 MHz | Target:   8.0 MHz
Clock: hall_clock           | Frequency:  35.7 MHz | Target:   1.0 MHz
Clock: hall_clock_1         | Frequency:  35.0 MHz | Target:   0.0 MHz
Clock: servo_clock          | Frequency:  59.7 MHz | Target:   1.0 MHz

======================================================================
                     End of Clock Summary
######################################################################

Phase 8
D2088: Phase 8, elapsed time : 0.0 (sec)

D2054: Placement of the design completed successfully

I2076: Total run-time: 2.5 sec.

