ARM GAS  C:\Users\ianh\AppData\Local\Temp\ccj4VD9G.s 			page 1


   1              		.syntax unified
   2              		.cpu cortex-m3
   3              		.fpu softvfp
   4              		.eabi_attribute 20, 1
   5              		.eabi_attribute 21, 1
   6              		.eabi_attribute 23, 3
   7              		.eabi_attribute 24, 1
   8              		.eabi_attribute 25, 1
   9              		.eabi_attribute 26, 1
  10              		.eabi_attribute 30, 1
  11              		.eabi_attribute 34, 1
  12              		.eabi_attribute 18, 4
  13              		.thumb
  14              		.syntax unified
  15              		.file	"lp_filter.c"
  16              		.text
  17              	.Ltext0:
  18              		.cfi_sections	.debug_frame
  19              		.section	.text.cmp,"ax",%progbits
  20              		.align	2
  21              		.global	cmp
  22              		.thumb
  23              		.thumb_func
  24              		.type	cmp, %function
  25              	cmp:
  26              	.LFB64:
  27              		.file 1 "lp_filter.c"
   1:lp_filter.c   **** /* ========================================
   2:lp_filter.c   ****  *
   3:lp_filter.c   ****  * Copyright YOUR COMPANY, THE YEAR
   4:lp_filter.c   ****  * All Rights Reserved
   5:lp_filter.c   ****  * UNPUBLISHED, LICENSED SOFTWARE.
   6:lp_filter.c   ****  *
   7:lp_filter.c   ****  * CONFIDENTIAL AND PROPRIETARY INFORMATION
   8:lp_filter.c   ****  * WHICH IS THE PROPERTY OF your company.
   9:lp_filter.c   ****  *
  10:lp_filter.c   ****  * ========================================
  11:lp_filter.c   **** */
  12:lp_filter.c   **** 
  13:lp_filter.c   **** #include "lp_filter.h"
  14:lp_filter.c   **** 
  15:lp_filter.c   **** void filterResize(volatile lpFilter *filter, int size) {
  16:lp_filter.c   ****     
  17:lp_filter.c   ****     // Filter size
  18:lp_filter.c   ****     filter->size = size;
  19:lp_filter.c   **** }
  20:lp_filter.c   **** 
  21:lp_filter.c   **** int cmp (const void * a, const void * b) {
  28              		.loc 1 21 0
  29              		.cfi_startproc
  30              		@ args = 0, pretend = 0, frame = 0
  31              		@ frame_needed = 0, uses_anonymous_args = 0
  32              		@ link register save eliminated.
  33              	.LVL0:
  22:lp_filter.c   ****    return ( *(int*)a - *(int*)b );
  34              		.loc 1 22 0
  35 0000 0068     		ldr	r0, [r0]
ARM GAS  C:\Users\ianh\AppData\Local\Temp\ccj4VD9G.s 			page 2


  36              	.LVL1:
  37 0002 0B68     		ldr	r3, [r1]
  23:lp_filter.c   **** }
  38              		.loc 1 23 0
  39 0004 C01A     		subs	r0, r0, r3
  40 0006 7047     		bx	lr
  41              		.cfi_endproc
  42              	.LFE64:
  43              		.size	cmp, .-cmp
  44              		.section	.text.filterResize,"ax",%progbits
  45              		.align	2
  46              		.global	filterResize
  47              		.thumb
  48              		.thumb_func
  49              		.type	filterResize, %function
  50              	filterResize:
  51              	.LFB63:
  15:lp_filter.c   ****     
  52              		.loc 1 15 0
  53              		.cfi_startproc
  54              		@ args = 0, pretend = 0, frame = 0
  55              		@ frame_needed = 0, uses_anonymous_args = 0
  56              		@ link register save eliminated.
  57              	.LVL2:
  18:lp_filter.c   **** }
  58              		.loc 1 18 0
  59 0000 C0F80012 		str	r1, [r0, #512]
  60 0004 7047     		bx	lr
  61              		.cfi_endproc
  62              	.LFE63:
  63              		.size	filterResize, .-filterResize
  64 0006 00BF     		.section	.text.filterPush,"ax",%progbits
  65              		.align	2
  66              		.global	filterPush
  67              		.thumb
  68              		.thumb_func
  69              		.type	filterPush, %function
  70              	filterPush:
  71              	.LFB65:
  24:lp_filter.c   **** 
  25:lp_filter.c   **** void filterPush(volatile lpFilter *filter, uint32 input) {
  72              		.loc 1 25 0
  73              		.cfi_startproc
  74              		@ args = 0, pretend = 0, frame = 0
  75              		@ frame_needed = 1, uses_anonymous_args = 0
  76              	.LVL3:
  77 0000 2DE9F041 		push	{r4, r5, r6, r7, r8, lr}
  78              		.cfi_def_cfa_offset 24
  79              		.cfi_offset 4, -24
  80              		.cfi_offset 5, -20
  81              		.cfi_offset 6, -16
  82              		.cfi_offset 7, -12
  83              		.cfi_offset 8, -8
  84              		.cfi_offset 14, -4
  85 0004 00AF     		add	r7, sp, #0
  86              		.cfi_def_cfa_register 7
  87 0006 0446     		mov	r4, r0
ARM GAS  C:\Users\ianh\AppData\Local\Temp\ccj4VD9G.s 			page 3


  26:lp_filter.c   ****     
  27:lp_filter.c   ****     // Get the filter size
  28:lp_filter.c   ****     int size = filter->size;
  88              		.loc 1 28 0
  89 0008 D0F80052 		ldr	r5, [r0, #512]
  90              	.LVL4:
  29:lp_filter.c   ****     
  30:lp_filter.c   ****     // Go to the next index
  31:lp_filter.c   ****     int currIdx = filter->idx;
  91              		.loc 1 31 0
  92 000c D0F80432 		ldr	r3, [r0, #516]
  93              	.LVL5:
  32:lp_filter.c   ****     int nextIdx = (currIdx + 1) % (size + 1);
  94              		.loc 1 32 0
  95 0010 581C     		adds	r0, r3, #1
  96              	.LVL6:
  97 0012 6A1C     		adds	r2, r5, #1
  98 0014 90FBF2F8 		sdiv	r8, r0, r2
  99 0018 02FB1808 		mls	r8, r2, r8, r0
 100              	.LVL7:
  33:lp_filter.c   ****     
  34:lp_filter.c   ****     // Update the value
  35:lp_filter.c   ****     (filter->buf)[currIdx] = input;
 101              		.loc 1 35 0
 102 001c 44F82310 		str	r1, [r4, r3, lsl #2]
  36:lp_filter.c   ****     
  37:lp_filter.c   ****     // Update the sum
  38:lp_filter.c   ****     filter->sum += (filter->buf)[currIdx];
 103              		.loc 1 38 0
 104 0020 54F82320 		ldr	r2, [r4, r3, lsl #2]
 105 0024 D4F80832 		ldr	r3, [r4, #520]
 106              	.LVL8:
 107 0028 1344     		add	r3, r3, r2
 108 002a C4F80832 		str	r3, [r4, #520]
  39:lp_filter.c   ****     filter->sum -= (filter->buf)[nextIdx];
 109              		.loc 1 39 0
 110 002e 54F82820 		ldr	r2, [r4, r8, lsl #2]
 111 0032 D4F80832 		ldr	r3, [r4, #520]
 112 0036 9B1A     		subs	r3, r3, r2
 113 0038 C4F80832 		str	r3, [r4, #520]
  40:lp_filter.c   ****     
  41:lp_filter.c   ****     // Update the average
  42:lp_filter.c   ****     filter->avg = (filter->sum) / (filter->size);
 114              		.loc 1 42 0
 115 003c D4F80832 		ldr	r3, [r4, #520]
 116 0040 D4F80022 		ldr	r2, [r4, #512]
 117 0044 B3FBF2F3 		udiv	r3, r3, r2
 118 0048 C4F80C32 		str	r3, [r4, #524]
 119              	.LVL9:
  43:lp_filter.c   ****     
  44:lp_filter.c   ****     // Update the median
  45:lp_filter.c   ****     uint32 aux[size];
 120              		.loc 1 45 0
 121 004c AB00     		lsls	r3, r5, #2
 122 004e 0A33     		adds	r3, r3, #10
 123 0050 23F00703 		bic	r3, r3, #7
 124 0054 ADEB030D 		sub	sp, sp, r3
ARM GAS  C:\Users\ianh\AppData\Local\Temp\ccj4VD9G.s 			page 4


 125 0058 6E46     		mov	r6, sp
 126              	.LVL10:
 127              	.LBB2:
  46:lp_filter.c   ****     for (int i=0; i<size; i++) {
 128              		.loc 1 46 0
 129 005a 0023     		movs	r3, #0
 130 005c 04E0     		b	.L4
 131              	.LVL11:
 132              	.L5:
  47:lp_filter.c   ****         aux[i] = (filter->buf)[i];
 133              		.loc 1 47 0 discriminator 3
 134 005e 54F82320 		ldr	r2, [r4, r3, lsl #2]
 135 0062 46F82320 		str	r2, [r6, r3, lsl #2]
  46:lp_filter.c   ****     for (int i=0; i<size; i++) {
 136              		.loc 1 46 0 discriminator 3
 137 0066 0133     		adds	r3, r3, #1
 138              	.LVL12:
 139              	.L4:
  46:lp_filter.c   ****     for (int i=0; i<size; i++) {
 140              		.loc 1 46 0 is_stmt 0 discriminator 1
 141 0068 AB42     		cmp	r3, r5
 142 006a F8DB     		blt	.L5
 143              	.LBE2:
  48:lp_filter.c   ****     }
  49:lp_filter.c   ****     qsort(aux, size, sizeof(aux[0]), cmp);
 144              		.loc 1 49 0 is_stmt 1
 145 006c 074B     		ldr	r3, .L7
 146              	.LVL13:
 147 006e 0422     		movs	r2, #4
 148 0070 2946     		mov	r1, r5
 149              	.LVL14:
 150 0072 3046     		mov	r0, r6
 151              	.LVL15:
 152 0074 FFF7FEFF 		bl	qsort
 153              	.LVL16:
  50:lp_filter.c   **** 
  51:lp_filter.c   ****     filter->median = aux[size>>1];
 154              		.loc 1 51 0
 155 0078 6D10     		asrs	r5, r5, #1
 156              	.LVL17:
 157 007a 56F82530 		ldr	r3, [r6, r5, lsl #2]
 158 007e C4F81032 		str	r3, [r4, #528]
  52:lp_filter.c   ****     
  53:lp_filter.c   ****     // Update the index
  54:lp_filter.c   ****     filter->idx = nextIdx;
 159              		.loc 1 54 0
 160 0082 C4F80482 		str	r8, [r4, #516]
  55:lp_filter.c   **** }
 161              		.loc 1 55 0
 162 0086 BD46     		mov	sp, r7
 163              		.cfi_def_cfa_register 13
 164              		@ sp needed
 165 0088 BDE8F081 		pop	{r4, r5, r6, r7, r8, pc}
 166              	.LVL18:
 167              	.L8:
 168              		.align	2
 169              	.L7:
ARM GAS  C:\Users\ianh\AppData\Local\Temp\ccj4VD9G.s 			page 5


 170 008c 00000000 		.word	cmp
 171              		.cfi_endproc
 172              	.LFE65:
 173              		.size	filterPush, .-filterPush
 174              		.text
 175              	.Letext0:
 176              		.file 2 "c:\\program files (x86)\\cypress\\psoc creator\\4.4\\psoc creator\\import\\gnu\\arm\\5.4.
 177              		.file 3 "c:\\program files (x86)\\cypress\\psoc creator\\4.4\\psoc creator\\import\\gnu\\arm\\5.4.
 178              		.file 4 "Generated_Source\\PSoC5/cytypes.h"
 179              		.file 5 "lp_filter.h"
 180              		.file 6 "Generated_Source\\PSoC5/core_cm3.h"
 181              		.file 7 "c:\\program files (x86)\\cypress\\psoc creator\\4.4\\psoc creator\\import\\gnu\\arm\\5.4.
 182              		.section	.debug_info,"",%progbits
 183              	.Ldebug_info0:
 184 0000 8E020000 		.4byte	0x28e
 185 0004 0400     		.2byte	0x4
 186 0006 00000000 		.4byte	.Ldebug_abbrev0
 187 000a 04       		.byte	0x4
 188 000b 01       		.uleb128 0x1
 189 000c 5C000000 		.4byte	.LASF26
 190 0010 0C       		.byte	0xc
 191 0011 74010000 		.4byte	.LASF27
 192 0015 00000000 		.4byte	.LASF28
 193 0019 00000000 		.4byte	.Ldebug_ranges0+0
 194 001d 00000000 		.4byte	0
 195 0021 00000000 		.4byte	.Ldebug_line0
 196 0025 02       		.uleb128 0x2
 197 0026 01       		.byte	0x1
 198 0027 06       		.byte	0x6
 199 0028 E7010000 		.4byte	.LASF0
 200 002c 02       		.uleb128 0x2
 201 002d 01       		.byte	0x1
 202 002e 08       		.byte	0x8
 203 002f 29010000 		.4byte	.LASF1
 204 0033 02       		.uleb128 0x2
 205 0034 02       		.byte	0x2
 206 0035 05       		.byte	0x5
 207 0036 B9010000 		.4byte	.LASF2
 208 003a 02       		.uleb128 0x2
 209 003b 02       		.byte	0x2
 210 003c 07       		.byte	0x7
 211 003d 02010000 		.4byte	.LASF3
 212 0041 03       		.uleb128 0x3
 213 0042 38000000 		.4byte	.LASF9
 214 0046 02       		.byte	0x2
 215 0047 3F       		.byte	0x3f
 216 0048 4C000000 		.4byte	0x4c
 217 004c 02       		.uleb128 0x2
 218 004d 04       		.byte	0x4
 219 004e 05       		.byte	0x5
 220 004f C3010000 		.4byte	.LASF4
 221 0053 02       		.uleb128 0x2
 222 0054 04       		.byte	0x4
 223 0055 07       		.byte	0x7
 224 0056 F0000000 		.4byte	.LASF5
 225 005a 02       		.uleb128 0x2
 226 005b 08       		.byte	0x8
ARM GAS  C:\Users\ianh\AppData\Local\Temp\ccj4VD9G.s 			page 6


 227 005c 05       		.byte	0x5
 228 005d A6010000 		.4byte	.LASF6
 229 0061 02       		.uleb128 0x2
 230 0062 08       		.byte	0x8
 231 0063 07       		.byte	0x7
 232 0064 5D010000 		.4byte	.LASF7
 233 0068 04       		.uleb128 0x4
 234 0069 04       		.byte	0x4
 235 006a 05       		.byte	0x5
 236 006b 696E7400 		.ascii	"int\000"
 237 006f 02       		.uleb128 0x2
 238 0070 04       		.byte	0x4
 239 0071 07       		.byte	0x7
 240 0072 50010000 		.4byte	.LASF8
 241 0076 03       		.uleb128 0x3
 242 0077 95010000 		.4byte	.LASF10
 243 007b 03       		.byte	0x3
 244 007c 2C       		.byte	0x2c
 245 007d 41000000 		.4byte	0x41
 246 0081 05       		.uleb128 0x5
 247 0082 3E010000 		.4byte	.LASF11
 248 0086 04       		.byte	0x4
 249 0087 EA01     		.2byte	0x1ea
 250 0089 53000000 		.4byte	0x53
 251 008d 02       		.uleb128 0x2
 252 008e 04       		.byte	0x4
 253 008f 04       		.byte	0x4
 254 0090 4B000000 		.4byte	.LASF12
 255 0094 02       		.uleb128 0x2
 256 0095 08       		.byte	0x8
 257 0096 04       		.byte	0x4
 258 0097 37010000 		.4byte	.LASF13
 259 009b 02       		.uleb128 0x2
 260 009c 01       		.byte	0x1
 261 009d 08       		.byte	0x8
 262 009e B4010000 		.4byte	.LASF14
 263 00a2 06       		.uleb128 0x6
 264 00a3 81000000 		.4byte	0x81
 265 00a7 02       		.uleb128 0x2
 266 00a8 08       		.byte	0x8
 267 00a9 04       		.byte	0x4
 268 00aa D4010000 		.4byte	.LASF15
 269 00ae 02       		.uleb128 0x2
 270 00af 04       		.byte	0x4
 271 00b0 07       		.byte	0x7
 272 00b1 9D010000 		.4byte	.LASF16
 273 00b5 07       		.uleb128 0x7
 274 00b6 04       		.byte	0x4
 275 00b7 BB000000 		.4byte	0xbb
 276 00bb 08       		.uleb128 0x8
 277 00bc 09       		.uleb128 0x9
 278 00bd 1402     		.2byte	0x214
 279 00bf 05       		.byte	0x5
 280 00c0 11       		.byte	0x11
 281 00c1 13010000 		.4byte	0x113
 282 00c5 0A       		.uleb128 0xa
 283 00c6 62756600 		.ascii	"buf\000"
ARM GAS  C:\Users\ianh\AppData\Local\Temp\ccj4VD9G.s 			page 7


 284 00ca 05       		.byte	0x5
 285 00cb 14       		.byte	0x14
 286 00cc 23010000 		.4byte	0x123
 287 00d0 00       		.byte	0
 288 00d1 0B       		.uleb128 0xb
 289 00d2 57000000 		.4byte	.LASF17
 290 00d6 05       		.byte	0x5
 291 00d7 15       		.byte	0x15
 292 00d8 28010000 		.4byte	0x128
 293 00dc 0002     		.2byte	0x200
 294 00de 0C       		.uleb128 0xc
 295 00df 69647800 		.ascii	"idx\000"
 296 00e3 05       		.byte	0x5
 297 00e4 16       		.byte	0x16
 298 00e5 28010000 		.4byte	0x128
 299 00e9 0402     		.2byte	0x204
 300 00eb 0C       		.uleb128 0xc
 301 00ec 73756D00 		.ascii	"sum\000"
 302 00f0 05       		.byte	0x5
 303 00f1 17       		.byte	0x17
 304 00f2 A2000000 		.4byte	0xa2
 305 00f6 0802     		.2byte	0x208
 306 00f8 0C       		.uleb128 0xc
 307 00f9 61766700 		.ascii	"avg\000"
 308 00fd 05       		.byte	0x5
 309 00fe 18       		.byte	0x18
 310 00ff A2000000 		.4byte	0xa2
 311 0103 0C02     		.2byte	0x20c
 312 0105 0B       		.uleb128 0xb
 313 0106 E0010000 		.4byte	.LASF18
 314 010a 05       		.byte	0x5
 315 010b 19       		.byte	0x19
 316 010c A2000000 		.4byte	0xa2
 317 0110 1002     		.2byte	0x210
 318 0112 00       		.byte	0
 319 0113 0D       		.uleb128 0xd
 320 0114 A2000000 		.4byte	0xa2
 321 0118 23010000 		.4byte	0x123
 322 011c 0E       		.uleb128 0xe
 323 011d AE000000 		.4byte	0xae
 324 0121 7F       		.byte	0x7f
 325 0122 00       		.byte	0
 326 0123 06       		.uleb128 0x6
 327 0124 13010000 		.4byte	0x113
 328 0128 06       		.uleb128 0x6
 329 0129 68000000 		.4byte	0x68
 330 012d 03       		.uleb128 0x3
 331 012e 42000000 		.4byte	.LASF19
 332 0132 05       		.byte	0x5
 333 0133 1B       		.byte	0x1b
 334 0134 BC000000 		.4byte	0xbc
 335 0138 0F       		.uleb128 0xf
 336 0139 636D7000 		.ascii	"cmp\000"
 337 013d 01       		.byte	0x1
 338 013e 15       		.byte	0x15
 339 013f 68000000 		.4byte	0x68
 340 0143 00000000 		.4byte	.LFB64
ARM GAS  C:\Users\ianh\AppData\Local\Temp\ccj4VD9G.s 			page 8


 341 0147 08000000 		.4byte	.LFE64-.LFB64
 342 014b 01       		.uleb128 0x1
 343 014c 9C       		.byte	0x9c
 344 014d 6A010000 		.4byte	0x16a
 345 0151 10       		.uleb128 0x10
 346 0152 6100     		.ascii	"a\000"
 347 0154 01       		.byte	0x1
 348 0155 15       		.byte	0x15
 349 0156 B5000000 		.4byte	0xb5
 350 015a 00000000 		.4byte	.LLST0
 351 015e 11       		.uleb128 0x11
 352 015f 6200     		.ascii	"b\000"
 353 0161 01       		.byte	0x1
 354 0162 15       		.byte	0x15
 355 0163 B5000000 		.4byte	0xb5
 356 0167 01       		.uleb128 0x1
 357 0168 51       		.byte	0x51
 358 0169 00       		.byte	0
 359 016a 12       		.uleb128 0x12
 360 016b 15010000 		.4byte	.LASF21
 361 016f 01       		.byte	0x1
 362 0170 0F       		.byte	0xf
 363 0171 00000000 		.4byte	.LFB63
 364 0175 06000000 		.4byte	.LFE63-.LFB63
 365 0179 01       		.uleb128 0x1
 366 017a 9C       		.byte	0x9c
 367 017b 9A010000 		.4byte	0x19a
 368 017f 13       		.uleb128 0x13
 369 0180 22010000 		.4byte	.LASF20
 370 0184 01       		.byte	0x1
 371 0185 0F       		.byte	0xf
 372 0186 9A010000 		.4byte	0x19a
 373 018a 01       		.uleb128 0x1
 374 018b 50       		.byte	0x50
 375 018c 13       		.uleb128 0x13
 376 018d 57000000 		.4byte	.LASF17
 377 0191 01       		.byte	0x1
 378 0192 0F       		.byte	0xf
 379 0193 68000000 		.4byte	0x68
 380 0197 01       		.uleb128 0x1
 381 0198 51       		.byte	0x51
 382 0199 00       		.byte	0
 383 019a 07       		.uleb128 0x7
 384 019b 04       		.byte	0x4
 385 019c A0010000 		.4byte	0x1a0
 386 01a0 06       		.uleb128 0x6
 387 01a1 2D010000 		.4byte	0x12d
 388 01a5 12       		.uleb128 0x12
 389 01a6 45010000 		.4byte	.LASF22
 390 01aa 01       		.byte	0x1
 391 01ab 19       		.byte	0x19
 392 01ac 00000000 		.4byte	.LFB65
 393 01b0 90000000 		.4byte	.LFE65-.LFB65
 394 01b4 01       		.uleb128 0x1
 395 01b5 9C       		.byte	0x9c
 396 01b6 5D020000 		.4byte	0x25d
 397 01ba 14       		.uleb128 0x14
ARM GAS  C:\Users\ianh\AppData\Local\Temp\ccj4VD9G.s 			page 9


 398 01bb 22010000 		.4byte	.LASF20
 399 01bf 01       		.byte	0x1
 400 01c0 19       		.byte	0x19
 401 01c1 9A010000 		.4byte	0x19a
 402 01c5 21000000 		.4byte	.LLST1
 403 01c9 14       		.uleb128 0x14
 404 01ca EA000000 		.4byte	.LASF23
 405 01ce 01       		.byte	0x1
 406 01cf 19       		.byte	0x19
 407 01d0 81000000 		.4byte	0x81
 408 01d4 4D000000 		.4byte	.LLST2
 409 01d8 15       		.uleb128 0x15
 410 01d9 57000000 		.4byte	.LASF17
 411 01dd 01       		.byte	0x1
 412 01de 1C       		.byte	0x1c
 413 01df 68000000 		.4byte	0x68
 414 01e3 6E000000 		.4byte	.LLST3
 415 01e7 15       		.uleb128 0x15
 416 01e8 CC010000 		.4byte	.LASF24
 417 01ec 01       		.byte	0x1
 418 01ed 1F       		.byte	0x1f
 419 01ee 68000000 		.4byte	0x68
 420 01f2 81000000 		.4byte	.LLST4
 421 01f6 15       		.uleb128 0x15
 422 01f7 80010000 		.4byte	.LASF25
 423 01fb 01       		.byte	0x1
 424 01fc 20       		.byte	0x20
 425 01fd 68000000 		.4byte	0x68
 426 0201 A1000000 		.4byte	.LLST5
 427 0205 16       		.uleb128 0x16
 428 0206 70020000 		.4byte	0x270
 429 020a C4000000 		.4byte	.LLST6
 430 020e 17       		.uleb128 0x17
 431 020f 61757800 		.ascii	"aux\000"
 432 0213 01       		.byte	0x1
 433 0214 2D       		.byte	0x2d
 434 0215 5D020000 		.4byte	0x25d
 435 0219 D9000000 		.4byte	.LLST7
 436 021d 18       		.uleb128 0x18
 437 021e 5A000000 		.4byte	.LBB2
 438 0222 12000000 		.4byte	.LBE2-.LBB2
 439 0226 38020000 		.4byte	0x238
 440 022a 17       		.uleb128 0x17
 441 022b 6900     		.ascii	"i\000"
 442 022d 01       		.byte	0x1
 443 022e 2E       		.byte	0x2e
 444 022f 68000000 		.4byte	0x68
 445 0233 ED000000 		.4byte	.LLST8
 446 0237 00       		.byte	0
 447 0238 19       		.uleb128 0x19
 448 0239 78000000 		.4byte	.LVL16
 449 023d 86020000 		.4byte	0x286
 450 0241 1A       		.uleb128 0x1a
 451 0242 01       		.uleb128 0x1
 452 0243 50       		.byte	0x50
 453 0244 02       		.uleb128 0x2
 454 0245 76       		.byte	0x76
ARM GAS  C:\Users\ianh\AppData\Local\Temp\ccj4VD9G.s 			page 10


 455 0246 00       		.sleb128 0
 456 0247 1A       		.uleb128 0x1a
 457 0248 01       		.uleb128 0x1
 458 0249 51       		.byte	0x51
 459 024a 02       		.uleb128 0x2
 460 024b 75       		.byte	0x75
 461 024c 00       		.sleb128 0
 462 024d 1A       		.uleb128 0x1a
 463 024e 01       		.uleb128 0x1
 464 024f 52       		.byte	0x52
 465 0250 01       		.uleb128 0x1
 466 0251 34       		.byte	0x34
 467 0252 1A       		.uleb128 0x1a
 468 0253 01       		.uleb128 0x1
 469 0254 53       		.byte	0x53
 470 0255 05       		.uleb128 0x5
 471 0256 03       		.byte	0x3
 472 0257 00000000 		.4byte	cmp
 473 025b 00       		.byte	0
 474 025c 00       		.byte	0
 475 025d 0D       		.uleb128 0xd
 476 025e 81000000 		.4byte	0x81
 477 0262 70020000 		.4byte	0x270
 478 0266 1B       		.uleb128 0x1b
 479 0267 AE000000 		.4byte	0xae
 480 026b 05020000 		.4byte	0x205
 481 026f 00       		.byte	0
 482 0270 1C       		.uleb128 0x1c
 483 0271 AE000000 		.4byte	0xae
 484 0275 1D       		.uleb128 0x1d
 485 0276 88010000 		.4byte	.LASF29
 486 027a 06       		.byte	0x6
 487 027b 1207     		.2byte	0x712
 488 027d 81020000 		.4byte	0x281
 489 0281 06       		.uleb128 0x6
 490 0282 76000000 		.4byte	0x76
 491 0286 1E       		.uleb128 0x1e
 492 0287 51000000 		.4byte	.LASF30
 493 028b 51000000 		.4byte	.LASF30
 494 028f 07       		.byte	0x7
 495 0290 87       		.byte	0x87
 496 0291 00       		.byte	0
 497              		.section	.debug_abbrev,"",%progbits
 498              	.Ldebug_abbrev0:
 499 0000 01       		.uleb128 0x1
 500 0001 11       		.uleb128 0x11
 501 0002 01       		.byte	0x1
 502 0003 25       		.uleb128 0x25
 503 0004 0E       		.uleb128 0xe
 504 0005 13       		.uleb128 0x13
 505 0006 0B       		.uleb128 0xb
 506 0007 03       		.uleb128 0x3
 507 0008 0E       		.uleb128 0xe
 508 0009 1B       		.uleb128 0x1b
 509 000a 0E       		.uleb128 0xe
 510 000b 55       		.uleb128 0x55
 511 000c 17       		.uleb128 0x17
ARM GAS  C:\Users\ianh\AppData\Local\Temp\ccj4VD9G.s 			page 11


 512 000d 11       		.uleb128 0x11
 513 000e 01       		.uleb128 0x1
 514 000f 10       		.uleb128 0x10
 515 0010 17       		.uleb128 0x17
 516 0011 00       		.byte	0
 517 0012 00       		.byte	0
 518 0013 02       		.uleb128 0x2
 519 0014 24       		.uleb128 0x24
 520 0015 00       		.byte	0
 521 0016 0B       		.uleb128 0xb
 522 0017 0B       		.uleb128 0xb
 523 0018 3E       		.uleb128 0x3e
 524 0019 0B       		.uleb128 0xb
 525 001a 03       		.uleb128 0x3
 526 001b 0E       		.uleb128 0xe
 527 001c 00       		.byte	0
 528 001d 00       		.byte	0
 529 001e 03       		.uleb128 0x3
 530 001f 16       		.uleb128 0x16
 531 0020 00       		.byte	0
 532 0021 03       		.uleb128 0x3
 533 0022 0E       		.uleb128 0xe
 534 0023 3A       		.uleb128 0x3a
 535 0024 0B       		.uleb128 0xb
 536 0025 3B       		.uleb128 0x3b
 537 0026 0B       		.uleb128 0xb
 538 0027 49       		.uleb128 0x49
 539 0028 13       		.uleb128 0x13
 540 0029 00       		.byte	0
 541 002a 00       		.byte	0
 542 002b 04       		.uleb128 0x4
 543 002c 24       		.uleb128 0x24
 544 002d 00       		.byte	0
 545 002e 0B       		.uleb128 0xb
 546 002f 0B       		.uleb128 0xb
 547 0030 3E       		.uleb128 0x3e
 548 0031 0B       		.uleb128 0xb
 549 0032 03       		.uleb128 0x3
 550 0033 08       		.uleb128 0x8
 551 0034 00       		.byte	0
 552 0035 00       		.byte	0
 553 0036 05       		.uleb128 0x5
 554 0037 16       		.uleb128 0x16
 555 0038 00       		.byte	0
 556 0039 03       		.uleb128 0x3
 557 003a 0E       		.uleb128 0xe
 558 003b 3A       		.uleb128 0x3a
 559 003c 0B       		.uleb128 0xb
 560 003d 3B       		.uleb128 0x3b
 561 003e 05       		.uleb128 0x5
 562 003f 49       		.uleb128 0x49
 563 0040 13       		.uleb128 0x13
 564 0041 00       		.byte	0
 565 0042 00       		.byte	0
 566 0043 06       		.uleb128 0x6
 567 0044 35       		.uleb128 0x35
 568 0045 00       		.byte	0
ARM GAS  C:\Users\ianh\AppData\Local\Temp\ccj4VD9G.s 			page 12


 569 0046 49       		.uleb128 0x49
 570 0047 13       		.uleb128 0x13
 571 0048 00       		.byte	0
 572 0049 00       		.byte	0
 573 004a 07       		.uleb128 0x7
 574 004b 0F       		.uleb128 0xf
 575 004c 00       		.byte	0
 576 004d 0B       		.uleb128 0xb
 577 004e 0B       		.uleb128 0xb
 578 004f 49       		.uleb128 0x49
 579 0050 13       		.uleb128 0x13
 580 0051 00       		.byte	0
 581 0052 00       		.byte	0
 582 0053 08       		.uleb128 0x8
 583 0054 26       		.uleb128 0x26
 584 0055 00       		.byte	0
 585 0056 00       		.byte	0
 586 0057 00       		.byte	0
 587 0058 09       		.uleb128 0x9
 588 0059 13       		.uleb128 0x13
 589 005a 01       		.byte	0x1
 590 005b 0B       		.uleb128 0xb
 591 005c 05       		.uleb128 0x5
 592 005d 3A       		.uleb128 0x3a
 593 005e 0B       		.uleb128 0xb
 594 005f 3B       		.uleb128 0x3b
 595 0060 0B       		.uleb128 0xb
 596 0061 01       		.uleb128 0x1
 597 0062 13       		.uleb128 0x13
 598 0063 00       		.byte	0
 599 0064 00       		.byte	0
 600 0065 0A       		.uleb128 0xa
 601 0066 0D       		.uleb128 0xd
 602 0067 00       		.byte	0
 603 0068 03       		.uleb128 0x3
 604 0069 08       		.uleb128 0x8
 605 006a 3A       		.uleb128 0x3a
 606 006b 0B       		.uleb128 0xb
 607 006c 3B       		.uleb128 0x3b
 608 006d 0B       		.uleb128 0xb
 609 006e 49       		.uleb128 0x49
 610 006f 13       		.uleb128 0x13
 611 0070 38       		.uleb128 0x38
 612 0071 0B       		.uleb128 0xb
 613 0072 00       		.byte	0
 614 0073 00       		.byte	0
 615 0074 0B       		.uleb128 0xb
 616 0075 0D       		.uleb128 0xd
 617 0076 00       		.byte	0
 618 0077 03       		.uleb128 0x3
 619 0078 0E       		.uleb128 0xe
 620 0079 3A       		.uleb128 0x3a
 621 007a 0B       		.uleb128 0xb
 622 007b 3B       		.uleb128 0x3b
 623 007c 0B       		.uleb128 0xb
 624 007d 49       		.uleb128 0x49
 625 007e 13       		.uleb128 0x13
ARM GAS  C:\Users\ianh\AppData\Local\Temp\ccj4VD9G.s 			page 13


 626 007f 38       		.uleb128 0x38
 627 0080 05       		.uleb128 0x5
 628 0081 00       		.byte	0
 629 0082 00       		.byte	0
 630 0083 0C       		.uleb128 0xc
 631 0084 0D       		.uleb128 0xd
 632 0085 00       		.byte	0
 633 0086 03       		.uleb128 0x3
 634 0087 08       		.uleb128 0x8
 635 0088 3A       		.uleb128 0x3a
 636 0089 0B       		.uleb128 0xb
 637 008a 3B       		.uleb128 0x3b
 638 008b 0B       		.uleb128 0xb
 639 008c 49       		.uleb128 0x49
 640 008d 13       		.uleb128 0x13
 641 008e 38       		.uleb128 0x38
 642 008f 05       		.uleb128 0x5
 643 0090 00       		.byte	0
 644 0091 00       		.byte	0
 645 0092 0D       		.uleb128 0xd
 646 0093 01       		.uleb128 0x1
 647 0094 01       		.byte	0x1
 648 0095 49       		.uleb128 0x49
 649 0096 13       		.uleb128 0x13
 650 0097 01       		.uleb128 0x1
 651 0098 13       		.uleb128 0x13
 652 0099 00       		.byte	0
 653 009a 00       		.byte	0
 654 009b 0E       		.uleb128 0xe
 655 009c 21       		.uleb128 0x21
 656 009d 00       		.byte	0
 657 009e 49       		.uleb128 0x49
 658 009f 13       		.uleb128 0x13
 659 00a0 2F       		.uleb128 0x2f
 660 00a1 0B       		.uleb128 0xb
 661 00a2 00       		.byte	0
 662 00a3 00       		.byte	0
 663 00a4 0F       		.uleb128 0xf
 664 00a5 2E       		.uleb128 0x2e
 665 00a6 01       		.byte	0x1
 666 00a7 3F       		.uleb128 0x3f
 667 00a8 19       		.uleb128 0x19
 668 00a9 03       		.uleb128 0x3
 669 00aa 08       		.uleb128 0x8
 670 00ab 3A       		.uleb128 0x3a
 671 00ac 0B       		.uleb128 0xb
 672 00ad 3B       		.uleb128 0x3b
 673 00ae 0B       		.uleb128 0xb
 674 00af 27       		.uleb128 0x27
 675 00b0 19       		.uleb128 0x19
 676 00b1 49       		.uleb128 0x49
 677 00b2 13       		.uleb128 0x13
 678 00b3 11       		.uleb128 0x11
 679 00b4 01       		.uleb128 0x1
 680 00b5 12       		.uleb128 0x12
 681 00b6 06       		.uleb128 0x6
 682 00b7 40       		.uleb128 0x40
ARM GAS  C:\Users\ianh\AppData\Local\Temp\ccj4VD9G.s 			page 14


 683 00b8 18       		.uleb128 0x18
 684 00b9 9742     		.uleb128 0x2117
 685 00bb 19       		.uleb128 0x19
 686 00bc 01       		.uleb128 0x1
 687 00bd 13       		.uleb128 0x13
 688 00be 00       		.byte	0
 689 00bf 00       		.byte	0
 690 00c0 10       		.uleb128 0x10
 691 00c1 05       		.uleb128 0x5
 692 00c2 00       		.byte	0
 693 00c3 03       		.uleb128 0x3
 694 00c4 08       		.uleb128 0x8
 695 00c5 3A       		.uleb128 0x3a
 696 00c6 0B       		.uleb128 0xb
 697 00c7 3B       		.uleb128 0x3b
 698 00c8 0B       		.uleb128 0xb
 699 00c9 49       		.uleb128 0x49
 700 00ca 13       		.uleb128 0x13
 701 00cb 02       		.uleb128 0x2
 702 00cc 17       		.uleb128 0x17
 703 00cd 00       		.byte	0
 704 00ce 00       		.byte	0
 705 00cf 11       		.uleb128 0x11
 706 00d0 05       		.uleb128 0x5
 707 00d1 00       		.byte	0
 708 00d2 03       		.uleb128 0x3
 709 00d3 08       		.uleb128 0x8
 710 00d4 3A       		.uleb128 0x3a
 711 00d5 0B       		.uleb128 0xb
 712 00d6 3B       		.uleb128 0x3b
 713 00d7 0B       		.uleb128 0xb
 714 00d8 49       		.uleb128 0x49
 715 00d9 13       		.uleb128 0x13
 716 00da 02       		.uleb128 0x2
 717 00db 18       		.uleb128 0x18
 718 00dc 00       		.byte	0
 719 00dd 00       		.byte	0
 720 00de 12       		.uleb128 0x12
 721 00df 2E       		.uleb128 0x2e
 722 00e0 01       		.byte	0x1
 723 00e1 3F       		.uleb128 0x3f
 724 00e2 19       		.uleb128 0x19
 725 00e3 03       		.uleb128 0x3
 726 00e4 0E       		.uleb128 0xe
 727 00e5 3A       		.uleb128 0x3a
 728 00e6 0B       		.uleb128 0xb
 729 00e7 3B       		.uleb128 0x3b
 730 00e8 0B       		.uleb128 0xb
 731 00e9 27       		.uleb128 0x27
 732 00ea 19       		.uleb128 0x19
 733 00eb 11       		.uleb128 0x11
 734 00ec 01       		.uleb128 0x1
 735 00ed 12       		.uleb128 0x12
 736 00ee 06       		.uleb128 0x6
 737 00ef 40       		.uleb128 0x40
 738 00f0 18       		.uleb128 0x18
 739 00f1 9742     		.uleb128 0x2117
ARM GAS  C:\Users\ianh\AppData\Local\Temp\ccj4VD9G.s 			page 15


 740 00f3 19       		.uleb128 0x19
 741 00f4 01       		.uleb128 0x1
 742 00f5 13       		.uleb128 0x13
 743 00f6 00       		.byte	0
 744 00f7 00       		.byte	0
 745 00f8 13       		.uleb128 0x13
 746 00f9 05       		.uleb128 0x5
 747 00fa 00       		.byte	0
 748 00fb 03       		.uleb128 0x3
 749 00fc 0E       		.uleb128 0xe
 750 00fd 3A       		.uleb128 0x3a
 751 00fe 0B       		.uleb128 0xb
 752 00ff 3B       		.uleb128 0x3b
 753 0100 0B       		.uleb128 0xb
 754 0101 49       		.uleb128 0x49
 755 0102 13       		.uleb128 0x13
 756 0103 02       		.uleb128 0x2
 757 0104 18       		.uleb128 0x18
 758 0105 00       		.byte	0
 759 0106 00       		.byte	0
 760 0107 14       		.uleb128 0x14
 761 0108 05       		.uleb128 0x5
 762 0109 00       		.byte	0
 763 010a 03       		.uleb128 0x3
 764 010b 0E       		.uleb128 0xe
 765 010c 3A       		.uleb128 0x3a
 766 010d 0B       		.uleb128 0xb
 767 010e 3B       		.uleb128 0x3b
 768 010f 0B       		.uleb128 0xb
 769 0110 49       		.uleb128 0x49
 770 0111 13       		.uleb128 0x13
 771 0112 02       		.uleb128 0x2
 772 0113 17       		.uleb128 0x17
 773 0114 00       		.byte	0
 774 0115 00       		.byte	0
 775 0116 15       		.uleb128 0x15
 776 0117 34       		.uleb128 0x34
 777 0118 00       		.byte	0
 778 0119 03       		.uleb128 0x3
 779 011a 0E       		.uleb128 0xe
 780 011b 3A       		.uleb128 0x3a
 781 011c 0B       		.uleb128 0xb
 782 011d 3B       		.uleb128 0x3b
 783 011e 0B       		.uleb128 0xb
 784 011f 49       		.uleb128 0x49
 785 0120 13       		.uleb128 0x13
 786 0121 02       		.uleb128 0x2
 787 0122 17       		.uleb128 0x17
 788 0123 00       		.byte	0
 789 0124 00       		.byte	0
 790 0125 16       		.uleb128 0x16
 791 0126 34       		.uleb128 0x34
 792 0127 00       		.byte	0
 793 0128 34       		.uleb128 0x34
 794 0129 19       		.uleb128 0x19
 795 012a 49       		.uleb128 0x49
 796 012b 13       		.uleb128 0x13
ARM GAS  C:\Users\ianh\AppData\Local\Temp\ccj4VD9G.s 			page 16


 797 012c 02       		.uleb128 0x2
 798 012d 17       		.uleb128 0x17
 799 012e 00       		.byte	0
 800 012f 00       		.byte	0
 801 0130 17       		.uleb128 0x17
 802 0131 34       		.uleb128 0x34
 803 0132 00       		.byte	0
 804 0133 03       		.uleb128 0x3
 805 0134 08       		.uleb128 0x8
 806 0135 3A       		.uleb128 0x3a
 807 0136 0B       		.uleb128 0xb
 808 0137 3B       		.uleb128 0x3b
 809 0138 0B       		.uleb128 0xb
 810 0139 49       		.uleb128 0x49
 811 013a 13       		.uleb128 0x13
 812 013b 02       		.uleb128 0x2
 813 013c 17       		.uleb128 0x17
 814 013d 00       		.byte	0
 815 013e 00       		.byte	0
 816 013f 18       		.uleb128 0x18
 817 0140 0B       		.uleb128 0xb
 818 0141 01       		.byte	0x1
 819 0142 11       		.uleb128 0x11
 820 0143 01       		.uleb128 0x1
 821 0144 12       		.uleb128 0x12
 822 0145 06       		.uleb128 0x6
 823 0146 01       		.uleb128 0x1
 824 0147 13       		.uleb128 0x13
 825 0148 00       		.byte	0
 826 0149 00       		.byte	0
 827 014a 19       		.uleb128 0x19
 828 014b 898201   		.uleb128 0x4109
 829 014e 01       		.byte	0x1
 830 014f 11       		.uleb128 0x11
 831 0150 01       		.uleb128 0x1
 832 0151 31       		.uleb128 0x31
 833 0152 13       		.uleb128 0x13
 834 0153 00       		.byte	0
 835 0154 00       		.byte	0
 836 0155 1A       		.uleb128 0x1a
 837 0156 8A8201   		.uleb128 0x410a
 838 0159 00       		.byte	0
 839 015a 02       		.uleb128 0x2
 840 015b 18       		.uleb128 0x18
 841 015c 9142     		.uleb128 0x2111
 842 015e 18       		.uleb128 0x18
 843 015f 00       		.byte	0
 844 0160 00       		.byte	0
 845 0161 1B       		.uleb128 0x1b
 846 0162 21       		.uleb128 0x21
 847 0163 00       		.byte	0
 848 0164 49       		.uleb128 0x49
 849 0165 13       		.uleb128 0x13
 850 0166 2F       		.uleb128 0x2f
 851 0167 13       		.uleb128 0x13
 852 0168 00       		.byte	0
 853 0169 00       		.byte	0
ARM GAS  C:\Users\ianh\AppData\Local\Temp\ccj4VD9G.s 			page 17


 854 016a 1C       		.uleb128 0x1c
 855 016b 26       		.uleb128 0x26
 856 016c 00       		.byte	0
 857 016d 49       		.uleb128 0x49
 858 016e 13       		.uleb128 0x13
 859 016f 00       		.byte	0
 860 0170 00       		.byte	0
 861 0171 1D       		.uleb128 0x1d
 862 0172 34       		.uleb128 0x34
 863 0173 00       		.byte	0
 864 0174 03       		.uleb128 0x3
 865 0175 0E       		.uleb128 0xe
 866 0176 3A       		.uleb128 0x3a
 867 0177 0B       		.uleb128 0xb
 868 0178 3B       		.uleb128 0x3b
 869 0179 05       		.uleb128 0x5
 870 017a 49       		.uleb128 0x49
 871 017b 13       		.uleb128 0x13
 872 017c 3F       		.uleb128 0x3f
 873 017d 19       		.uleb128 0x19
 874 017e 3C       		.uleb128 0x3c
 875 017f 19       		.uleb128 0x19
 876 0180 00       		.byte	0
 877 0181 00       		.byte	0
 878 0182 1E       		.uleb128 0x1e
 879 0183 2E       		.uleb128 0x2e
 880 0184 00       		.byte	0
 881 0185 3F       		.uleb128 0x3f
 882 0186 19       		.uleb128 0x19
 883 0187 3C       		.uleb128 0x3c
 884 0188 19       		.uleb128 0x19
 885 0189 6E       		.uleb128 0x6e
 886 018a 0E       		.uleb128 0xe
 887 018b 03       		.uleb128 0x3
 888 018c 0E       		.uleb128 0xe
 889 018d 3A       		.uleb128 0x3a
 890 018e 0B       		.uleb128 0xb
 891 018f 3B       		.uleb128 0x3b
 892 0190 0B       		.uleb128 0xb
 893 0191 00       		.byte	0
 894 0192 00       		.byte	0
 895 0193 00       		.byte	0
 896              		.section	.debug_loc,"",%progbits
 897              	.Ldebug_loc0:
 898              	.LLST0:
 899 0000 00000000 		.4byte	.LVL0
 900 0004 02000000 		.4byte	.LVL1
 901 0008 0100     		.2byte	0x1
 902 000a 50       		.byte	0x50
 903 000b 02000000 		.4byte	.LVL1
 904 000f 08000000 		.4byte	.LFE64
 905 0013 0400     		.2byte	0x4
 906 0015 F3       		.byte	0xf3
 907 0016 01       		.uleb128 0x1
 908 0017 50       		.byte	0x50
 909 0018 9F       		.byte	0x9f
 910 0019 00000000 		.4byte	0
ARM GAS  C:\Users\ianh\AppData\Local\Temp\ccj4VD9G.s 			page 18


 911 001d 00000000 		.4byte	0
 912              	.LLST1:
 913 0021 00000000 		.4byte	.LVL3
 914 0025 12000000 		.4byte	.LVL6
 915 0029 0100     		.2byte	0x1
 916 002b 50       		.byte	0x50
 917 002c 12000000 		.4byte	.LVL6
 918 0030 8C000000 		.4byte	.LVL18
 919 0034 0100     		.2byte	0x1
 920 0036 54       		.byte	0x54
 921 0037 8C000000 		.4byte	.LVL18
 922 003b 90000000 		.4byte	.LFE65
 923 003f 0400     		.2byte	0x4
 924 0041 F3       		.byte	0xf3
 925 0042 01       		.uleb128 0x1
 926 0043 50       		.byte	0x50
 927 0044 9F       		.byte	0x9f
 928 0045 00000000 		.4byte	0
 929 0049 00000000 		.4byte	0
 930              	.LLST2:
 931 004d 00000000 		.4byte	.LVL3
 932 0051 72000000 		.4byte	.LVL14
 933 0055 0100     		.2byte	0x1
 934 0057 51       		.byte	0x51
 935 0058 72000000 		.4byte	.LVL14
 936 005c 90000000 		.4byte	.LFE65
 937 0060 0400     		.2byte	0x4
 938 0062 F3       		.byte	0xf3
 939 0063 01       		.uleb128 0x1
 940 0064 51       		.byte	0x51
 941 0065 9F       		.byte	0x9f
 942 0066 00000000 		.4byte	0
 943 006a 00000000 		.4byte	0
 944              	.LLST3:
 945 006e 0C000000 		.4byte	.LVL4
 946 0072 7A000000 		.4byte	.LVL17
 947 0076 0100     		.2byte	0x1
 948 0078 55       		.byte	0x55
 949 0079 00000000 		.4byte	0
 950 007d 00000000 		.4byte	0
 951              	.LLST4:
 952 0081 10000000 		.4byte	.LVL5
 953 0085 28000000 		.4byte	.LVL8
 954 0089 0100     		.2byte	0x1
 955 008b 53       		.byte	0x53
 956 008c 28000000 		.4byte	.LVL8
 957 0090 74000000 		.4byte	.LVL15
 958 0094 0300     		.2byte	0x3
 959 0096 70       		.byte	0x70
 960 0097 7F       		.sleb128 -1
 961 0098 9F       		.byte	0x9f
 962 0099 00000000 		.4byte	0
 963 009d 00000000 		.4byte	0
 964              	.LLST5:
 965 00a1 1C000000 		.4byte	.LVL7
 966 00a5 8C000000 		.4byte	.LVL18
 967 00a9 0100     		.2byte	0x1
ARM GAS  C:\Users\ianh\AppData\Local\Temp\ccj4VD9G.s 			page 19


 968 00ab 58       		.byte	0x58
 969 00ac 8C000000 		.4byte	.LVL18
 970 00b0 90000000 		.4byte	.LFE65
 971 00b4 0600     		.2byte	0x6
 972 00b6 F3       		.byte	0xf3
 973 00b7 01       		.uleb128 0x1
 974 00b8 50       		.byte	0x50
 975 00b9 23       		.byte	0x23
 976 00ba 8404     		.uleb128 0x204
 977 00bc 00000000 		.4byte	0
 978 00c0 00000000 		.4byte	0
 979              	.LLST6:
 980 00c4 4C000000 		.4byte	.LVL9
 981 00c8 7A000000 		.4byte	.LVL17
 982 00cc 0300     		.2byte	0x3
 983 00ce 75       		.byte	0x75
 984 00cf 7F       		.sleb128 -1
 985 00d0 9F       		.byte	0x9f
 986 00d1 00000000 		.4byte	0
 987 00d5 00000000 		.4byte	0
 988              	.LLST7:
 989 00d9 5A000000 		.4byte	.LVL10
 990 00dd 8C000000 		.4byte	.LVL18
 991 00e1 0200     		.2byte	0x2
 992 00e3 76       		.byte	0x76
 993 00e4 00       		.sleb128 0
 994 00e5 00000000 		.4byte	0
 995 00e9 00000000 		.4byte	0
 996              	.LLST8:
 997 00ed 5A000000 		.4byte	.LVL10
 998 00f1 5E000000 		.4byte	.LVL11
 999 00f5 0200     		.2byte	0x2
 1000 00f7 30       		.byte	0x30
 1001 00f8 9F       		.byte	0x9f
 1002 00f9 5E000000 		.4byte	.LVL11
 1003 00fd 6E000000 		.4byte	.LVL13
 1004 0101 0100     		.2byte	0x1
 1005 0103 53       		.byte	0x53
 1006 0104 00000000 		.4byte	0
 1007 0108 00000000 		.4byte	0
 1008              		.section	.debug_aranges,"",%progbits
 1009 0000 2C000000 		.4byte	0x2c
 1010 0004 0200     		.2byte	0x2
 1011 0006 00000000 		.4byte	.Ldebug_info0
 1012 000a 04       		.byte	0x4
 1013 000b 00       		.byte	0
 1014 000c 0000     		.2byte	0
 1015 000e 0000     		.2byte	0
 1016 0010 00000000 		.4byte	.LFB64
 1017 0014 08000000 		.4byte	.LFE64-.LFB64
 1018 0018 00000000 		.4byte	.LFB63
 1019 001c 06000000 		.4byte	.LFE63-.LFB63
 1020 0020 00000000 		.4byte	.LFB65
 1021 0024 90000000 		.4byte	.LFE65-.LFB65
 1022 0028 00000000 		.4byte	0
 1023 002c 00000000 		.4byte	0
 1024              		.section	.debug_ranges,"",%progbits
ARM GAS  C:\Users\ianh\AppData\Local\Temp\ccj4VD9G.s 			page 20


 1025              	.Ldebug_ranges0:
 1026 0000 00000000 		.4byte	.LFB64
 1027 0004 08000000 		.4byte	.LFE64
 1028 0008 00000000 		.4byte	.LFB63
 1029 000c 06000000 		.4byte	.LFE63
 1030 0010 00000000 		.4byte	.LFB65
 1031 0014 90000000 		.4byte	.LFE65
 1032 0018 00000000 		.4byte	0
 1033 001c 00000000 		.4byte	0
 1034              		.section	.debug_line,"",%progbits
 1035              	.Ldebug_line0:
 1036 0000 28020000 		.section	.debug_str,"MS",%progbits,1
 1036      0200D401 
 1036      00000201 
 1036      FB0E0D00 
 1036      01010101 
 1037              	.LASF28:
 1038 0000 433A5C55 		.ascii	"C:\\Users\\ianh\\Documents\\Car Lab\\Navigation\\De"
 1038      73657273 
 1038      5C69616E 
 1038      685C446F 
 1038      63756D65 
 1039 002d 7369676E 		.ascii	"sign.cydsn\000"
 1039      2E637964 
 1039      736E00
 1040              	.LASF9:
 1041 0038 5F5F696E 		.ascii	"__int32_t\000"
 1041      7433325F 
 1041      7400
 1042              	.LASF19:
 1043 0042 6C704669 		.ascii	"lpFilter\000"
 1043      6C746572 
 1043      00
 1044              	.LASF12:
 1045 004b 666C6F61 		.ascii	"float\000"
 1045      7400
 1046              	.LASF30:
 1047 0051 71736F72 		.ascii	"qsort\000"
 1047      7400
 1048              	.LASF17:
 1049 0057 73697A65 		.ascii	"size\000"
 1049      00
 1050              	.LASF26:
 1051 005c 474E5520 		.ascii	"GNU C11 5.4.1 20160609 (release) [ARM/embedded-5-br"
 1051      43313120 
 1051      352E342E 
 1051      31203230 
 1051      31363036 
 1052 008f 616E6368 		.ascii	"anch revision 237715] -mcpu=cortex-m3 -mthumb -g -O"
 1052      20726576 
 1052      6973696F 
 1052      6E203233 
 1052      37373135 
 1053 00c2 67202D66 		.ascii	"g -ffunction-sections -ffat-lto-objects\000"
 1053      66756E63 
 1053      74696F6E 
 1053      2D736563 
ARM GAS  C:\Users\ianh\AppData\Local\Temp\ccj4VD9G.s 			page 21


 1053      74696F6E 
 1054              	.LASF23:
 1055 00ea 696E7075 		.ascii	"input\000"
 1055      7400
 1056              	.LASF5:
 1057 00f0 6C6F6E67 		.ascii	"long unsigned int\000"
 1057      20756E73 
 1057      69676E65 
 1057      6420696E 
 1057      7400
 1058              	.LASF3:
 1059 0102 73686F72 		.ascii	"short unsigned int\000"
 1059      7420756E 
 1059      7369676E 
 1059      65642069 
 1059      6E7400
 1060              	.LASF21:
 1061 0115 66696C74 		.ascii	"filterResize\000"
 1061      65725265 
 1061      73697A65 
 1061      00
 1062              	.LASF20:
 1063 0122 66696C74 		.ascii	"filter\000"
 1063      657200
 1064              	.LASF1:
 1065 0129 756E7369 		.ascii	"unsigned char\000"
 1065      676E6564 
 1065      20636861 
 1065      7200
 1066              	.LASF13:
 1067 0137 646F7562 		.ascii	"double\000"
 1067      6C6500
 1068              	.LASF11:
 1069 013e 75696E74 		.ascii	"uint32\000"
 1069      333200
 1070              	.LASF22:
 1071 0145 66696C74 		.ascii	"filterPush\000"
 1071      65725075 
 1071      736800
 1072              	.LASF8:
 1073 0150 756E7369 		.ascii	"unsigned int\000"
 1073      676E6564 
 1073      20696E74 
 1073      00
 1074              	.LASF7:
 1075 015d 6C6F6E67 		.ascii	"long long unsigned int\000"
 1075      206C6F6E 
 1075      6720756E 
 1075      7369676E 
 1075      65642069 
 1076              	.LASF27:
 1077 0174 6C705F66 		.ascii	"lp_filter.c\000"
 1077      696C7465 
 1077      722E6300 
 1078              	.LASF25:
 1079 0180 6E657874 		.ascii	"nextIdx\000"
 1079      49647800 
ARM GAS  C:\Users\ianh\AppData\Local\Temp\ccj4VD9G.s 			page 22


 1080              	.LASF29:
 1081 0188 49544D5F 		.ascii	"ITM_RxBuffer\000"
 1081      52784275 
 1081      66666572 
 1081      00
 1082              	.LASF10:
 1083 0195 696E7433 		.ascii	"int32_t\000"
 1083      325F7400 
 1084              	.LASF16:
 1085 019d 73697A65 		.ascii	"sizetype\000"
 1085      74797065 
 1085      00
 1086              	.LASF6:
 1087 01a6 6C6F6E67 		.ascii	"long long int\000"
 1087      206C6F6E 
 1087      6720696E 
 1087      7400
 1088              	.LASF14:
 1089 01b4 63686172 		.ascii	"char\000"
 1089      00
 1090              	.LASF2:
 1091 01b9 73686F72 		.ascii	"short int\000"
 1091      7420696E 
 1091      7400
 1092              	.LASF4:
 1093 01c3 6C6F6E67 		.ascii	"long int\000"
 1093      20696E74 
 1093      00
 1094              	.LASF24:
 1095 01cc 63757272 		.ascii	"currIdx\000"
 1095      49647800 
 1096              	.LASF15:
 1097 01d4 6C6F6E67 		.ascii	"long double\000"
 1097      20646F75 
 1097      626C6500 
 1098              	.LASF18:
 1099 01e0 6D656469 		.ascii	"median\000"
 1099      616E00
 1100              	.LASF0:
 1101 01e7 7369676E 		.ascii	"signed char\000"
 1101      65642063 
 1101      68617200 
 1102              		.ident	"GCC: (GNU Tools for ARM Embedded Processors) 5.4.1 20160609 (release) [ARM/embedded-5-bran
