ARM GAS  C:\Users\ianh\AppData\Local\Temp\ccAkl1Ct.s 			page 1


   1              		.syntax unified
   2              		.cpu cortex-m3
   3              		.fpu softvfp
   4              		.eabi_attribute 20, 1
   5              		.eabi_attribute 21, 1
   6              		.eabi_attribute 23, 3
   7              		.eabi_attribute 24, 1
   8              		.eabi_attribute 25, 1
   9              		.eabi_attribute 26, 1
  10              		.eabi_attribute 30, 1
  11              		.eabi_attribute 34, 1
  12              		.eabi_attribute 18, 4
  13              		.thumb
  14              		.syntax unified
  15              		.file	"main.c"
  16              		.text
  17              	.Ltext0:
  18              		.cfi_sections	.debug_frame
  19              		.section	.text.frame_int,"ax",%progbits
  20              		.align	2
  21              		.global	frame_int
  22              		.thumb
  23              		.thumb_func
  24              		.type	frame_int, %function
  25              	frame_int:
  26              	.LFB64:
  27              		.file 1 "main.c"
   1:main.c        **** /* ========================================
   2:main.c        ****  *
   3:main.c        ****  * Copyright YOUR COMPANY, THE YEAR
   4:main.c        ****  * All Rights Reserved
   5:main.c        ****  * UNPUBLISHED, LICENSED SOFTWARE.
   6:main.c        ****  *
   7:main.c        ****  * CONFIDENTIAL AND PROPRIETARY INFORMATION
   8:main.c        ****  * WHICH IS THE PROPERTY OF your company.
   9:main.c        ****  *
  10:main.c        ****  * ========================================
  11:main.c        **** */
  12:main.c        **** #include "project.h"
  13:main.c        **** #include "lcd_functions.h"
  14:main.c        **** #include <stdio.h>
  15:main.c        **** 
  16:main.c        **** // #define ROW_INT
  17:main.c        **** #define TARGET_INT
  18:main.c        **** 
  19:main.c        **** volatile int numFrames = 0;
  20:main.c        **** volatile int numRows = 0;
  21:main.c        **** 
  22:main.c        **** // Camera frame interrupt
  23:main.c        **** CY_ISR(frame_int) {
  28              		.loc 1 23 0
  29              		.cfi_startproc
  30              		@ args = 0, pretend = 0, frame = 0
  31              		@ frame_needed = 0, uses_anonymous_args = 0
  32              		@ link register save eliminated.
  24:main.c        ****     ++numFrames;
  33              		.loc 1 24 0
ARM GAS  C:\Users\ianh\AppData\Local\Temp\ccAkl1Ct.s 			page 2


  34 0000 034B     		ldr	r3, .L2
  35 0002 1A68     		ldr	r2, [r3]
  36 0004 0132     		adds	r2, r2, #1
  37 0006 1A60     		str	r2, [r3]
  25:main.c        ****     
  26:main.c        ****     //char buf[128];
  27:main.c        ****     //sprintf(buf, "%-10d %-10d\r\n", numFrames, numRows);
  28:main.c        ****     //XBee_PutString(buf);
  29:main.c        ****     
  30:main.c        ****     numRows = 0;
  38              		.loc 1 30 0
  39 0008 0022     		movs	r2, #0
  40 000a 5A60     		str	r2, [r3, #4]
  41 000c 7047     		bx	lr
  42              	.L3:
  43 000e 00BF     		.align	2
  44              	.L2:
  45 0010 00000000 		.word	.LANCHOR0
  46              		.cfi_endproc
  47              	.LFE64:
  48              		.size	frame_int, .-frame_int
  49              		.section	.text.target_int,"ax",%progbits
  50              		.align	2
  51              		.global	target_int
  52              		.thumb
  53              		.thumb_func
  54              		.type	target_int, %function
  55              	target_int:
  56              	.LFB65:
  31:main.c        **** }
  32:main.c        **** 
  33:main.c        **** // Row interrupt
  34:main.c        **** #ifdef ROW_INT
  35:main.c        **** CY_ISR(row_int) {
  36:main.c        ****     ++numRows;
  37:main.c        **** }
  38:main.c        **** #endif
  39:main.c        **** 
  40:main.c        **** // Target interrupt
  41:main.c        **** #ifdef TARGET_INT
  42:main.c        **** CY_ISR(target_int) {
  57              		.loc 1 42 0
  58              		.cfi_startproc
  59              		@ args = 0, pretend = 0, frame = 0
  60              		@ frame_needed = 0, uses_anonymous_args = 0
  61 0000 08B5     		push	{r3, lr}
  62              		.cfi_def_cfa_offset 8
  63              		.cfi_offset 3, -8
  64              		.cfi_offset 14, -4
  43:main.c        ****     
  44:main.c        ****     Dark_Timer_ReadStatusRegister();
  65              		.loc 1 44 0
  66 0002 FFF7FEFF 		bl	Dark_Timer_ReadStatusRegister
  67              	.LVL0:
  68 0006 08BD     		pop	{r3, pc}
  69              		.cfi_endproc
  70              	.LFE65:
ARM GAS  C:\Users\ianh\AppData\Local\Temp\ccAkl1Ct.s 			page 3


  71              		.size	target_int, .-target_int
  72              		.section	.text.dark_int,"ax",%progbits
  73              		.align	2
  74              		.global	dark_int
  75              		.thumb
  76              		.thumb_func
  77              		.type	dark_int, %function
  78              	dark_int:
  79              	.LFB66:
  45:main.c        ****     //XBee_PutString(".\r\n");
  46:main.c        **** }
  47:main.c        **** #endif
  48:main.c        **** 
  49:main.c        **** // Dark (falling edge of comparator) interrupt
  50:main.c        **** CY_ISR(dark_int) {
  80              		.loc 1 50 0
  81              		.cfi_startproc
  82              		@ args = 0, pretend = 0, frame = 128
  83              		@ frame_needed = 0, uses_anonymous_args = 0
  84 0000 00B5     		push	{lr}
  85              		.cfi_def_cfa_offset 4
  86              		.cfi_offset 14, -4
  87 0002 A1B0     		sub	sp, sp, #132
  88              		.cfi_def_cfa_offset 136
  51:main.c        ****     
  52:main.c        ****     uint32 timeElapsed = 0-1-Dark_Timer_ReadCapture();
  89              		.loc 1 52 0
  90 0004 FFF7FEFF 		bl	Dark_Timer_ReadCapture
  91              	.LVL1:
  92 0008 C343     		mvns	r3, r0
  93              	.LVL2:
  53:main.c        ****     if (timeElapsed > 1000000) {
  94              		.loc 1 53 0
  95 000a 074A     		ldr	r2, .L10
  96 000c 9342     		cmp	r3, r2
  97 000e 08D8     		bhi	.L6
  54:main.c        ****         return;
  55:main.c        ****     }
  56:main.c        ****     char buf[128];
  57:main.c        ****     sprintf(buf, "%-10d %-20lu\r\n", numFrames, timeElapsed);
  98              		.loc 1 57 0
  99 0010 064A     		ldr	r2, .L10+4
 100 0012 1268     		ldr	r2, [r2]
 101 0014 0649     		ldr	r1, .L10+8
 102 0016 6846     		mov	r0, sp
 103 0018 FFF7FEFF 		bl	sprintf
 104              	.LVL3:
  58:main.c        ****     XBee_PutString(buf);
 105              		.loc 1 58 0
 106 001c 6846     		mov	r0, sp
 107 001e FFF7FEFF 		bl	XBee_PutString
 108              	.LVL4:
 109              	.L6:
  59:main.c        **** }
 110              		.loc 1 59 0
 111 0022 21B0     		add	sp, sp, #132
 112              		.cfi_def_cfa_offset 4
ARM GAS  C:\Users\ianh\AppData\Local\Temp\ccAkl1Ct.s 			page 4


 113              		@ sp needed
 114 0024 5DF804FB 		ldr	pc, [sp], #4
 115              	.L11:
 116              		.align	2
 117              	.L10:
 118 0028 40420F00 		.word	1000000
 119 002c 00000000 		.word	.LANCHOR0
 120 0030 00000000 		.word	.LC0
 121              		.cfi_endproc
 122              	.LFE66:
 123              		.size	dark_int, .-dark_int
 124              		.section	.text.main,"ax",%progbits
 125              		.align	2
 126              		.global	main
 127              		.thumb
 128              		.thumb_func
 129              		.type	main, %function
 130              	main:
 131              	.LFB67:
  60:main.c        **** 
  61:main.c        **** 
  62:main.c        **** int main(void)
  63:main.c        **** {
 132              		.loc 1 63 0
 133              		.cfi_startproc
 134              		@ Volatile: function does not return.
 135              		@ args = 0, pretend = 0, frame = 0
 136              		@ frame_needed = 0, uses_anonymous_args = 0
 137 0000 08B5     		push	{r3, lr}
 138              		.cfi_def_cfa_offset 8
 139              		.cfi_offset 3, -8
 140              		.cfi_offset 14, -4
  64:main.c        ****     CyGlobalIntEnable; /* Enable global interrupts. */
 141              		.loc 1 64 0
 142              		.syntax unified
 143              	@ 64 "main.c" 1
 144 0002 62B6     		CPSIE   i
 145              	@ 0 "" 2
  65:main.c        **** 
  66:main.c        ****     // Start the LCD
  67:main.c        ****     initLCD();
 146              		.loc 1 67 0
 147              		.thumb
 148              		.syntax unified
 149 0004 FFF7FEFF 		bl	initLCD
 150              	.LVL5:
  68:main.c        ****     
  69:main.c        ****     XBee_Start();
 151              		.loc 1 69 0
 152 0008 FFF7FEFF 		bl	XBee_Start
 153              	.LVL6:
  70:main.c        ****     XBee_PutString("Start!\r\n");
 154              		.loc 1 70 0
 155 000c 0C48     		ldr	r0, .L15
 156 000e FFF7FEFF 		bl	XBee_PutString
 157              	.LVL7:
  71:main.c        ****     
ARM GAS  C:\Users\ianh\AppData\Local\Temp\ccAkl1Ct.s 			page 5


  72:main.c        ****     // Frame interrupt
  73:main.c        ****     Frame_Interrupt_Start();
 158              		.loc 1 73 0
 159 0012 FFF7FEFF 		bl	Frame_Interrupt_Start
 160              	.LVL8:
  74:main.c        ****     Frame_Interrupt_SetVector(frame_int);
 161              		.loc 1 74 0
 162 0016 0B48     		ldr	r0, .L15+4
 163 0018 FFF7FEFF 		bl	Frame_Interrupt_SetVector
 164              	.LVL9:
  75:main.c        ****     
  76:main.c        ****     // Dark interrupt
  77:main.c        ****     Analog_CMP_Start();
 165              		.loc 1 77 0
 166 001c FFF7FEFF 		bl	Analog_CMP_Start
 167              	.LVL10:
  78:main.c        ****     Reference_Start();
 168              		.loc 1 78 0
 169 0020 FFF7FEFF 		bl	Reference_Start
 170              	.LVL11:
  79:main.c        ****     Dark_Timer_Start();
 171              		.loc 1 79 0
 172 0024 FFF7FEFF 		bl	Dark_Timer_Start
 173              	.LVL12:
  80:main.c        ****     Dark_Interrupt_Start();
 174              		.loc 1 80 0
 175 0028 FFF7FEFF 		bl	Dark_Interrupt_Start
 176              	.LVL13:
  81:main.c        ****     Dark_Interrupt_SetVector(dark_int);
 177              		.loc 1 81 0
 178 002c 0648     		ldr	r0, .L15+8
 179 002e FFF7FEFF 		bl	Dark_Interrupt_SetVector
 180              	.LVL14:
  82:main.c        ****     
  83:main.c        ****     // Counter start
  84:main.c        ****     // Row_Counter_Start();
  85:main.c        ****     
  86:main.c        ****     // Target row interrupt
  87:main.c        ****     #ifdef TARGET_INT
  88:main.c        ****     Target_Interrupt_Start();
 181              		.loc 1 88 0
 182 0032 FFF7FEFF 		bl	Target_Interrupt_Start
 183              	.LVL15:
  89:main.c        ****     Target_Interrupt_SetVector(target_int);
 184              		.loc 1 89 0
 185 0036 0548     		ldr	r0, .L15+12
 186 0038 FFF7FEFF 		bl	Target_Interrupt_SetVector
 187              	.LVL16:
 188              	.L13:
 189 003c FEE7     		b	.L13
 190              	.L16:
 191 003e 00BF     		.align	2
 192              	.L15:
 193 0040 10000000 		.word	.LC1
 194 0044 00000000 		.word	frame_int
 195 0048 00000000 		.word	dark_int
 196 004c 00000000 		.word	target_int
ARM GAS  C:\Users\ianh\AppData\Local\Temp\ccAkl1Ct.s 			page 6


 197              		.cfi_endproc
 198              	.LFE67:
 199              		.size	main, .-main
 200              		.global	numRows
 201              		.global	numFrames
 202              		.section	.rodata.str1.4,"aMS",%progbits,1
 203              		.align	2
 204              	.LC0:
 205 0000 252D3130 		.ascii	"%-10d %-20lu\015\012\000"
 205      6420252D 
 205      32306C75 
 205      0D0A00
 206 000f 00       		.space	1
 207              	.LC1:
 208 0010 53746172 		.ascii	"Start!\015\012\000"
 208      74210D0A 
 208      00
 209              		.bss
 210              		.align	2
 211              		.set	.LANCHOR0,. + 0
 212              		.type	numFrames, %object
 213              		.size	numFrames, 4
 214              	numFrames:
 215 0000 00000000 		.space	4
 216              		.type	numRows, %object
 217              		.size	numRows, 4
 218              	numRows:
 219 0004 00000000 		.space	4
 220              		.text
 221              	.Letext0:
 222              		.file 2 "c:\\program files (x86)\\cypress\\psoc creator\\4.4\\psoc creator\\import\\gnu\\arm\\5.4.
 223              		.file 3 "c:\\program files (x86)\\cypress\\psoc creator\\4.4\\psoc creator\\import\\gnu\\arm\\5.4.
 224              		.file 4 "Generated_Source\\PSoC5/cytypes.h"
 225              		.file 5 "Generated_Source\\PSoC5/core_cm3.h"
 226              		.file 6 "Generated_Source\\PSoC5/Dark_Timer.h"
 227              		.file 7 "c:\\program files (x86)\\cypress\\psoc creator\\4.4\\psoc creator\\import\\gnu\\arm\\5.4.
 228              		.file 8 "Generated_Source\\PSoC5/XBee.h"
 229              		.file 9 "lcd_functions.h"
 230              		.file 10 "Generated_Source\\PSoC5/Frame_Interrupt.h"
 231              		.file 11 "Generated_Source\\PSoC5/Analog_CMP.h"
 232              		.file 12 "Generated_Source\\PSoC5/Reference.h"
 233              		.file 13 "Generated_Source\\PSoC5/Dark_Interrupt.h"
 234              		.file 14 "Generated_Source\\PSoC5/Target_Interrupt.h"
 235              		.section	.debug_info,"",%progbits
 236              	.Ldebug_info0:
 237 0000 EE020000 		.4byte	0x2ee
 238 0004 0400     		.2byte	0x4
 239 0006 00000000 		.4byte	.Ldebug_abbrev0
 240 000a 04       		.byte	0x4
 241 000b 01       		.uleb128 0x1
 242 000c 7E000000 		.4byte	.LASF38
 243 0010 0C       		.byte	0xc
 244 0011 71020000 		.4byte	.LASF39
 245 0015 0C010000 		.4byte	.LASF40
 246 0019 00000000 		.4byte	.Ldebug_ranges0+0
 247 001d 00000000 		.4byte	0
 248 0021 00000000 		.4byte	.Ldebug_line0
ARM GAS  C:\Users\ianh\AppData\Local\Temp\ccAkl1Ct.s 			page 7


 249 0025 02       		.uleb128 0x2
 250 0026 01       		.byte	0x1
 251 0027 06       		.byte	0x6
 252 0028 E5020000 		.4byte	.LASF0
 253 002c 02       		.uleb128 0x2
 254 002d 01       		.byte	0x1
 255 002e 08       		.byte	0x8
 256 002f 70000000 		.4byte	.LASF1
 257 0033 02       		.uleb128 0x2
 258 0034 02       		.byte	0x2
 259 0035 05       		.byte	0x5
 260 0036 A3020000 		.4byte	.LASF2
 261 003a 02       		.uleb128 0x2
 262 003b 02       		.byte	0x2
 263 003c 07       		.byte	0x7
 264 003d 66010000 		.4byte	.LASF3
 265 0041 03       		.uleb128 0x3
 266 0042 0F000000 		.4byte	.LASF9
 267 0046 02       		.byte	0x2
 268 0047 3F       		.byte	0x3f
 269 0048 4C000000 		.4byte	0x4c
 270 004c 02       		.uleb128 0x2
 271 004d 04       		.byte	0x4
 272 004e 05       		.byte	0x5
 273 004f C6020000 		.4byte	.LASF4
 274 0053 02       		.uleb128 0x2
 275 0054 04       		.byte	0x4
 276 0055 07       		.byte	0x7
 277 0056 A9010000 		.4byte	.LASF5
 278 005a 02       		.uleb128 0x2
 279 005b 08       		.byte	0x8
 280 005c 05       		.byte	0x5
 281 005d 63020000 		.4byte	.LASF6
 282 0061 02       		.uleb128 0x2
 283 0062 08       		.byte	0x8
 284 0063 07       		.byte	0x7
 285 0064 0C020000 		.4byte	.LASF7
 286 0068 04       		.uleb128 0x4
 287 0069 04       		.byte	0x4
 288 006a 05       		.byte	0x5
 289 006b 696E7400 		.ascii	"int\000"
 290 006f 02       		.uleb128 0x2
 291 0070 04       		.byte	0x4
 292 0071 07       		.byte	0x7
 293 0072 FF010000 		.4byte	.LASF8
 294 0076 03       		.uleb128 0x3
 295 0077 46000000 		.4byte	.LASF10
 296 007b 03       		.byte	0x3
 297 007c 2C       		.byte	0x2c
 298 007d 41000000 		.4byte	0x41
 299 0081 05       		.uleb128 0x5
 300 0082 E1010000 		.4byte	.LASF11
 301 0086 04       		.byte	0x4
 302 0087 EA01     		.2byte	0x1ea
 303 0089 53000000 		.4byte	0x53
 304 008d 02       		.uleb128 0x2
 305 008e 04       		.byte	0x4
ARM GAS  C:\Users\ianh\AppData\Local\Temp\ccAkl1Ct.s 			page 8


 306 008f 04       		.byte	0x4
 307 0090 59000000 		.4byte	.LASF12
 308 0094 02       		.uleb128 0x2
 309 0095 08       		.byte	0x8
 310 0096 04       		.byte	0x4
 311 0097 34000000 		.4byte	.LASF13
 312 009b 02       		.uleb128 0x2
 313 009c 01       		.byte	0x1
 314 009d 08       		.byte	0x8
 315 009e 78020000 		.4byte	.LASF14
 316 00a2 02       		.uleb128 0x2
 317 00a3 08       		.byte	0x8
 318 00a4 04       		.byte	0x4
 319 00a5 4E020000 		.4byte	.LASF15
 320 00a9 02       		.uleb128 0x2
 321 00aa 04       		.byte	0x4
 322 00ab 07       		.byte	0x7
 323 00ac 5A020000 		.4byte	.LASF16
 324 00b0 06       		.uleb128 0x6
 325 00b1 F9020000 		.4byte	.LASF41
 326 00b5 01       		.byte	0x1
 327 00b6 17       		.byte	0x17
 328 00b7 00000000 		.4byte	.LFB64
 329 00bb 14000000 		.4byte	.LFE64-.LFB64
 330 00bf 01       		.uleb128 0x1
 331 00c0 9C       		.byte	0x9c
 332 00c1 07       		.uleb128 0x7
 333 00c2 3B000000 		.4byte	.LASF17
 334 00c6 01       		.byte	0x1
 335 00c7 2A       		.byte	0x2a
 336 00c8 00000000 		.4byte	.LFB65
 337 00cc 08000000 		.4byte	.LFE65-.LFB65
 338 00d0 01       		.uleb128 0x1
 339 00d1 9C       		.byte	0x9c
 340 00d2 E0000000 		.4byte	0xe0
 341 00d6 08       		.uleb128 0x8
 342 00d7 06000000 		.4byte	.LVL0
 343 00db 4C020000 		.4byte	0x24c
 344 00df 00       		.byte	0
 345 00e0 07       		.uleb128 0x7
 346 00e1 BD020000 		.4byte	.LASF18
 347 00e5 01       		.byte	0x1
 348 00e6 32       		.byte	0x32
 349 00e7 00000000 		.4byte	.LFB66
 350 00eb 34000000 		.4byte	.LFE66-.LFB66
 351 00ef 01       		.uleb128 0x1
 352 00f0 9C       		.byte	0x9c
 353 00f1 4A010000 		.4byte	0x14a
 354 00f5 09       		.uleb128 0x9
 355 00f6 7D020000 		.4byte	.LASF19
 356 00fa 01       		.byte	0x1
 357 00fb 34       		.byte	0x34
 358 00fc 81000000 		.4byte	0x81
 359 0100 00000000 		.4byte	.LLST0
 360 0104 0A       		.uleb128 0xa
 361 0105 62756600 		.ascii	"buf\000"
 362 0109 01       		.byte	0x1
ARM GAS  C:\Users\ianh\AppData\Local\Temp\ccAkl1Ct.s 			page 9


 363 010a 38       		.byte	0x38
 364 010b 4A010000 		.4byte	0x14a
 365 010f 03       		.uleb128 0x3
 366 0110 91       		.byte	0x91
 367 0111 F87E     		.sleb128 -136
 368 0113 08       		.uleb128 0x8
 369 0114 08000000 		.4byte	.LVL1
 370 0118 57020000 		.4byte	0x257
 371 011c 0B       		.uleb128 0xb
 372 011d 1C000000 		.4byte	.LVL3
 373 0121 62020000 		.4byte	0x262
 374 0125 39010000 		.4byte	0x139
 375 0129 0C       		.uleb128 0xc
 376 012a 01       		.uleb128 0x1
 377 012b 50       		.byte	0x50
 378 012c 02       		.uleb128 0x2
 379 012d 7D       		.byte	0x7d
 380 012e 00       		.sleb128 0
 381 012f 0C       		.uleb128 0xc
 382 0130 01       		.uleb128 0x1
 383 0131 51       		.byte	0x51
 384 0132 05       		.uleb128 0x5
 385 0133 03       		.byte	0x3
 386 0134 00000000 		.4byte	.LC0
 387 0138 00       		.byte	0
 388 0139 0D       		.uleb128 0xd
 389 013a 22000000 		.4byte	.LVL4
 390 013e 6D020000 		.4byte	0x26d
 391 0142 0C       		.uleb128 0xc
 392 0143 01       		.uleb128 0x1
 393 0144 50       		.byte	0x50
 394 0145 02       		.uleb128 0x2
 395 0146 7D       		.byte	0x7d
 396 0147 00       		.sleb128 0
 397 0148 00       		.byte	0
 398 0149 00       		.byte	0
 399 014a 0E       		.uleb128 0xe
 400 014b 9B000000 		.4byte	0x9b
 401 014f 5A010000 		.4byte	0x15a
 402 0153 0F       		.uleb128 0xf
 403 0154 A9000000 		.4byte	0xa9
 404 0158 7F       		.byte	0x7f
 405 0159 00       		.byte	0
 406 015a 10       		.uleb128 0x10
 407 015b 41020000 		.4byte	.LASF42
 408 015f 01       		.byte	0x1
 409 0160 3E       		.byte	0x3e
 410 0161 68000000 		.4byte	0x68
 411 0165 00000000 		.4byte	.LFB67
 412 0169 50000000 		.4byte	.LFE67-.LFB67
 413 016d 01       		.uleb128 0x1
 414 016e 9C       		.byte	0x9c
 415 016f 14020000 		.4byte	0x214
 416 0173 08       		.uleb128 0x8
 417 0174 08000000 		.4byte	.LVL5
 418 0178 78020000 		.4byte	0x278
 419 017c 08       		.uleb128 0x8
ARM GAS  C:\Users\ianh\AppData\Local\Temp\ccAkl1Ct.s 			page 10


 420 017d 0C000000 		.4byte	.LVL6
 421 0181 83020000 		.4byte	0x283
 422 0185 0B       		.uleb128 0xb
 423 0186 12000000 		.4byte	.LVL7
 424 018a 6D020000 		.4byte	0x26d
 425 018e 9C010000 		.4byte	0x19c
 426 0192 0C       		.uleb128 0xc
 427 0193 01       		.uleb128 0x1
 428 0194 50       		.byte	0x50
 429 0195 05       		.uleb128 0x5
 430 0196 03       		.byte	0x3
 431 0197 10000000 		.4byte	.LC1
 432 019b 00       		.byte	0
 433 019c 08       		.uleb128 0x8
 434 019d 16000000 		.4byte	.LVL8
 435 01a1 8E020000 		.4byte	0x28e
 436 01a5 0B       		.uleb128 0xb
 437 01a6 1C000000 		.4byte	.LVL9
 438 01aa 99020000 		.4byte	0x299
 439 01ae BC010000 		.4byte	0x1bc
 440 01b2 0C       		.uleb128 0xc
 441 01b3 01       		.uleb128 0x1
 442 01b4 50       		.byte	0x50
 443 01b5 05       		.uleb128 0x5
 444 01b6 03       		.byte	0x3
 445 01b7 00000000 		.4byte	frame_int
 446 01bb 00       		.byte	0
 447 01bc 08       		.uleb128 0x8
 448 01bd 20000000 		.4byte	.LVL10
 449 01c1 A4020000 		.4byte	0x2a4
 450 01c5 08       		.uleb128 0x8
 451 01c6 24000000 		.4byte	.LVL11
 452 01ca AF020000 		.4byte	0x2af
 453 01ce 08       		.uleb128 0x8
 454 01cf 28000000 		.4byte	.LVL12
 455 01d3 BA020000 		.4byte	0x2ba
 456 01d7 08       		.uleb128 0x8
 457 01d8 2C000000 		.4byte	.LVL13
 458 01dc C5020000 		.4byte	0x2c5
 459 01e0 0B       		.uleb128 0xb
 460 01e1 32000000 		.4byte	.LVL14
 461 01e5 D0020000 		.4byte	0x2d0
 462 01e9 F7010000 		.4byte	0x1f7
 463 01ed 0C       		.uleb128 0xc
 464 01ee 01       		.uleb128 0x1
 465 01ef 50       		.byte	0x50
 466 01f0 05       		.uleb128 0x5
 467 01f1 03       		.byte	0x3
 468 01f2 00000000 		.4byte	dark_int
 469 01f6 00       		.byte	0
 470 01f7 08       		.uleb128 0x8
 471 01f8 36000000 		.4byte	.LVL15
 472 01fc DB020000 		.4byte	0x2db
 473 0200 0D       		.uleb128 0xd
 474 0201 3C000000 		.4byte	.LVL16
 475 0205 E6020000 		.4byte	0x2e6
 476 0209 0C       		.uleb128 0xc
ARM GAS  C:\Users\ianh\AppData\Local\Temp\ccAkl1Ct.s 			page 11


 477 020a 01       		.uleb128 0x1
 478 020b 50       		.byte	0x50
 479 020c 05       		.uleb128 0x5
 480 020d 03       		.byte	0x3
 481 020e 00000000 		.4byte	target_int
 482 0212 00       		.byte	0
 483 0213 00       		.byte	0
 484 0214 11       		.uleb128 0x11
 485 0215 92010000 		.4byte	.LASF20
 486 0219 05       		.byte	0x5
 487 021a 1207     		.2byte	0x712
 488 021c 20020000 		.4byte	0x220
 489 0220 12       		.uleb128 0x12
 490 0221 76000000 		.4byte	0x76
 491 0225 13       		.uleb128 0x13
 492 0226 9F010000 		.4byte	.LASF21
 493 022a 01       		.byte	0x1
 494 022b 13       		.byte	0x13
 495 022c 36020000 		.4byte	0x236
 496 0230 05       		.uleb128 0x5
 497 0231 03       		.byte	0x3
 498 0232 00000000 		.4byte	numFrames
 499 0236 12       		.uleb128 0x12
 500 0237 68000000 		.4byte	0x68
 501 023b 13       		.uleb128 0x13
 502 023c F1020000 		.4byte	.LASF22
 503 0240 01       		.byte	0x1
 504 0241 14       		.byte	0x14
 505 0242 36020000 		.4byte	0x236
 506 0246 05       		.uleb128 0x5
 507 0247 03       		.byte	0x3
 508 0248 00000000 		.4byte	numRows
 509 024c 14       		.uleb128 0x14
 510 024d 23020000 		.4byte	.LASF23
 511 0251 23020000 		.4byte	.LASF23
 512 0255 06       		.byte	0x6
 513 0256 5E       		.byte	0x5e
 514 0257 14       		.uleb128 0x14
 515 0258 E8010000 		.4byte	.LASF24
 516 025c E8010000 		.4byte	.LASF24
 517 0260 06       		.byte	0x6
 518 0261 6B       		.byte	0x6b
 519 0262 14       		.uleb128 0x14
 520 0263 03030000 		.4byte	.LASF25
 521 0267 03030000 		.4byte	.LASF25
 522 026b 07       		.byte	0x7
 523 026c E7       		.byte	0xe7
 524 026d 14       		.uleb128 0x14
 525 026e 00000000 		.4byte	.LASF26
 526 0272 00000000 		.4byte	.LASF26
 527 0276 08       		.byte	0x8
 528 0277 8B       		.byte	0x8b
 529 0278 14       		.uleb128 0x14
 530 0279 46020000 		.4byte	.LASF27
 531 027d 46020000 		.4byte	.LASF27
 532 0281 09       		.byte	0x9
 533 0282 10       		.byte	0x10
ARM GAS  C:\Users\ianh\AppData\Local\Temp\ccAkl1Ct.s 			page 12


 534 0283 14       		.uleb128 0x14
 535 0284 4E000000 		.4byte	.LASF28
 536 0288 4E000000 		.4byte	.LASF28
 537 028c 08       		.byte	0x8
 538 028d 54       		.byte	0x54
 539 028e 14       		.uleb128 0x14
 540 028f CF020000 		.4byte	.LASF29
 541 0293 CF020000 		.4byte	.LASF29
 542 0297 0A       		.byte	0xa
 543 0298 17       		.byte	0x17
 544 0299 14       		.uleb128 0x14
 545 029a 89020000 		.4byte	.LASF30
 546 029e 89020000 		.4byte	.LASF30
 547 02a2 0A       		.byte	0xa
 548 02a3 1D       		.byte	0x1d
 549 02a4 14       		.uleb128 0x14
 550 02a5 5F000000 		.4byte	.LASF31
 551 02a9 5F000000 		.4byte	.LASF31
 552 02ad 0B       		.byte	0xb
 553 02ae 3F       		.byte	0x3f
 554 02af 14       		.uleb128 0x14
 555 02b0 AD020000 		.4byte	.LASF32
 556 02b4 AD020000 		.4byte	.LASF32
 557 02b8 0C       		.byte	0xc
 558 02b9 33       		.byte	0x33
 559 02ba 14       		.uleb128 0x14
 560 02bb D0010000 		.4byte	.LASF33
 561 02bf D0010000 		.4byte	.LASF33
 562 02c3 06       		.byte	0x6
 563 02c4 5A       		.byte	0x5a
 564 02c5 14       		.uleb128 0x14
 565 02c6 BB010000 		.4byte	.LASF34
 566 02ca BB010000 		.4byte	.LASF34
 567 02ce 0D       		.byte	0xd
 568 02cf 17       		.byte	0x17
 569 02d0 14       		.uleb128 0x14
 570 02d1 79010000 		.4byte	.LASF35
 571 02d5 79010000 		.4byte	.LASF35
 572 02d9 0D       		.byte	0xd
 573 02da 1D       		.byte	0x1d
 574 02db 14       		.uleb128 0x14
 575 02dc 4F010000 		.4byte	.LASF36
 576 02e0 4F010000 		.4byte	.LASF36
 577 02e4 0E       		.byte	0xe
 578 02e5 17       		.byte	0x17
 579 02e6 14       		.uleb128 0x14
 580 02e7 19000000 		.4byte	.LASF37
 581 02eb 19000000 		.4byte	.LASF37
 582 02ef 0E       		.byte	0xe
 583 02f0 1D       		.byte	0x1d
 584 02f1 00       		.byte	0
 585              		.section	.debug_abbrev,"",%progbits
 586              	.Ldebug_abbrev0:
 587 0000 01       		.uleb128 0x1
 588 0001 11       		.uleb128 0x11
 589 0002 01       		.byte	0x1
 590 0003 25       		.uleb128 0x25
ARM GAS  C:\Users\ianh\AppData\Local\Temp\ccAkl1Ct.s 			page 13


 591 0004 0E       		.uleb128 0xe
 592 0005 13       		.uleb128 0x13
 593 0006 0B       		.uleb128 0xb
 594 0007 03       		.uleb128 0x3
 595 0008 0E       		.uleb128 0xe
 596 0009 1B       		.uleb128 0x1b
 597 000a 0E       		.uleb128 0xe
 598 000b 55       		.uleb128 0x55
 599 000c 17       		.uleb128 0x17
 600 000d 11       		.uleb128 0x11
 601 000e 01       		.uleb128 0x1
 602 000f 10       		.uleb128 0x10
 603 0010 17       		.uleb128 0x17
 604 0011 00       		.byte	0
 605 0012 00       		.byte	0
 606 0013 02       		.uleb128 0x2
 607 0014 24       		.uleb128 0x24
 608 0015 00       		.byte	0
 609 0016 0B       		.uleb128 0xb
 610 0017 0B       		.uleb128 0xb
 611 0018 3E       		.uleb128 0x3e
 612 0019 0B       		.uleb128 0xb
 613 001a 03       		.uleb128 0x3
 614 001b 0E       		.uleb128 0xe
 615 001c 00       		.byte	0
 616 001d 00       		.byte	0
 617 001e 03       		.uleb128 0x3
 618 001f 16       		.uleb128 0x16
 619 0020 00       		.byte	0
 620 0021 03       		.uleb128 0x3
 621 0022 0E       		.uleb128 0xe
 622 0023 3A       		.uleb128 0x3a
 623 0024 0B       		.uleb128 0xb
 624 0025 3B       		.uleb128 0x3b
 625 0026 0B       		.uleb128 0xb
 626 0027 49       		.uleb128 0x49
 627 0028 13       		.uleb128 0x13
 628 0029 00       		.byte	0
 629 002a 00       		.byte	0
 630 002b 04       		.uleb128 0x4
 631 002c 24       		.uleb128 0x24
 632 002d 00       		.byte	0
 633 002e 0B       		.uleb128 0xb
 634 002f 0B       		.uleb128 0xb
 635 0030 3E       		.uleb128 0x3e
 636 0031 0B       		.uleb128 0xb
 637 0032 03       		.uleb128 0x3
 638 0033 08       		.uleb128 0x8
 639 0034 00       		.byte	0
 640 0035 00       		.byte	0
 641 0036 05       		.uleb128 0x5
 642 0037 16       		.uleb128 0x16
 643 0038 00       		.byte	0
 644 0039 03       		.uleb128 0x3
 645 003a 0E       		.uleb128 0xe
 646 003b 3A       		.uleb128 0x3a
 647 003c 0B       		.uleb128 0xb
ARM GAS  C:\Users\ianh\AppData\Local\Temp\ccAkl1Ct.s 			page 14


 648 003d 3B       		.uleb128 0x3b
 649 003e 05       		.uleb128 0x5
 650 003f 49       		.uleb128 0x49
 651 0040 13       		.uleb128 0x13
 652 0041 00       		.byte	0
 653 0042 00       		.byte	0
 654 0043 06       		.uleb128 0x6
 655 0044 2E       		.uleb128 0x2e
 656 0045 00       		.byte	0
 657 0046 3F       		.uleb128 0x3f
 658 0047 19       		.uleb128 0x19
 659 0048 03       		.uleb128 0x3
 660 0049 0E       		.uleb128 0xe
 661 004a 3A       		.uleb128 0x3a
 662 004b 0B       		.uleb128 0xb
 663 004c 3B       		.uleb128 0x3b
 664 004d 0B       		.uleb128 0xb
 665 004e 27       		.uleb128 0x27
 666 004f 19       		.uleb128 0x19
 667 0050 11       		.uleb128 0x11
 668 0051 01       		.uleb128 0x1
 669 0052 12       		.uleb128 0x12
 670 0053 06       		.uleb128 0x6
 671 0054 40       		.uleb128 0x40
 672 0055 18       		.uleb128 0x18
 673 0056 9742     		.uleb128 0x2117
 674 0058 19       		.uleb128 0x19
 675 0059 00       		.byte	0
 676 005a 00       		.byte	0
 677 005b 07       		.uleb128 0x7
 678 005c 2E       		.uleb128 0x2e
 679 005d 01       		.byte	0x1
 680 005e 3F       		.uleb128 0x3f
 681 005f 19       		.uleb128 0x19
 682 0060 03       		.uleb128 0x3
 683 0061 0E       		.uleb128 0xe
 684 0062 3A       		.uleb128 0x3a
 685 0063 0B       		.uleb128 0xb
 686 0064 3B       		.uleb128 0x3b
 687 0065 0B       		.uleb128 0xb
 688 0066 27       		.uleb128 0x27
 689 0067 19       		.uleb128 0x19
 690 0068 11       		.uleb128 0x11
 691 0069 01       		.uleb128 0x1
 692 006a 12       		.uleb128 0x12
 693 006b 06       		.uleb128 0x6
 694 006c 40       		.uleb128 0x40
 695 006d 18       		.uleb128 0x18
 696 006e 9742     		.uleb128 0x2117
 697 0070 19       		.uleb128 0x19
 698 0071 01       		.uleb128 0x1
 699 0072 13       		.uleb128 0x13
 700 0073 00       		.byte	0
 701 0074 00       		.byte	0
 702 0075 08       		.uleb128 0x8
 703 0076 898201   		.uleb128 0x4109
 704 0079 00       		.byte	0
ARM GAS  C:\Users\ianh\AppData\Local\Temp\ccAkl1Ct.s 			page 15


 705 007a 11       		.uleb128 0x11
 706 007b 01       		.uleb128 0x1
 707 007c 31       		.uleb128 0x31
 708 007d 13       		.uleb128 0x13
 709 007e 00       		.byte	0
 710 007f 00       		.byte	0
 711 0080 09       		.uleb128 0x9
 712 0081 34       		.uleb128 0x34
 713 0082 00       		.byte	0
 714 0083 03       		.uleb128 0x3
 715 0084 0E       		.uleb128 0xe
 716 0085 3A       		.uleb128 0x3a
 717 0086 0B       		.uleb128 0xb
 718 0087 3B       		.uleb128 0x3b
 719 0088 0B       		.uleb128 0xb
 720 0089 49       		.uleb128 0x49
 721 008a 13       		.uleb128 0x13
 722 008b 02       		.uleb128 0x2
 723 008c 17       		.uleb128 0x17
 724 008d 00       		.byte	0
 725 008e 00       		.byte	0
 726 008f 0A       		.uleb128 0xa
 727 0090 34       		.uleb128 0x34
 728 0091 00       		.byte	0
 729 0092 03       		.uleb128 0x3
 730 0093 08       		.uleb128 0x8
 731 0094 3A       		.uleb128 0x3a
 732 0095 0B       		.uleb128 0xb
 733 0096 3B       		.uleb128 0x3b
 734 0097 0B       		.uleb128 0xb
 735 0098 49       		.uleb128 0x49
 736 0099 13       		.uleb128 0x13
 737 009a 02       		.uleb128 0x2
 738 009b 18       		.uleb128 0x18
 739 009c 00       		.byte	0
 740 009d 00       		.byte	0
 741 009e 0B       		.uleb128 0xb
 742 009f 898201   		.uleb128 0x4109
 743 00a2 01       		.byte	0x1
 744 00a3 11       		.uleb128 0x11
 745 00a4 01       		.uleb128 0x1
 746 00a5 31       		.uleb128 0x31
 747 00a6 13       		.uleb128 0x13
 748 00a7 01       		.uleb128 0x1
 749 00a8 13       		.uleb128 0x13
 750 00a9 00       		.byte	0
 751 00aa 00       		.byte	0
 752 00ab 0C       		.uleb128 0xc
 753 00ac 8A8201   		.uleb128 0x410a
 754 00af 00       		.byte	0
 755 00b0 02       		.uleb128 0x2
 756 00b1 18       		.uleb128 0x18
 757 00b2 9142     		.uleb128 0x2111
 758 00b4 18       		.uleb128 0x18
 759 00b5 00       		.byte	0
 760 00b6 00       		.byte	0
 761 00b7 0D       		.uleb128 0xd
ARM GAS  C:\Users\ianh\AppData\Local\Temp\ccAkl1Ct.s 			page 16


 762 00b8 898201   		.uleb128 0x4109
 763 00bb 01       		.byte	0x1
 764 00bc 11       		.uleb128 0x11
 765 00bd 01       		.uleb128 0x1
 766 00be 31       		.uleb128 0x31
 767 00bf 13       		.uleb128 0x13
 768 00c0 00       		.byte	0
 769 00c1 00       		.byte	0
 770 00c2 0E       		.uleb128 0xe
 771 00c3 01       		.uleb128 0x1
 772 00c4 01       		.byte	0x1
 773 00c5 49       		.uleb128 0x49
 774 00c6 13       		.uleb128 0x13
 775 00c7 01       		.uleb128 0x1
 776 00c8 13       		.uleb128 0x13
 777 00c9 00       		.byte	0
 778 00ca 00       		.byte	0
 779 00cb 0F       		.uleb128 0xf
 780 00cc 21       		.uleb128 0x21
 781 00cd 00       		.byte	0
 782 00ce 49       		.uleb128 0x49
 783 00cf 13       		.uleb128 0x13
 784 00d0 2F       		.uleb128 0x2f
 785 00d1 0B       		.uleb128 0xb
 786 00d2 00       		.byte	0
 787 00d3 00       		.byte	0
 788 00d4 10       		.uleb128 0x10
 789 00d5 2E       		.uleb128 0x2e
 790 00d6 01       		.byte	0x1
 791 00d7 3F       		.uleb128 0x3f
 792 00d8 19       		.uleb128 0x19
 793 00d9 03       		.uleb128 0x3
 794 00da 0E       		.uleb128 0xe
 795 00db 3A       		.uleb128 0x3a
 796 00dc 0B       		.uleb128 0xb
 797 00dd 3B       		.uleb128 0x3b
 798 00de 0B       		.uleb128 0xb
 799 00df 27       		.uleb128 0x27
 800 00e0 19       		.uleb128 0x19
 801 00e1 49       		.uleb128 0x49
 802 00e2 13       		.uleb128 0x13
 803 00e3 8701     		.uleb128 0x87
 804 00e5 19       		.uleb128 0x19
 805 00e6 11       		.uleb128 0x11
 806 00e7 01       		.uleb128 0x1
 807 00e8 12       		.uleb128 0x12
 808 00e9 06       		.uleb128 0x6
 809 00ea 40       		.uleb128 0x40
 810 00eb 18       		.uleb128 0x18
 811 00ec 9742     		.uleb128 0x2117
 812 00ee 19       		.uleb128 0x19
 813 00ef 01       		.uleb128 0x1
 814 00f0 13       		.uleb128 0x13
 815 00f1 00       		.byte	0
 816 00f2 00       		.byte	0
 817 00f3 11       		.uleb128 0x11
 818 00f4 34       		.uleb128 0x34
ARM GAS  C:\Users\ianh\AppData\Local\Temp\ccAkl1Ct.s 			page 17


 819 00f5 00       		.byte	0
 820 00f6 03       		.uleb128 0x3
 821 00f7 0E       		.uleb128 0xe
 822 00f8 3A       		.uleb128 0x3a
 823 00f9 0B       		.uleb128 0xb
 824 00fa 3B       		.uleb128 0x3b
 825 00fb 05       		.uleb128 0x5
 826 00fc 49       		.uleb128 0x49
 827 00fd 13       		.uleb128 0x13
 828 00fe 3F       		.uleb128 0x3f
 829 00ff 19       		.uleb128 0x19
 830 0100 3C       		.uleb128 0x3c
 831 0101 19       		.uleb128 0x19
 832 0102 00       		.byte	0
 833 0103 00       		.byte	0
 834 0104 12       		.uleb128 0x12
 835 0105 35       		.uleb128 0x35
 836 0106 00       		.byte	0
 837 0107 49       		.uleb128 0x49
 838 0108 13       		.uleb128 0x13
 839 0109 00       		.byte	0
 840 010a 00       		.byte	0
 841 010b 13       		.uleb128 0x13
 842 010c 34       		.uleb128 0x34
 843 010d 00       		.byte	0
 844 010e 03       		.uleb128 0x3
 845 010f 0E       		.uleb128 0xe
 846 0110 3A       		.uleb128 0x3a
 847 0111 0B       		.uleb128 0xb
 848 0112 3B       		.uleb128 0x3b
 849 0113 0B       		.uleb128 0xb
 850 0114 49       		.uleb128 0x49
 851 0115 13       		.uleb128 0x13
 852 0116 3F       		.uleb128 0x3f
 853 0117 19       		.uleb128 0x19
 854 0118 02       		.uleb128 0x2
 855 0119 18       		.uleb128 0x18
 856 011a 00       		.byte	0
 857 011b 00       		.byte	0
 858 011c 14       		.uleb128 0x14
 859 011d 2E       		.uleb128 0x2e
 860 011e 00       		.byte	0
 861 011f 3F       		.uleb128 0x3f
 862 0120 19       		.uleb128 0x19
 863 0121 3C       		.uleb128 0x3c
 864 0122 19       		.uleb128 0x19
 865 0123 6E       		.uleb128 0x6e
 866 0124 0E       		.uleb128 0xe
 867 0125 03       		.uleb128 0x3
 868 0126 0E       		.uleb128 0xe
 869 0127 3A       		.uleb128 0x3a
 870 0128 0B       		.uleb128 0xb
 871 0129 3B       		.uleb128 0x3b
 872 012a 0B       		.uleb128 0xb
 873 012b 00       		.byte	0
 874 012c 00       		.byte	0
 875 012d 00       		.byte	0
ARM GAS  C:\Users\ianh\AppData\Local\Temp\ccAkl1Ct.s 			page 18


 876              		.section	.debug_loc,"",%progbits
 877              	.Ldebug_loc0:
 878              	.LLST0:
 879 0000 0A000000 		.4byte	.LVL2
 880 0004 1B000000 		.4byte	.LVL3-1
 881 0008 0100     		.2byte	0x1
 882 000a 53       		.byte	0x53
 883 000b 00000000 		.4byte	0
 884 000f 00000000 		.4byte	0
 885              		.section	.debug_aranges,"",%progbits
 886 0000 34000000 		.4byte	0x34
 887 0004 0200     		.2byte	0x2
 888 0006 00000000 		.4byte	.Ldebug_info0
 889 000a 04       		.byte	0x4
 890 000b 00       		.byte	0
 891 000c 0000     		.2byte	0
 892 000e 0000     		.2byte	0
 893 0010 00000000 		.4byte	.LFB64
 894 0014 14000000 		.4byte	.LFE64-.LFB64
 895 0018 00000000 		.4byte	.LFB65
 896 001c 08000000 		.4byte	.LFE65-.LFB65
 897 0020 00000000 		.4byte	.LFB66
 898 0024 34000000 		.4byte	.LFE66-.LFB66
 899 0028 00000000 		.4byte	.LFB67
 900 002c 50000000 		.4byte	.LFE67-.LFB67
 901 0030 00000000 		.4byte	0
 902 0034 00000000 		.4byte	0
 903              		.section	.debug_ranges,"",%progbits
 904              	.Ldebug_ranges0:
 905 0000 00000000 		.4byte	.LFB64
 906 0004 14000000 		.4byte	.LFE64
 907 0008 00000000 		.4byte	.LFB65
 908 000c 08000000 		.4byte	.LFE65
 909 0010 00000000 		.4byte	.LFB66
 910 0014 34000000 		.4byte	.LFE66
 911 0018 00000000 		.4byte	.LFB67
 912 001c 50000000 		.4byte	.LFE67
 913 0020 00000000 		.4byte	0
 914 0024 00000000 		.4byte	0
 915              		.section	.debug_line,"",%progbits
 916              	.Ldebug_line0:
 917 0000 A1020000 		.section	.debug_str,"MS",%progbits,1
 917      02004A02 
 917      00000201 
 917      FB0E0D00 
 917      01010101 
 918              	.LASF26:
 919 0000 58426565 		.ascii	"XBee_PutString\000"
 919      5F507574 
 919      53747269 
 919      6E6700
 920              	.LASF9:
 921 000f 5F5F696E 		.ascii	"__int32_t\000"
 921      7433325F 
 921      7400
 922              	.LASF37:
 923 0019 54617267 		.ascii	"Target_Interrupt_SetVector\000"
ARM GAS  C:\Users\ianh\AppData\Local\Temp\ccAkl1Ct.s 			page 19


 923      65745F49 
 923      6E746572 
 923      72757074 
 923      5F536574 
 924              	.LASF13:
 925 0034 646F7562 		.ascii	"double\000"
 925      6C6500
 926              	.LASF17:
 927 003b 74617267 		.ascii	"target_int\000"
 927      65745F69 
 927      6E7400
 928              	.LASF10:
 929 0046 696E7433 		.ascii	"int32_t\000"
 929      325F7400 
 930              	.LASF28:
 931 004e 58426565 		.ascii	"XBee_Start\000"
 931      5F537461 
 931      727400
 932              	.LASF12:
 933 0059 666C6F61 		.ascii	"float\000"
 933      7400
 934              	.LASF31:
 935 005f 416E616C 		.ascii	"Analog_CMP_Start\000"
 935      6F675F43 
 935      4D505F53 
 935      74617274 
 935      00
 936              	.LASF1:
 937 0070 756E7369 		.ascii	"unsigned char\000"
 937      676E6564 
 937      20636861 
 937      7200
 938              	.LASF38:
 939 007e 474E5520 		.ascii	"GNU C11 5.4.1 20160609 (release) [ARM/embedded-5-br"
 939      43313120 
 939      352E342E 
 939      31203230 
 939      31363036 
 940 00b1 616E6368 		.ascii	"anch revision 237715] -mcpu=cortex-m3 -mthumb -g -O"
 940      20726576 
 940      6973696F 
 940      6E203233 
 940      37373135 
 941 00e4 67202D66 		.ascii	"g -ffunction-sections -ffat-lto-objects\000"
 941      66756E63 
 941      74696F6E 
 941      2D736563 
 941      74696F6E 
 942              	.LASF40:
 943 010c 433A5C55 		.ascii	"C:\\Users\\ianh\\Documents\\Car Lab\\Navigation\\Na"
 943      73657273 
 943      5C69616E 
 943      685C446F 
 943      63756D65 
 944 0139 76696761 		.ascii	"vigation\\Design.cydsn\000"
 944      74696F6E 
 944      5C446573 
ARM GAS  C:\Users\ianh\AppData\Local\Temp\ccAkl1Ct.s 			page 20


 944      69676E2E 
 944      63796473 
 945              	.LASF36:
 946 014f 54617267 		.ascii	"Target_Interrupt_Start\000"
 946      65745F49 
 946      6E746572 
 946      72757074 
 946      5F537461 
 947              	.LASF3:
 948 0166 73686F72 		.ascii	"short unsigned int\000"
 948      7420756E 
 948      7369676E 
 948      65642069 
 948      6E7400
 949              	.LASF35:
 950 0179 4461726B 		.ascii	"Dark_Interrupt_SetVector\000"
 950      5F496E74 
 950      65727275 
 950      70745F53 
 950      65745665 
 951              	.LASF20:
 952 0192 49544D5F 		.ascii	"ITM_RxBuffer\000"
 952      52784275 
 952      66666572 
 952      00
 953              	.LASF21:
 954 019f 6E756D46 		.ascii	"numFrames\000"
 954      72616D65 
 954      7300
 955              	.LASF5:
 956 01a9 6C6F6E67 		.ascii	"long unsigned int\000"
 956      20756E73 
 956      69676E65 
 956      6420696E 
 956      7400
 957              	.LASF34:
 958 01bb 4461726B 		.ascii	"Dark_Interrupt_Start\000"
 958      5F496E74 
 958      65727275 
 958      70745F53 
 958      74617274 
 959              	.LASF33:
 960 01d0 4461726B 		.ascii	"Dark_Timer_Start\000"
 960      5F54696D 
 960      65725F53 
 960      74617274 
 960      00
 961              	.LASF11:
 962 01e1 75696E74 		.ascii	"uint32\000"
 962      333200
 963              	.LASF24:
 964 01e8 4461726B 		.ascii	"Dark_Timer_ReadCapture\000"
 964      5F54696D 
 964      65725F52 
 964      65616443 
 964      61707475 
 965              	.LASF8:
ARM GAS  C:\Users\ianh\AppData\Local\Temp\ccAkl1Ct.s 			page 21


 966 01ff 756E7369 		.ascii	"unsigned int\000"
 966      676E6564 
 966      20696E74 
 966      00
 967              	.LASF7:
 968 020c 6C6F6E67 		.ascii	"long long unsigned int\000"
 968      206C6F6E 
 968      6720756E 
 968      7369676E 
 968      65642069 
 969              	.LASF23:
 970 0223 4461726B 		.ascii	"Dark_Timer_ReadStatusRegister\000"
 970      5F54696D 
 970      65725F52 
 970      65616453 
 970      74617475 
 971              	.LASF42:
 972 0241 6D61696E 		.ascii	"main\000"
 972      00
 973              	.LASF27:
 974 0246 696E6974 		.ascii	"initLCD\000"
 974      4C434400 
 975              	.LASF15:
 976 024e 6C6F6E67 		.ascii	"long double\000"
 976      20646F75 
 976      626C6500 
 977              	.LASF16:
 978 025a 73697A65 		.ascii	"sizetype\000"
 978      74797065 
 978      00
 979              	.LASF6:
 980 0263 6C6F6E67 		.ascii	"long long int\000"
 980      206C6F6E 
 980      6720696E 
 980      7400
 981              	.LASF39:
 982 0271 6D61696E 		.ascii	"main.c\000"
 982      2E6300
 983              	.LASF14:
 984 0278 63686172 		.ascii	"char\000"
 984      00
 985              	.LASF19:
 986 027d 74696D65 		.ascii	"timeElapsed\000"
 986      456C6170 
 986      73656400 
 987              	.LASF30:
 988 0289 4672616D 		.ascii	"Frame_Interrupt_SetVector\000"
 988      655F496E 
 988      74657272 
 988      7570745F 
 988      53657456 
 989              	.LASF2:
 990 02a3 73686F72 		.ascii	"short int\000"
 990      7420696E 
 990      7400
 991              	.LASF32:
 992 02ad 52656665 		.ascii	"Reference_Start\000"
ARM GAS  C:\Users\ianh\AppData\Local\Temp\ccAkl1Ct.s 			page 22


 992      72656E63 
 992      655F5374 
 992      61727400 
 993              	.LASF18:
 994 02bd 6461726B 		.ascii	"dark_int\000"
 994      5F696E74 
 994      00
 995              	.LASF4:
 996 02c6 6C6F6E67 		.ascii	"long int\000"
 996      20696E74 
 996      00
 997              	.LASF29:
 998 02cf 4672616D 		.ascii	"Frame_Interrupt_Start\000"
 998      655F496E 
 998      74657272 
 998      7570745F 
 998      53746172 
 999              	.LASF0:
 1000 02e5 7369676E 		.ascii	"signed char\000"
 1000      65642063 
 1000      68617200 
 1001              	.LASF22:
 1002 02f1 6E756D52 		.ascii	"numRows\000"
 1002      6F777300 
 1003              	.LASF41:
 1004 02f9 6672616D 		.ascii	"frame_int\000"
 1004      655F696E 
 1004      7400
 1005              	.LASF25:
 1006 0303 73707269 		.ascii	"sprintf\000"
 1006      6E746600 
 1007              		.ident	"GCC: (GNU Tools for ARM Embedded Processors) 5.4.1 20160609 (release) [ARM/embedded-5-bran
