ARM GAS  C:\Users\ianh\AppData\Local\Temp\cchtvAre.s 			page 1


   1              		.syntax unified
   2              		.cpu cortex-m3
   3              		.fpu softvfp
   4              		.eabi_attribute 20, 1
   5              		.eabi_attribute 21, 1
   6              		.eabi_attribute 23, 3
   7              		.eabi_attribute 24, 1
   8              		.eabi_attribute 25, 1
   9              		.eabi_attribute 26, 1
  10              		.eabi_attribute 30, 1
  11              		.eabi_attribute 34, 1
  12              		.eabi_attribute 18, 4
  13              		.thumb
  14              		.syntax unified
  15              		.file	"cymetadata.c"
  16              		.text
  17              	.Ltext0:
  18              		.cfi_sections	.debug_frame
  19              		.global	cy_metadata
  20              		.global	cy_meta_flashprotect
  21              		.global	cy_meta_wonvl
  22              		.global	cy_meta_custnvl
  23              		.global	cy_meta_configecc
  24              		.section	.cyconfigecc,"a",%progbits
  25              		.align	2
  26              		.type	cy_meta_configecc, %object
  27              		.size	cy_meta_configecc, 1804
  28              	cy_meta_configecc:
  29 0000 02       		.byte	2
  30 0001 52       		.byte	82
  31 0002 00       		.byte	0
  32 0003 40       		.byte	64
  33 0004 03       		.byte	3
  34 0005 64       		.byte	100
  35 0006 00       		.byte	0
  36 0007 40       		.byte	64
  37 0008 01       		.byte	1
  38 0009 65       		.byte	101
  39 000a 00       		.byte	0
  40 000b 40       		.byte	64
  41 000c 54       		.byte	84
  42 000d 00       		.byte	0
  43 000e 01       		.byte	1
  44 000f 40       		.byte	64
  45 0010 37       		.byte	55
  46 0011 01       		.byte	1
  47 0012 01       		.byte	1
  48 0013 40       		.byte	64
  49 0014 51       		.byte	81
  50 0015 02       		.byte	2
  51 0016 01       		.byte	1
  52 0017 40       		.byte	64
  53 0018 4F       		.byte	79
  54 0019 03       		.byte	3
  55 001a 01       		.byte	1
  56 001b 40       		.byte	64
  57 001c 62       		.byte	98
ARM GAS  C:\Users\ianh\AppData\Local\Temp\cchtvAre.s 			page 2


  58 001d 04       		.byte	4
  59 001e 01       		.byte	1
  60 001f 40       		.byte	64
  61 0020 46       		.byte	70
  62 0021 05       		.byte	5
  63 0022 01       		.byte	1
  64 0023 40       		.byte	64
  65 0024 21       		.byte	33
  66 0025 06       		.byte	6
  67 0026 01       		.byte	1
  68 0027 40       		.byte	64
  69 0028 50       		.byte	80
  70 0029 07       		.byte	7
  71 002a 01       		.byte	1
  72 002b 40       		.byte	64
  73 002c 01       		.byte	1
  74 002d 0D       		.byte	13
  75 002e 01       		.byte	1
  76 002f 40       		.byte	64
  77 0030 01       		.byte	1
  78 0031 15       		.byte	21
  79 0032 01       		.byte	1
  80 0033 40       		.byte	64
  81 0034 48       		.byte	72
  82 0035 16       		.byte	22
  83 0036 01       		.byte	1
  84 0037 40       		.byte	64
  85 0038 3E       		.byte	62
  86 0039 17       		.byte	23
  87 003a 01       		.byte	1
  88 003b 40       		.byte	64
  89 003c 01       		.byte	1
  90 003d 1B       		.byte	27
  91 003e 01       		.byte	1
  92 003f 40       		.byte	64
  93 0040 09       		.byte	9
  94 0041 40       		.byte	64
  95 0042 01       		.byte	1
  96 0043 40       		.byte	64
  97 0044 07       		.byte	7
  98 0045 41       		.byte	65
  99 0046 01       		.byte	1
 100 0047 40       		.byte	64
 101 0048 02       		.byte	2
 102 0049 42       		.byte	66
 103 004a 01       		.byte	1
 104 004b 40       		.byte	64
 105 004c 06       		.byte	6
 106 004d 44       		.byte	68
 107 004e 01       		.byte	1
 108 004f 40       		.byte	64
 109 0050 04       		.byte	4
 110 0051 45       		.byte	69
 111 0052 01       		.byte	1
 112 0053 40       		.byte	64
 113 0054 01       		.byte	1
 114 0055 46       		.byte	70
ARM GAS  C:\Users\ianh\AppData\Local\Temp\cchtvAre.s 			page 3


 115 0056 01       		.byte	1
 116 0057 40       		.byte	64
 117 0058 01       		.byte	1
 118 0059 47       		.byte	71
 119 005a 01       		.byte	1
 120 005b 40       		.byte	64
 121 005c 01       		.byte	1
 122 005d 4C       		.byte	76
 123 005e 01       		.byte	1
 124 005f 40       		.byte	64
 125 0060 02       		.byte	2
 126 0061 4D       		.byte	77
 127 0062 01       		.byte	1
 128 0063 40       		.byte	64
 129 0064 05       		.byte	5
 130 0065 50       		.byte	80
 131 0066 01       		.byte	1
 132 0067 40       		.byte	64
 133 0068 01       		.byte	1
 134 0069 51       		.byte	81
 135 006a 01       		.byte	1
 136 006b 40       		.byte	64
 137 006c 31       		.byte	49
 138 006d 01       		.byte	1
 139 006e 34       		.byte	52
 140 006f 40       		.byte	64
 141 0070 83       		.byte	-125
 142 0071 0F       		.byte	15
 143 0072 84       		.byte	-124
 144 0073 0F       		.byte	15
 145 0074 87       		.byte	-121
 146 0075 38       		.byte	56
 147 0076 87       		.byte	-121
 148 0077 72       		.byte	114
 149 0078 00       		.byte	0
 150 0079 18       		.byte	24
 151 007a 02       		.byte	2
 152 007b 64       		.byte	100
 153 007c 05       		.byte	5
 154 007d 02       		.byte	2
 155 007e 07       		.byte	7
 156 007f 0C       		.byte	12
 157 0080 09       		.byte	9
 158 0081 0E       		.byte	14
 159 0082 0F       		.byte	15
 160 0083 01       		.byte	1
 161 0084 12       		.byte	18
 162 0085 01       		.byte	1
 163 0086 14       		.byte	20
 164 0087 04       		.byte	4
 165 0088 16       		.byte	22
 166 0089 08       		.byte	8
 167 008a 18       		.byte	24
 168 008b 40       		.byte	64
 169 008c 19       		.byte	25
 170 008d 0E       		.byte	14
 171 008e 1A       		.byte	26
ARM GAS  C:\Users\ianh\AppData\Local\Temp\cchtvAre.s 			page 4


 172 008f 18       		.byte	24
 173 0090 1C       		.byte	28
 174 0091 24       		.byte	36
 175 0092 1E       		.byte	30
 176 0093 18       		.byte	24
 177 0094 20       		.byte	32
 178 0095 01       		.byte	1
 179 0096 22       		.byte	34
 180 0097 02       		.byte	2
 181 0098 24       		.byte	36
 182 0099 7C       		.byte	124
 183 009a 27       		.byte	39
 184 009b 01       		.byte	1
 185 009c 29       		.byte	41
 186 009d 08       		.byte	8
 187 009e 2A       		.byte	42
 188 009f 01       		.byte	1
 189 00a0 2B       		.byte	43
 190 00a1 02       		.byte	2
 191 00a2 2C       		.byte	44
 192 00a3 10       		.byte	16
 193 00a4 2D       		.byte	45
 194 00a5 04       		.byte	4
 195 00a6 2E       		.byte	46
 196 00a7 20       		.byte	32
 197 00a8 2F       		.byte	47
 198 00a9 12       		.byte	18
 199 00aa 30       		.byte	48
 200 00ab 02       		.byte	2
 201 00ac 31       		.byte	49
 202 00ad 10       		.byte	16
 203 00ae 33       		.byte	51
 204 00af 01       		.byte	1
 205 00b0 34       		.byte	52
 206 00b1 01       		.byte	1
 207 00b2 35       		.byte	53
 208 00b3 0E       		.byte	14
 209 00b4 36       		.byte	54
 210 00b5 7C       		.byte	124
 211 00b6 3E       		.byte	62
 212 00b7 10       		.byte	16
 213 00b8 3F       		.byte	63
 214 00b9 04       		.byte	4
 215 00ba 40       		.byte	64
 216 00bb 04       		.byte	4
 217 00bc 47       		.byte	71
 218 00bd 04       		.byte	4
 219 00be 49       		.byte	73
 220 00bf FF       		.byte	-1
 221 00c0 4A       		.byte	74
 222 00c1 07       		.byte	7
 223 00c2 4B       		.byte	75
 224 00c3 FF       		.byte	-1
 225 00c4 4C       		.byte	76
 226 00c5 40       		.byte	64
 227 00c6 4D       		.byte	77
 228 00c7 20       		.byte	32
ARM GAS  C:\Users\ianh\AppData\Local\Temp\cchtvAre.s 			page 5


 229 00c8 4E       		.byte	78
 230 00c9 F0       		.byte	-16
 231 00ca 4F       		.byte	79
 232 00cb 05       		.byte	5
 233 00cc 50       		.byte	80
 234 00cd 08       		.byte	8
 235 00ce 58       		.byte	88
 236 00cf 04       		.byte	4
 237 00d0 59       		.byte	89
 238 00d1 04       		.byte	4
 239 00d2 5A       		.byte	90
 240 00d3 04       		.byte	4
 241 00d4 5C       		.byte	92
 242 00d5 10       		.byte	16
 243 00d6 5D       		.byte	93
 244 00d7 01       		.byte	1
 245 00d8 5F       		.byte	95
 246 00d9 01       		.byte	1
 247 00da 60       		.byte	96
 248 00db 40       		.byte	64
 249 00dc 61       		.byte	97
 250 00dd A8       		.byte	-88
 251 00de 62       		.byte	98
 252 00df 40       		.byte	64
 253 00e0 63       		.byte	99
 254 00e1 20       		.byte	32
 255 00e2 87       		.byte	-121
 256 00e3 03       		.byte	3
 257 00e4 89       		.byte	-119
 258 00e5 03       		.byte	3
 259 00e6 8A       		.byte	-118
 260 00e7 28       		.byte	40
 261 00e8 8E       		.byte	-114
 262 00e9 10       		.byte	16
 263 00ea 91       		.byte	-111
 264 00eb 03       		.byte	3
 265 00ec 96       		.byte	-106
 266 00ed 29       		.byte	41
 267 00ee 97       		.byte	-105
 268 00ef 03       		.byte	3
 269 00f0 99       		.byte	-103
 270 00f1 03       		.byte	3
 271 00f2 9A       		.byte	-102
 272 00f3 24       		.byte	36
 273 00f4 9D       		.byte	-99
 274 00f5 03       		.byte	3
 275 00f6 9E       		.byte	-98
 276 00f7 2A       		.byte	42
 277 00f8 A0       		.byte	-96
 278 00f9 15       		.byte	21
 279 00fa A2       		.byte	-94
 280 00fb 2A       		.byte	42
 281 00fc A6       		.byte	-90
 282 00fd 2A       		.byte	42
 283 00fe A7       		.byte	-89
 284 00ff 01       		.byte	1
 285 0100 AA       		.byte	-86
ARM GAS  C:\Users\ianh\AppData\Local\Temp\cchtvAre.s 			page 6


 286 0101 2A       		.byte	42
 287 0102 AB       		.byte	-85
 288 0103 03       		.byte	3
 289 0104 AD       		.byte	-83
 290 0105 03       		.byte	3
 291 0106 AE       		.byte	-82
 292 0107 2A       		.byte	42
 293 0108 B0       		.byte	-80
 294 0109 30       		.byte	48
 295 010a B1       		.byte	-79
 296 010b 02       		.byte	2
 297 010c B2       		.byte	-78
 298 010d 03       		.byte	3
 299 010e B3       		.byte	-77
 300 010f 01       		.byte	1
 301 0110 B4       		.byte	-76
 302 0111 0C       		.byte	12
 303 0112 B9       		.byte	-71
 304 0113 08       		.byte	8
 305 0114 BA       		.byte	-70
 306 0115 2A       		.byte	42
 307 0116 BF       		.byte	-65
 308 0117 05       		.byte	5
 309 0118 D8       		.byte	-40
 310 0119 04       		.byte	4
 311 011a D9       		.byte	-39
 312 011b 04       		.byte	4
 313 011c DC       		.byte	-36
 314 011d 08       		.byte	8
 315 011e DF       		.byte	-33
 316 011f 21       		.byte	33
 317 0120 00       		.byte	0
 318 0121 01       		.byte	1
 319 0122 04       		.byte	4
 320 0123 40       		.byte	64
 321 0124 07       		.byte	7
 322 0125 04       		.byte	4
 323 0126 0A       		.byte	10
 324 0127 68       		.byte	104
 325 0128 0B       		.byte	11
 326 0129 02       		.byte	2
 327 012a 0D       		.byte	13
 328 012b 20       		.byte	32
 329 012c 0E       		.byte	14
 330 012d 12       		.byte	18
 331 012e 11       		.byte	17
 332 012f 68       		.byte	104
 333 0130 13       		.byte	19
 334 0131 01       		.byte	1
 335 0132 14       		.byte	20
 336 0133 40       		.byte	64
 337 0134 16       		.byte	22
 338 0135 20       		.byte	32
 339 0136 17       		.byte	23
 340 0137 60       		.byte	96
 341 0138 18       		.byte	24
 342 0139 01       		.byte	1
ARM GAS  C:\Users\ianh\AppData\Local\Temp\cchtvAre.s 			page 7


 343 013a 19       		.byte	25
 344 013b 40       		.byte	64
 345 013c 1A       		.byte	26
 346 013d 48       		.byte	72
 347 013e 1B       		.byte	27
 348 013f 10       		.byte	16
 349 0140 1C       		.byte	28
 350 0141 68       		.byte	104
 351 0142 1D       		.byte	29
 352 0143 20       		.byte	32
 353 0144 1E       		.byte	30
 354 0145 10       		.byte	16
 355 0146 1F       		.byte	31
 356 0147 02       		.byte	2
 357 0148 21       		.byte	33
 358 0149 04       		.byte	4
 359 014a 22       		.byte	34
 360 014b 22       		.byte	34
 361 014c 23       		.byte	35
 362 014d 04       		.byte	4
 363 014e 24       		.byte	36
 364 014f 80       		.byte	-128
 365 0150 25       		.byte	37
 366 0151 04       		.byte	4
 367 0152 26       		.byte	38
 368 0153 04       		.byte	4
 369 0154 28       		.byte	40
 370 0155 02       		.byte	2
 371 0156 2A       		.byte	42
 372 0157 04       		.byte	4
 373 0158 2B       		.byte	43
 374 0159 08       		.byte	8
 375 015a 2C       		.byte	44
 376 015b 10       		.byte	16
 377 015c 2E       		.byte	46
 378 015d 20       		.byte	32
 379 015e 2F       		.byte	47
 380 015f 26       		.byte	38
 381 0160 30       		.byte	48
 382 0161 20       		.byte	32
 383 0162 36       		.byte	54
 384 0163 01       		.byte	1
 385 0164 37       		.byte	55
 386 0165 66       		.byte	102
 387 0166 39       		.byte	57
 388 0167 20       		.byte	32
 389 0168 3A       		.byte	58
 390 0169 80       		.byte	-128
 391 016a 3B       		.byte	59
 392 016b 04       		.byte	4
 393 016c 3C       		.byte	60
 394 016d 08       		.byte	8
 395 016e 3E       		.byte	62
 396 016f 10       		.byte	16
 397 0170 41       		.byte	65
 398 0171 01       		.byte	1
 399 0172 51       		.byte	81
ARM GAS  C:\Users\ianh\AppData\Local\Temp\cchtvAre.s 			page 8


 400 0173 08       		.byte	8
 401 0174 52       		.byte	82
 402 0175 10       		.byte	16
 403 0176 7F       		.byte	127
 404 0177 20       		.byte	32
 405 0178 84       		.byte	-124
 406 0179 40       		.byte	64
 407 017a 8C       		.byte	-116
 408 017b 40       		.byte	64
 409 017c C0       		.byte	-64
 410 017d C8       		.byte	-56
 411 017e C2       		.byte	-62
 412 017f EF       		.byte	-17
 413 0180 C4       		.byte	-60
 414 0181 FF       		.byte	-1
 415 0182 CA       		.byte	-54
 416 0183 7E       		.byte	126
 417 0184 CC       		.byte	-52
 418 0185 F4       		.byte	-12
 419 0186 CE       		.byte	-50
 420 0187 6E       		.byte	110
 421 0188 D0       		.byte	-48
 422 0189 01       		.byte	1
 423 018a DE       		.byte	-34
 424 018b 40       		.byte	64
 425 018c E6       		.byte	-26
 426 018d 10       		.byte	16
 427 018e 03       		.byte	3
 428 018f 02       		.byte	2
 429 0190 0C       		.byte	12
 430 0191 02       		.byte	2
 431 0192 0E       		.byte	14
 432 0193 01       		.byte	1
 433 0194 10       		.byte	16
 434 0195 07       		.byte	7
 435 0196 12       		.byte	18
 436 0197 08       		.byte	8
 437 0198 13       		.byte	19
 438 0199 01       		.byte	1
 439 019a 14       		.byte	20
 440 019b 08       		.byte	8
 441 019c 16       		.byte	22
 442 019d 07       		.byte	7
 443 019e 18       		.byte	24
 444 019f 0F       		.byte	15
 445 01a0 1B       		.byte	27
 446 01a1 02       		.byte	2
 447 01a2 21       		.byte	33
 448 01a3 01       		.byte	1
 449 01a4 23       		.byte	35
 450 01a5 02       		.byte	2
 451 01a6 28       		.byte	40
 452 01a7 01       		.byte	1
 453 01a8 2A       		.byte	42
 454 01a9 02       		.byte	2
 455 01aa 2B       		.byte	43
 456 01ab 02       		.byte	2
ARM GAS  C:\Users\ianh\AppData\Local\Temp\cchtvAre.s 			page 9


 457 01ac 2E       		.byte	46
 458 01ad 04       		.byte	4
 459 01ae 30       		.byte	48
 460 01af 0F       		.byte	15
 461 01b0 37       		.byte	55
 462 01b1 03       		.byte	3
 463 01b2 3B       		.byte	59
 464 01b3 80       		.byte	-128
 465 01b4 58       		.byte	88
 466 01b5 04       		.byte	4
 467 01b6 59       		.byte	89
 468 01b7 04       		.byte	4
 469 01b8 5C       		.byte	92
 470 01b9 80       		.byte	-128
 471 01ba 5F       		.byte	95
 472 01bb 21       		.byte	33
 473 01bc 83       		.byte	-125
 474 01bd 02       		.byte	2
 475 01be 86       		.byte	-122
 476 01bf 10       		.byte	16
 477 01c0 87       		.byte	-121
 478 01c1 02       		.byte	2
 479 01c2 89       		.byte	-119
 480 01c3 01       		.byte	1
 481 01c4 8A       		.byte	-118
 482 01c5 20       		.byte	32
 483 01c6 8C       		.byte	-116
 484 01c7 05       		.byte	5
 485 01c8 8E       		.byte	-114
 486 01c9 0A       		.byte	10
 487 01ca 91       		.byte	-111
 488 01cb 01       		.byte	1
 489 01cc 92       		.byte	-110
 490 01cd 20       		.byte	32
 491 01ce 96       		.byte	-106
 492 01cf 0F       		.byte	15
 493 01d0 99       		.byte	-103
 494 01d1 01       		.byte	1
 495 01d2 9C       		.byte	-100
 496 01d3 05       		.byte	5
 497 01d4 9E       		.byte	-98
 498 01d5 0A       		.byte	10
 499 01d6 A4       		.byte	-92
 500 01d7 0F       		.byte	15
 501 01d8 A8       		.byte	-88
 502 01d9 03       		.byte	3
 503 01da AA       		.byte	-86
 504 01db 0C       		.byte	12
 505 01dc AC       		.byte	-84
 506 01dd 03       		.byte	3
 507 01de AE       		.byte	-82
 508 01df 0C       		.byte	12
 509 01e0 B2       		.byte	-78
 510 01e1 30       		.byte	48
 511 01e2 B3       		.byte	-77
 512 01e3 02       		.byte	2
 513 01e4 B4       		.byte	-76
ARM GAS  C:\Users\ianh\AppData\Local\Temp\cchtvAre.s 			page 10


 514 01e5 0F       		.byte	15
 515 01e6 B5       		.byte	-75
 516 01e7 01       		.byte	1
 517 01e8 BB       		.byte	-69
 518 01e9 02       		.byte	2
 519 01ea BE       		.byte	-66
 520 01eb 04       		.byte	4
 521 01ec BF       		.byte	-65
 522 01ed 04       		.byte	4
 523 01ee C0       		.byte	-64
 524 01ef 52       		.byte	82
 525 01f0 C1       		.byte	-63
 526 01f1 04       		.byte	4
 527 01f2 C2       		.byte	-62
 528 01f3 06       		.byte	6
 529 01f4 C4       		.byte	-60
 530 01f5 03       		.byte	3
 531 01f6 C6       		.byte	-58
 532 01f7 0E       		.byte	14
 533 01f8 C7       		.byte	-57
 534 01f9 0C       		.byte	12
 535 01fa C8       		.byte	-56
 536 01fb 14       		.byte	20
 537 01fc C9       		.byte	-55
 538 01fd FF       		.byte	-1
 539 01fe CA       		.byte	-54
 540 01ff FF       		.byte	-1
 541 0200 CB       		.byte	-53
 542 0201 FF       		.byte	-1
 543 0202 CC       		.byte	-52
 544 0203 62       		.byte	98
 545 0204 CD       		.byte	-51
 546 0205 A0       		.byte	-96
 547 0206 CE       		.byte	-50
 548 0207 F0       		.byte	-16
 549 0208 CF       		.byte	-49
 550 0209 41       		.byte	65
 551 020a D0       		.byte	-48
 552 020b 0C       		.byte	12
 553 020c D2       		.byte	-46
 554 020d 83       		.byte	-125
 555 020e D4       		.byte	-44
 556 020f 03       		.byte	3
 557 0210 D6       		.byte	-42
 558 0211 04       		.byte	4
 559 0212 D8       		.byte	-40
 560 0213 04       		.byte	4
 561 0214 D9       		.byte	-39
 562 0215 04       		.byte	4
 563 0216 DA       		.byte	-38
 564 0217 04       		.byte	4
 565 0218 DB       		.byte	-37
 566 0219 04       		.byte	4
 567 021a DC       		.byte	-36
 568 021b 10       		.byte	16
 569 021c DD       		.byte	-35
 570 021d 01       		.byte	1
ARM GAS  C:\Users\ianh\AppData\Local\Temp\cchtvAre.s 			page 11


 571 021e DF       		.byte	-33
 572 021f 05       		.byte	5
 573 0220 E6       		.byte	-26
 574 0221 40       		.byte	64
 575 0222 E7       		.byte	-25
 576 0223 02       		.byte	2
 577 0224 E9       		.byte	-23
 578 0225 10       		.byte	16
 579 0226 EA       		.byte	-22
 580 0227 30       		.byte	48
 581 0228 EB       		.byte	-21
 582 0229 10       		.byte	16
 583 022a ED       		.byte	-19
 584 022b 10       		.byte	16
 585 022c EE       		.byte	-18
 586 022d 10       		.byte	16
 587 022e EF       		.byte	-17
 588 022f 12       		.byte	18
 589 0230 01       		.byte	1
 590 0231 40       		.byte	64
 591 0232 02       		.byte	2
 592 0233 20       		.byte	32
 593 0234 03       		.byte	3
 594 0235 08       		.byte	8
 595 0236 05       		.byte	5
 596 0237 40       		.byte	64
 597 0238 06       		.byte	6
 598 0239 01       		.byte	1
 599 023a 08       		.byte	8
 600 023b 06       		.byte	6
 601 023c 0B       		.byte	11
 602 023d 02       		.byte	2
 603 023e 0C       		.byte	12
 604 023f 04       		.byte	4
 605 0240 0E       		.byte	14
 606 0241 88       		.byte	-120
 607 0242 0F       		.byte	15
 608 0243 20       		.byte	32
 609 0244 11       		.byte	17
 610 0245 18       		.byte	24
 611 0246 12       		.byte	18
 612 0247 01       		.byte	1
 613 0248 15       		.byte	21
 614 0249 50       		.byte	80
 615 024a 18       		.byte	24
 616 024b 10       		.byte	16
 617 024c 19       		.byte	25
 618 024d 10       		.byte	16
 619 024e 1E       		.byte	30
 620 024f 80       		.byte	-128
 621 0250 1F       		.byte	31
 622 0251 01       		.byte	1
 623 0252 20       		.byte	32
 624 0253 C8       		.byte	-56
 625 0254 22       		.byte	34
 626 0255 08       		.byte	8
 627 0256 27       		.byte	39
ARM GAS  C:\Users\ianh\AppData\Local\Temp\cchtvAre.s 			page 12


 628 0257 02       		.byte	2
 629 0258 2C       		.byte	44
 630 0259 40       		.byte	64
 631 025a 2F       		.byte	47
 632 025b 04       		.byte	4
 633 025c 30       		.byte	48
 634 025d 20       		.byte	32
 635 025e 33       		.byte	51
 636 025f 01       		.byte	1
 637 0260 37       		.byte	55
 638 0261 22       		.byte	34
 639 0262 38       		.byte	56
 640 0263 08       		.byte	8
 641 0264 39       		.byte	57
 642 0265 20       		.byte	32
 643 0266 3B       		.byte	59
 644 0267 01       		.byte	1
 645 0268 3C       		.byte	60
 646 0269 08       		.byte	8
 647 026a 3E       		.byte	62
 648 026b 0A       		.byte	10
 649 026c 40       		.byte	64
 650 026d 50       		.byte	80
 651 026e 42       		.byte	66
 652 026f 08       		.byte	8
 653 0270 46       		.byte	70
 654 0271 02       		.byte	2
 655 0272 47       		.byte	71
 656 0273 40       		.byte	64
 657 0274 48       		.byte	72
 658 0275 09       		.byte	9
 659 0276 50       		.byte	80
 660 0277 04       		.byte	4
 661 0278 51       		.byte	81
 662 0279 80       		.byte	-128
 663 027a 59       		.byte	89
 664 027b 95       		.byte	-107
 665 027c 63       		.byte	99
 666 027d 80       		.byte	-128
 667 027e 69       		.byte	105
 668 027f 50       		.byte	80
 669 0280 6A       		.byte	106
 670 0281 20       		.byte	32
 671 0282 72       		.byte	114
 672 0283 80       		.byte	-128
 673 0284 7A       		.byte	122
 674 0285 04       		.byte	4
 675 0286 7D       		.byte	125
 676 0287 04       		.byte	4
 677 0288 80       		.byte	-128
 678 0289 08       		.byte	8
 679 028a 83       		.byte	-125
 680 028b 41       		.byte	65
 681 028c 8A       		.byte	-118
 682 028d 20       		.byte	32
 683 028e 8B       		.byte	-117
 684 028f 40       		.byte	64
ARM GAS  C:\Users\ianh\AppData\Local\Temp\cchtvAre.s 			page 13


 685 0290 95       		.byte	-107
 686 0291 62       		.byte	98
 687 0292 96       		.byte	-106
 688 0293 20       		.byte	32
 689 0294 97       		.byte	-105
 690 0295 0A       		.byte	10
 691 0296 98       		.byte	-104
 692 0297 42       		.byte	66
 693 0298 99       		.byte	-103
 694 0299 C0       		.byte	-64
 695 029a 9A       		.byte	-102
 696 029b 10       		.byte	16
 697 029c 9C       		.byte	-100
 698 029d 10       		.byte	16
 699 029e 9E       		.byte	-98
 700 029f 84       		.byte	-124
 701 02a0 9F       		.byte	-97
 702 02a1 66       		.byte	102
 703 02a2 A0       		.byte	-96
 704 02a3 10       		.byte	16
 705 02a4 A1       		.byte	-95
 706 02a5 0C       		.byte	12
 707 02a6 A2       		.byte	-94
 708 02a7 26       		.byte	38
 709 02a8 A3       		.byte	-93
 710 02a9 10       		.byte	16
 711 02aa A4       		.byte	-92
 712 02ab 20       		.byte	32
 713 02ac A5       		.byte	-91
 714 02ad 10       		.byte	16
 715 02ae A7       		.byte	-89
 716 02af 08       		.byte	8
 717 02b0 AB       		.byte	-85
 718 02b1 01       		.byte	1
 719 02b2 AD       		.byte	-83
 720 02b3 84       		.byte	-124
 721 02b4 B0       		.byte	-80
 722 02b5 02       		.byte	2
 723 02b6 C0       		.byte	-64
 724 02b7 87       		.byte	-121
 725 02b8 C2       		.byte	-62
 726 02b9 7D       		.byte	125
 727 02ba C4       		.byte	-60
 728 02bb C7       		.byte	-57
 729 02bc CA       		.byte	-54
 730 02bd A0       		.byte	-96
 731 02be CC       		.byte	-52
 732 02bf A5       		.byte	-91
 733 02c0 CE       		.byte	-50
 734 02c1 87       		.byte	-121
 735 02c2 D0       		.byte	-48
 736 02c3 07       		.byte	7
 737 02c4 D2       		.byte	-46
 738 02c5 0C       		.byte	12
 739 02c6 D6       		.byte	-42
 740 02c7 0F       		.byte	15
 741 02c8 D8       		.byte	-40
ARM GAS  C:\Users\ianh\AppData\Local\Temp\cchtvAre.s 			page 14


 742 02c9 01       		.byte	1
 743 02ca DE       		.byte	-34
 744 02cb 44       		.byte	68
 745 02cc EA       		.byte	-22
 746 02cd 01       		.byte	1
 747 02ce 03       		.byte	3
 748 02cf 0C       		.byte	12
 749 02d0 08       		.byte	8
 750 02d1 04       		.byte	4
 751 02d2 0A       		.byte	10
 752 02d3 02       		.byte	2
 753 02d4 0B       		.byte	11
 754 02d5 53       		.byte	83
 755 02d6 0E       		.byte	14
 756 02d7 01       		.byte	1
 757 02d8 10       		.byte	16
 758 02d9 02       		.byte	2
 759 02da 12       		.byte	18
 760 02db 04       		.byte	4
 761 02dc 17       		.byte	23
 762 02dd 08       		.byte	8
 763 02de 18       		.byte	24
 764 02df 06       		.byte	6
 765 02e0 19       		.byte	25
 766 02e1 2C       		.byte	44
 767 02e2 1B       		.byte	27
 768 02e3 43       		.byte	67
 769 02e4 1E       		.byte	30
 770 02e5 01       		.byte	1
 771 02e6 1F       		.byte	31
 772 02e7 40       		.byte	64
 773 02e8 21       		.byte	33
 774 02e9 71       		.byte	113
 775 02ea 23       		.byte	35
 776 02eb 0E       		.byte	14
 777 02ec 24       		.byte	36
 778 02ed 06       		.byte	6
 779 02ee 25       		.byte	37
 780 02ef 80       		.byte	-128
 781 02f0 29       		.byte	41
 782 02f1 71       		.byte	113
 783 02f2 2B       		.byte	43
 784 02f3 06       		.byte	6
 785 02f4 31       		.byte	49
 786 02f5 30       		.byte	48
 787 02f6 32       		.byte	50
 788 02f7 06       		.byte	6
 789 02f8 33       		.byte	51
 790 02f9 80       		.byte	-128
 791 02fa 34       		.byte	52
 792 02fb 01       		.byte	1
 793 02fc 35       		.byte	53
 794 02fd 0F       		.byte	15
 795 02fe 37       		.byte	55
 796 02ff 40       		.byte	64
 797 0300 39       		.byte	57
 798 0301 02       		.byte	2
ARM GAS  C:\Users\ianh\AppData\Local\Temp\cchtvAre.s 			page 15


 799 0302 3B       		.byte	59
 800 0303 20       		.byte	32
 801 0304 3E       		.byte	62
 802 0305 10       		.byte	16
 803 0306 3F       		.byte	63
 804 0307 45       		.byte	69
 805 0308 40       		.byte	64
 806 0309 43       		.byte	67
 807 030a 41       		.byte	65
 808 030b 06       		.byte	6
 809 030c 42       		.byte	66
 810 030d 02       		.byte	2
 811 030e 49       		.byte	73
 812 030f FF       		.byte	-1
 813 0310 4A       		.byte	74
 814 0311 FF       		.byte	-1
 815 0312 4B       		.byte	75
 816 0313 FF       		.byte	-1
 817 0314 4F       		.byte	79
 818 0315 01       		.byte	1
 819 0316 50       		.byte	80
 820 0317 18       		.byte	24
 821 0318 54       		.byte	84
 822 0319 01       		.byte	1
 823 031a 58       		.byte	88
 824 031b 04       		.byte	4
 825 031c 59       		.byte	89
 826 031d 04       		.byte	4
 827 031e 5A       		.byte	90
 828 031f 04       		.byte	4
 829 0320 5B       		.byte	91
 830 0321 04       		.byte	4
 831 0322 5C       		.byte	92
 832 0323 11       		.byte	17
 833 0324 5D       		.byte	93
 834 0325 10       		.byte	16
 835 0326 5F       		.byte	95
 836 0327 01       		.byte	1
 837 0328 60       		.byte	96
 838 0329 40       		.byte	64
 839 032a 62       		.byte	98
 840 032b 40       		.byte	64
 841 032c 64       		.byte	100
 842 032d 40       		.byte	64
 843 032e 65       		.byte	101
 844 032f 40       		.byte	64
 845 0330 66       		.byte	102
 846 0331 80       		.byte	-128
 847 0332 68       		.byte	104
 848 0333 80       		.byte	-128
 849 0334 6A       		.byte	106
 850 0335 80       		.byte	-128
 851 0336 6C       		.byte	108
 852 0337 80       		.byte	-128
 853 0338 6E       		.byte	110
 854 0339 80       		.byte	-128
 855 033a 81       		.byte	-127
ARM GAS  C:\Users\ianh\AppData\Local\Temp\cchtvAre.s 			page 16


 856 033b 08       		.byte	8
 857 033c 82       		.byte	-126
 858 033d 02       		.byte	2
 859 033e 83       		.byte	-125
 860 033f 06       		.byte	6
 861 0340 86       		.byte	-122
 862 0341 02       		.byte	2
 863 0342 8B       		.byte	-117
 864 0343 02       		.byte	2
 865 0344 93       		.byte	-109
 866 0345 02       		.byte	2
 867 0346 96       		.byte	-106
 868 0347 01       		.byte	1
 869 0348 97       		.byte	-105
 870 0349 01       		.byte	1
 871 034a 99       		.byte	-103
 872 034b 04       		.byte	4
 873 034c 9B       		.byte	-101
 874 034d 0A       		.byte	10
 875 034e 9C       		.byte	-100
 876 034f 01       		.byte	1
 877 0350 9E       		.byte	-98
 878 0351 02       		.byte	2
 879 0352 A1       		.byte	-95
 880 0353 01       		.byte	1
 881 0354 A3       		.byte	-93
 882 0355 0E       		.byte	14
 883 0356 AB       		.byte	-85
 884 0357 02       		.byte	2
 885 0358 B2       		.byte	-78
 886 0359 03       		.byte	3
 887 035a B3       		.byte	-77
 888 035b 0C       		.byte	12
 889 035c B5       		.byte	-75
 890 035d 03       		.byte	3
 891 035e BA       		.byte	-70
 892 035f 08       		.byte	8
 893 0360 BB       		.byte	-69
 894 0361 20       		.byte	32
 895 0362 C0       		.byte	-64
 896 0363 42       		.byte	66
 897 0364 C1       		.byte	-63
 898 0365 03       		.byte	3
 899 0366 C2       		.byte	-62
 900 0367 06       		.byte	6
 901 0368 C9       		.byte	-55
 902 0369 FF       		.byte	-1
 903 036a CA       		.byte	-54
 904 036b FF       		.byte	-1
 905 036c CB       		.byte	-53
 906 036d FF       		.byte	-1
 907 036e CD       		.byte	-51
 908 036f 83       		.byte	-125
 909 0370 CE       		.byte	-50
 910 0371 03       		.byte	3
 911 0372 CF       		.byte	-49
 912 0373 01       		.byte	1
ARM GAS  C:\Users\ianh\AppData\Local\Temp\cchtvAre.s 			page 17


 913 0374 D0       		.byte	-48
 914 0375 18       		.byte	24
 915 0376 D8       		.byte	-40
 916 0377 04       		.byte	4
 917 0378 D9       		.byte	-39
 918 0379 04       		.byte	4
 919 037a DA       		.byte	-38
 920 037b 04       		.byte	4
 921 037c DC       		.byte	-36
 922 037d 88       		.byte	-120
 923 037e DF       		.byte	-33
 924 037f 21       		.byte	33
 925 0380 E0       		.byte	-32
 926 0381 40       		.byte	64
 927 0382 E2       		.byte	-30
 928 0383 40       		.byte	64
 929 0384 E4       		.byte	-28
 930 0385 40       		.byte	64
 931 0386 E5       		.byte	-27
 932 0387 40       		.byte	64
 933 0388 E6       		.byte	-26
 934 0389 80       		.byte	-128
 935 038a E8       		.byte	-24
 936 038b 80       		.byte	-128
 937 038c EA       		.byte	-22
 938 038d 80       		.byte	-128
 939 038e EC       		.byte	-20
 940 038f 80       		.byte	-128
 941 0390 EE       		.byte	-18
 942 0391 80       		.byte	-128
 943 0392 00       		.byte	0
 944 0393 40       		.byte	64
 945 0394 03       		.byte	3
 946 0395 08       		.byte	8
 947 0396 07       		.byte	7
 948 0397 60       		.byte	96
 949 0398 08       		.byte	8
 950 0399 12       		.byte	18
 951 039a 09       		.byte	9
 952 039b 80       		.byte	-128
 953 039c 0C       		.byte	12
 954 039d 50       		.byte	80
 955 039e 0D       		.byte	13
 956 039f 10       		.byte	16
 957 03a0 0E       		.byte	14
 958 03a1 20       		.byte	32
 959 03a2 10       		.byte	16
 960 03a3 20       		.byte	32
 961 03a4 18       		.byte	24
 962 03a5 04       		.byte	4
 963 03a6 1B       		.byte	27
 964 03a7 08       		.byte	8
 965 03a8 1E       		.byte	30
 966 03a9 20       		.byte	32
 967 03aa 1F       		.byte	31
 968 03ab 04       		.byte	4
 969 03ac 21       		.byte	33
ARM GAS  C:\Users\ianh\AppData\Local\Temp\cchtvAre.s 			page 18


 970 03ad 01       		.byte	1
 971 03ae 22       		.byte	34
 972 03af 74       		.byte	116
 973 03b0 27       		.byte	39
 974 03b1 24       		.byte	36
 975 03b2 2B       		.byte	43
 976 03b3 A4       		.byte	-92
 977 03b4 2C       		.byte	44
 978 03b5 40       		.byte	64
 979 03b6 2F       		.byte	47
 980 03b7 04       		.byte	4
 981 03b8 30       		.byte	48
 982 03b9 80       		.byte	-128
 983 03ba 31       		.byte	49
 984 03bb 48       		.byte	72
 985 03bc 32       		.byte	50
 986 03bd 10       		.byte	16
 987 03be 37       		.byte	55
 988 03bf 26       		.byte	38
 989 03c0 39       		.byte	57
 990 03c1 08       		.byte	8
 991 03c2 3A       		.byte	58
 992 03c3 14       		.byte	20
 993 03c4 3B       		.byte	59
 994 03c5 12       		.byte	18
 995 03c6 3C       		.byte	60
 996 03c7 20       		.byte	32
 997 03c8 3E       		.byte	62
 998 03c9 02       		.byte	2
 999 03ca 40       		.byte	64
 1000 03cb 08       		.byte	8
 1001 03cc 41       		.byte	65
 1002 03cd 04       		.byte	4
 1003 03ce 42       		.byte	66
 1004 03cf 80       		.byte	-128
 1005 03d0 45       		.byte	69
 1006 03d1 14       		.byte	20
 1007 03d2 46       		.byte	70
 1008 03d3 84       		.byte	-124
 1009 03d4 4A       		.byte	74
 1010 03d5 04       		.byte	4
 1011 03d6 4F       		.byte	79
 1012 03d7 20       		.byte	32
 1013 03d8 58       		.byte	88
 1014 03d9 20       		.byte	32
 1015 03da 59       		.byte	89
 1016 03db 02       		.byte	2
 1017 03dc 5A       		.byte	90
 1018 03dd 88       		.byte	-120
 1019 03de 7D       		.byte	125
 1020 03df 04       		.byte	4
 1021 03e0 91       		.byte	-111
 1022 03e1 04       		.byte	4
 1023 03e2 93       		.byte	-109
 1024 03e3 40       		.byte	64
 1025 03e4 95       		.byte	-107
 1026 03e5 22       		.byte	34
ARM GAS  C:\Users\ianh\AppData\Local\Temp\cchtvAre.s 			page 19


 1027 03e6 97       		.byte	-105
 1028 03e7 09       		.byte	9
 1029 03e8 98       		.byte	-104
 1030 03e9 42       		.byte	66
 1031 03ea 9A       		.byte	-102
 1032 03eb DA       		.byte	-38
 1033 03ec 9B       		.byte	-101
 1034 03ed 02       		.byte	2
 1035 03ee 9D       		.byte	-99
 1036 03ef 05       		.byte	5
 1037 03f0 9E       		.byte	-98
 1038 03f1 04       		.byte	4
 1039 03f2 9F       		.byte	-97
 1040 03f3 65       		.byte	101
 1041 03f4 A0       		.byte	-96
 1042 03f5 50       		.byte	80
 1043 03f6 A1       		.byte	-95
 1044 03f7 8C       		.byte	-116
 1045 03f8 A2       		.byte	-94
 1046 03f9 06       		.byte	6
 1047 03fa A3       		.byte	-93
 1048 03fb 10       		.byte	16
 1049 03fc A4       		.byte	-92
 1050 03fd 21       		.byte	33
 1051 03fe A7       		.byte	-89
 1052 03ff 08       		.byte	8
 1053 0400 AC       		.byte	-84
 1054 0401 10       		.byte	16
 1055 0402 AD       		.byte	-83
 1056 0403 04       		.byte	4
 1057 0404 AE       		.byte	-82
 1058 0405 48       		.byte	72
 1059 0406 B5       		.byte	-75
 1060 0407 10       		.byte	16
 1061 0408 B6       		.byte	-74
 1062 0409 80       		.byte	-128
 1063 040a C0       		.byte	-64
 1064 040b 33       		.byte	51
 1065 040c C2       		.byte	-62
 1066 040d AB       		.byte	-85
 1067 040e C4       		.byte	-60
 1068 040f 04       		.byte	4
 1069 0410 CA       		.byte	-54
 1070 0411 A7       		.byte	-89
 1071 0412 CC       		.byte	-52
 1072 0413 EE       		.byte	-18
 1073 0414 CE       		.byte	-50
 1074 0415 A5       		.byte	-91
 1075 0416 D0       		.byte	-48
 1076 0417 E7       		.byte	-25
 1077 0418 D2       		.byte	-46
 1078 0419 24       		.byte	36
 1079 041a D6       		.byte	-42
 1080 041b 0F       		.byte	15
 1081 041c DE       		.byte	-34
 1082 041d 40       		.byte	64
 1083 041e 06       		.byte	6
ARM GAS  C:\Users\ianh\AppData\Local\Temp\cchtvAre.s 			page 20


 1084 041f 01       		.byte	1
 1085 0420 10       		.byte	16
 1086 0421 01       		.byte	1
 1087 0422 14       		.byte	20
 1088 0423 02       		.byte	2
 1089 0424 18       		.byte	24
 1090 0425 01       		.byte	1
 1091 0426 1D       		.byte	29
 1092 0427 01       		.byte	1
 1093 0428 23       		.byte	35
 1094 0429 01       		.byte	1
 1095 042a 30       		.byte	48
 1096 042b 03       		.byte	3
 1097 042c 31       		.byte	49
 1098 042d 01       		.byte	1
 1099 042e 38       		.byte	56
 1100 042f 02       		.byte	2
 1101 0430 40       		.byte	64
 1102 0431 42       		.byte	66
 1103 0432 41       		.byte	65
 1104 0433 03       		.byte	3
 1105 0434 42       		.byte	66
 1106 0435 06       		.byte	6
 1107 0436 49       		.byte	73
 1108 0437 FF       		.byte	-1
 1109 0438 4A       		.byte	74
 1110 0439 FF       		.byte	-1
 1111 043a 4B       		.byte	75
 1112 043b FF       		.byte	-1
 1113 043c 4D       		.byte	77
 1114 043d 83       		.byte	-125
 1115 043e 4E       		.byte	78
 1116 043f 03       		.byte	3
 1117 0440 4F       		.byte	79
 1118 0441 01       		.byte	1
 1119 0442 50       		.byte	80
 1120 0443 18       		.byte	24
 1121 0444 58       		.byte	88
 1122 0445 04       		.byte	4
 1123 0446 59       		.byte	89
 1124 0447 04       		.byte	4
 1125 0448 5A       		.byte	90
 1126 0449 04       		.byte	4
 1127 044a 5C       		.byte	92
 1128 044b 81       		.byte	-127
 1129 044c 5F       		.byte	95
 1130 044d 21       		.byte	33
 1131 044e 60       		.byte	96
 1132 044f 40       		.byte	64
 1133 0450 62       		.byte	98
 1134 0451 40       		.byte	64
 1135 0452 64       		.byte	100
 1136 0453 40       		.byte	64
 1137 0454 65       		.byte	101
 1138 0455 40       		.byte	64
 1139 0456 66       		.byte	102
 1140 0457 80       		.byte	-128
ARM GAS  C:\Users\ianh\AppData\Local\Temp\cchtvAre.s 			page 21


 1141 0458 68       		.byte	104
 1142 0459 80       		.byte	-128
 1143 045a 6A       		.byte	106
 1144 045b 80       		.byte	-128
 1145 045c 6C       		.byte	108
 1146 045d 80       		.byte	-128
 1147 045e 6E       		.byte	110
 1148 045f 80       		.byte	-128
 1149 0460 00       		.byte	0
 1150 0461 80       		.byte	-128
 1151 0462 01       		.byte	1
 1152 0463 28       		.byte	40
 1153 0464 02       		.byte	2
 1154 0465 20       		.byte	32
 1155 0466 05       		.byte	5
 1156 0467 08       		.byte	8
 1157 0468 08       		.byte	8
 1158 0469 01       		.byte	1
 1159 046a 09       		.byte	9
 1160 046b 08       		.byte	8
 1161 046c 0B       		.byte	11
 1162 046d 8A       		.byte	-118
 1163 046e 0C       		.byte	12
 1164 046f 01       		.byte	1
 1165 0470 0F       		.byte	15
 1166 0471 18       		.byte	24
 1167 0472 11       		.byte	17
 1168 0473 40       		.byte	64
 1169 0474 12       		.byte	18
 1170 0475 14       		.byte	20
 1171 0476 13       		.byte	19
 1172 0477 02       		.byte	2
 1173 0478 18       		.byte	24
 1174 0479 40       		.byte	64
 1175 047a 19       		.byte	25
 1176 047b 20       		.byte	32
 1177 047c 1F       		.byte	31
 1178 047d 01       		.byte	1
 1179 047e 20       		.byte	32
 1180 047f 02       		.byte	2
 1181 0480 21       		.byte	33
 1182 0481 80       		.byte	-128
 1183 0482 22       		.byte	34
 1184 0483 01       		.byte	1
 1185 0484 23       		.byte	35
 1186 0485 02       		.byte	2
 1187 0486 27       		.byte	39
 1188 0487 40       		.byte	64
 1189 0488 28       		.byte	40
 1190 0489 02       		.byte	2
 1191 048a 2A       		.byte	42
 1192 048b 04       		.byte	4
 1193 048c 2B       		.byte	43
 1194 048d 48       		.byte	72
 1195 048e 2C       		.byte	44
 1196 048f 40       		.byte	64
 1197 0490 30       		.byte	48
ARM GAS  C:\Users\ianh\AppData\Local\Temp\cchtvAre.s 			page 22


 1198 0491 08       		.byte	8
 1199 0492 31       		.byte	49
 1200 0493 90       		.byte	-112
 1201 0494 37       		.byte	55
 1202 0495 40       		.byte	64
 1203 0496 3A       		.byte	58
 1204 0497 1A       		.byte	26
 1205 0498 3B       		.byte	59
 1206 0499 40       		.byte	64
 1207 049a 3C       		.byte	60
 1208 049b 80       		.byte	-128
 1209 049c 3F       		.byte	63
 1210 049d 80       		.byte	-128
 1211 049e 40       		.byte	64
 1212 049f 08       		.byte	8
 1213 04a0 41       		.byte	65
 1214 04a1 04       		.byte	4
 1215 04a2 42       		.byte	66
 1216 04a3 80       		.byte	-128
 1217 04a4 45       		.byte	69
 1218 04a5 14       		.byte	20
 1219 04a6 46       		.byte	70
 1220 04a7 80       		.byte	-128
 1221 04a8 49       		.byte	73
 1222 04a9 05       		.byte	5
 1223 04aa 4A       		.byte	74
 1224 04ab 04       		.byte	4
 1225 04ac 4F       		.byte	79
 1226 04ad 20       		.byte	32
 1227 04ae 51       		.byte	81
 1228 04af 04       		.byte	4
 1229 04b0 5A       		.byte	90
 1230 04b1 02       		.byte	2
 1231 04b2 60       		.byte	96
 1232 04b3 04       		.byte	4
 1233 04b4 62       		.byte	98
 1234 04b5 40       		.byte	64
 1235 04b6 78       		.byte	120
 1236 04b7 08       		.byte	8
 1237 04b8 7B       		.byte	123
 1238 04b9 10       		.byte	16
 1239 04ba 7D       		.byte	125
 1240 04bb 04       		.byte	4
 1241 04bc 81       		.byte	-127
 1242 04bd 40       		.byte	64
 1243 04be 83       		.byte	-125
 1244 04bf 04       		.byte	4
 1245 04c0 90       		.byte	-112
 1246 04c1 04       		.byte	4
 1247 04c2 91       		.byte	-111
 1248 04c3 04       		.byte	4
 1249 04c4 93       		.byte	-109
 1250 04c5 50       		.byte	80
 1251 04c6 94       		.byte	-108
 1252 04c7 40       		.byte	64
 1253 04c8 95       		.byte	-107
 1254 04c9 28       		.byte	40
ARM GAS  C:\Users\ianh\AppData\Local\Temp\cchtvAre.s 			page 23


 1255 04ca 97       		.byte	-105
 1256 04cb 03       		.byte	3
 1257 04cc 98       		.byte	-104
 1258 04cd 42       		.byte	66
 1259 04ce 9A       		.byte	-102
 1260 04cf C8       		.byte	-56
 1261 04d0 9C       		.byte	-100
 1262 04d1 08       		.byte	8
 1263 04d2 9D       		.byte	-99
 1264 04d3 05       		.byte	5
 1265 04d4 9F       		.byte	-97
 1266 04d5 41       		.byte	65
 1267 04d6 A0       		.byte	-96
 1268 04d7 40       		.byte	64
 1269 04d8 A1       		.byte	-95
 1270 04d9 1C       		.byte	28
 1271 04da A2       		.byte	-94
 1272 04db 26       		.byte	38
 1273 04dc A3       		.byte	-93
 1274 04dd 18       		.byte	24
 1275 04de A4       		.byte	-92
 1276 04df A1       		.byte	-95
 1277 04e0 A7       		.byte	-89
 1278 04e1 A4       		.byte	-92
 1279 04e2 AC       		.byte	-84
 1280 04e3 20       		.byte	32
 1281 04e4 AD       		.byte	-83
 1282 04e5 40       		.byte	64
 1283 04e6 B1       		.byte	-79
 1284 04e7 02       		.byte	2
 1285 04e8 B3       		.byte	-77
 1286 04e9 20       		.byte	32
 1287 04ea C0       		.byte	-64
 1288 04eb 27       		.byte	39
 1289 04ec C2       		.byte	-62
 1290 04ed 7F       		.byte	127
 1291 04ee C4       		.byte	-60
 1292 04ef 0F       		.byte	15
 1293 04f0 CA       		.byte	-54
 1294 04f1 8F       		.byte	-113
 1295 04f2 CC       		.byte	-52
 1296 04f3 1E       		.byte	30
 1297 04f4 CE       		.byte	-50
 1298 04f5 0F       		.byte	15
 1299 04f6 D0       		.byte	-48
 1300 04f7 E7       		.byte	-25
 1301 04f8 D2       		.byte	-46
 1302 04f9 24       		.byte	36
 1303 04fa D6       		.byte	-42
 1304 04fb 01       		.byte	1
 1305 04fc D8       		.byte	-40
 1306 04fd 0C       		.byte	12
 1307 04fe DE       		.byte	-34
 1308 04ff 40       		.byte	64
 1309 0500 EA       		.byte	-22
 1310 0501 21       		.byte	33
 1311 0502 B4       		.byte	-76
ARM GAS  C:\Users\ianh\AppData\Local\Temp\cchtvAre.s 			page 24


 1312 0503 40       		.byte	64
 1313 0504 02       		.byte	2
 1314 0505 03       		.byte	3
 1315 0506 04       		.byte	4
 1316 0507 06       		.byte	6
 1317 0508 06       		.byte	6
 1318 0509 01       		.byte	1
 1319 050a 16       		.byte	22
 1320 050b 02       		.byte	2
 1321 050c 1A       		.byte	26
 1322 050d 05       		.byte	5
 1323 050e 1E       		.byte	30
 1324 050f 06       		.byte	6
 1325 0510 2A       		.byte	42
 1326 0511 01       		.byte	1
 1327 0512 36       		.byte	54
 1328 0513 07       		.byte	7
 1329 0514 3A       		.byte	58
 1330 0515 80       		.byte	-128
 1331 0516 58       		.byte	88
 1332 0517 04       		.byte	4
 1333 0518 5C       		.byte	92
 1334 0519 01       		.byte	1
 1335 051a 5F       		.byte	95
 1336 051b 01       		.byte	1
 1337 051c 80       		.byte	-128
 1338 051d 20       		.byte	32
 1339 051e 81       		.byte	-127
 1340 051f 7F       		.byte	127
 1341 0520 84       		.byte	-124
 1342 0521 0A       		.byte	10
 1343 0522 85       		.byte	-123
 1344 0523 18       		.byte	24
 1345 0524 86       		.byte	-122
 1346 0525 04       		.byte	4
 1347 0526 88       		.byte	-120
 1348 0527 10       		.byte	16
 1349 0528 89       		.byte	-119
 1350 0529 08       		.byte	8
 1351 052a 8C       		.byte	-116
 1352 052b 20       		.byte	32
 1353 052c 8D       		.byte	-115
 1354 052d 67       		.byte	103
 1355 052e 8F       		.byte	-113
 1356 052f 18       		.byte	24
 1357 0530 90       		.byte	-112
 1358 0531 03       		.byte	3
 1359 0532 92       		.byte	-110
 1360 0533 04       		.byte	4
 1361 0534 93       		.byte	-109
 1362 0535 04       		.byte	4
 1363 0536 95       		.byte	-107
 1364 0537 3C       		.byte	60
 1365 0538 96       		.byte	-106
 1366 0539 05       		.byte	5
 1367 053a 97       		.byte	-105
 1368 053b 42       		.byte	66
ARM GAS  C:\Users\ianh\AppData\Local\Temp\cchtvAre.s 			page 25


 1369 053c 9E       		.byte	-98
 1370 053d 08       		.byte	8
 1371 053e A0       		.byte	-96
 1372 053f 03       		.byte	3
 1373 0540 A1       		.byte	-95
 1374 0541 10       		.byte	16
 1375 0542 A2       		.byte	-94
 1376 0543 04       		.byte	4
 1377 0544 A4       		.byte	-92
 1378 0545 20       		.byte	32
 1379 0546 A7       		.byte	-89
 1380 0547 63       		.byte	99
 1381 0548 A8       		.byte	-88
 1382 0549 20       		.byte	32
 1383 054a A9       		.byte	-87
 1384 054b 1C       		.byte	28
 1385 054c AB       		.byte	-85
 1386 054d 61       		.byte	97
 1387 054e AC       		.byte	-84
 1388 054f 03       		.byte	3
 1389 0550 AD       		.byte	-83
 1390 0551 04       		.byte	4
 1391 0552 AE       		.byte	-82
 1392 0553 0C       		.byte	12
 1393 0554 B0       		.byte	-80
 1394 0555 10       		.byte	16
 1395 0556 B2       		.byte	-78
 1396 0557 0F       		.byte	15
 1397 0558 B3       		.byte	-77
 1398 0559 1F       		.byte	31
 1399 055a B4       		.byte	-76
 1400 055b 20       		.byte	32
 1401 055c B5       		.byte	-75
 1402 055d 58       		.byte	88
 1403 055e B7       		.byte	-73
 1404 055f 38       		.byte	56
 1405 0560 BA       		.byte	-70
 1406 0561 08       		.byte	8
 1407 0562 BB       		.byte	-69
 1408 0563 28       		.byte	40
 1409 0564 BE       		.byte	-66
 1410 0565 11       		.byte	17
 1411 0566 C0       		.byte	-64
 1412 0567 36       		.byte	54
 1413 0568 C1       		.byte	-63
 1414 0569 01       		.byte	1
 1415 056a C6       		.byte	-58
 1416 056b EC       		.byte	-20
 1417 056c C7       		.byte	-57
 1418 056d 0B       		.byte	11
 1419 056e C8       		.byte	-56
 1420 056f 1C       		.byte	28
 1421 0570 C9       		.byte	-55
 1422 0571 FF       		.byte	-1
 1423 0572 CA       		.byte	-54
 1424 0573 FF       		.byte	-1
 1425 0574 CB       		.byte	-53
ARM GAS  C:\Users\ianh\AppData\Local\Temp\cchtvAre.s 			page 26


 1426 0575 FF       		.byte	-1
 1427 0576 CE       		.byte	-50
 1428 0577 F0       		.byte	-16
 1429 0578 CF       		.byte	-49
 1430 0579 44       		.byte	68
 1431 057a D0       		.byte	-48
 1432 057b 0C       		.byte	12
 1433 057c D6       		.byte	-42
 1434 057d 02       		.byte	2
 1435 057e D7       		.byte	-41
 1436 057f 12       		.byte	18
 1437 0580 D8       		.byte	-40
 1438 0581 04       		.byte	4
 1439 0582 D9       		.byte	-39
 1440 0583 04       		.byte	4
 1441 0584 DA       		.byte	-38
 1442 0585 04       		.byte	4
 1443 0586 DB       		.byte	-37
 1444 0587 04       		.byte	4
 1445 0588 DC       		.byte	-36
 1446 0589 11       		.byte	17
 1447 058a DD       		.byte	-35
 1448 058b 11       		.byte	17
 1449 058c DF       		.byte	-33
 1450 058d 01       		.byte	1
 1451 058e E6       		.byte	-26
 1452 058f C0       		.byte	-64
 1453 0590 EA       		.byte	-22
 1454 0591 40       		.byte	64
 1455 0592 EB       		.byte	-21
 1456 0593 02       		.byte	2
 1457 0594 00       		.byte	0
 1458 0595 82       		.byte	-126
 1459 0596 01       		.byte	1
 1460 0597 28       		.byte	40
 1461 0598 02       		.byte	2
 1462 0599 61       		.byte	97
 1463 059a 05       		.byte	5
 1464 059b 08       		.byte	8
 1465 059c 07       		.byte	7
 1466 059d 40       		.byte	64
 1467 059e 08       		.byte	8
 1468 059f 48       		.byte	72
 1469 05a0 0B       		.byte	11
 1470 05a1 92       		.byte	-110
 1471 05a2 0C       		.byte	12
 1472 05a3 40       		.byte	64
 1473 05a4 0D       		.byte	13
 1474 05a5 08       		.byte	8
 1475 05a6 0F       		.byte	15
 1476 05a7 08       		.byte	8
 1477 05a8 10       		.byte	16
 1478 05a9 80       		.byte	-128
 1479 05aa 11       		.byte	17
 1480 05ab 40       		.byte	64
 1481 05ac 12       		.byte	18
 1482 05ad 1C       		.byte	28
ARM GAS  C:\Users\ianh\AppData\Local\Temp\cchtvAre.s 			page 27


 1483 05ae 13       		.byte	19
 1484 05af 08       		.byte	8
 1485 05b0 14       		.byte	20
 1486 05b1 08       		.byte	8
 1487 05b2 18       		.byte	24
 1488 05b3 40       		.byte	64
 1489 05b4 1A       		.byte	26
 1490 05b5 18       		.byte	24
 1491 05b6 1B       		.byte	27
 1492 05b7 04       		.byte	4
 1493 05b8 1F       		.byte	31
 1494 05b9 C0       		.byte	-64
 1495 05ba 22       		.byte	34
 1496 05bb 08       		.byte	8
 1497 05bc 23       		.byte	35
 1498 05bd 09       		.byte	9
 1499 05be 28       		.byte	40
 1500 05bf 02       		.byte	2
 1501 05c0 2A       		.byte	42
 1502 05c1 1A       		.byte	26
 1503 05c2 32       		.byte	50
 1504 05c3 0A       		.byte	10
 1505 05c4 38       		.byte	56
 1506 05c5 28       		.byte	40
 1507 05c6 3A       		.byte	58
 1508 05c7 41       		.byte	65
 1509 05c8 42       		.byte	66
 1510 05c9 10       		.byte	16
 1511 05ca 43       		.byte	67
 1512 05cb C0       		.byte	-64
 1513 05cc 4B       		.byte	75
 1514 05cd 10       		.byte	16
 1515 05ce 50       		.byte	80
 1516 05cf 80       		.byte	-128
 1517 05d0 53       		.byte	83
 1518 05d1 24       		.byte	36
 1519 05d2 5A       		.byte	90
 1520 05d3 08       		.byte	8
 1521 05d4 68       		.byte	104
 1522 05d5 20       		.byte	32
 1523 05d6 69       		.byte	105
 1524 05d7 20       		.byte	32
 1525 05d8 6B       		.byte	107
 1526 05d9 01       		.byte	1
 1527 05da 70       		.byte	112
 1528 05db 1C       		.byte	28
 1529 05dc 71       		.byte	113
 1530 05dd 10       		.byte	16
 1531 05de 72       		.byte	114
 1532 05df 02       		.byte	2
 1533 05e0 91       		.byte	-111
 1534 05e1 40       		.byte	64
 1535 05e2 93       		.byte	-109
 1536 05e3 12       		.byte	18
 1537 05e4 95       		.byte	-107
 1538 05e5 20       		.byte	32
 1539 05e6 97       		.byte	-105
ARM GAS  C:\Users\ianh\AppData\Local\Temp\cchtvAre.s 			page 28


 1540 05e7 89       		.byte	-119
 1541 05e8 98       		.byte	-104
 1542 05e9 02       		.byte	2
 1543 05ea 99       		.byte	-103
 1544 05eb 20       		.byte	32
 1545 05ec 9A       		.byte	-102
 1546 05ed 08       		.byte	8
 1547 05ee 9D       		.byte	-99
 1548 05ef 10       		.byte	16
 1549 05f0 9E       		.byte	-98
 1550 05f1 16       		.byte	22
 1551 05f2 9F       		.byte	-97
 1552 05f3 01       		.byte	1
 1553 05f4 A0       		.byte	-96
 1554 05f5 41       		.byte	65
 1555 05f6 A1       		.byte	-95
 1556 05f7 08       		.byte	8
 1557 05f8 A2       		.byte	-94
 1558 05f9 22       		.byte	34
 1559 05fa A4       		.byte	-92
 1560 05fb A8       		.byte	-88
 1561 05fc A7       		.byte	-89
 1562 05fd A4       		.byte	-92
 1563 05fe C0       		.byte	-64
 1564 05ff 3F       		.byte	63
 1565 0600 C2       		.byte	-62
 1566 0601 ED       		.byte	-19
 1567 0602 C4       		.byte	-60
 1568 0603 4F       		.byte	79
 1569 0604 CA       		.byte	-54
 1570 0605 0F       		.byte	15
 1571 0606 CC       		.byte	-52
 1572 0607 03       		.byte	3
 1573 0608 CE       		.byte	-50
 1574 0609 0F       		.byte	15
 1575 060a D0       		.byte	-48
 1576 060b 0A       		.byte	10
 1577 060c D2       		.byte	-46
 1578 060d 04       		.byte	4
 1579 060e D6       		.byte	-42
 1580 060f 02       		.byte	2
 1581 0610 E8       		.byte	-24
 1582 0611 40       		.byte	64
 1583 0612 32       		.byte	50
 1584 0613 02       		.byte	2
 1585 0614 33       		.byte	51
 1586 0615 10       		.byte	16
 1587 0616 35       		.byte	53
 1588 0617 40       		.byte	64
 1589 0618 49       		.byte	73
 1590 0619 40       		.byte	64
 1591 061a 4B       		.byte	75
 1592 061b 20       		.byte	32
 1593 061c 85       		.byte	-123
 1594 061d 40       		.byte	64
 1595 061e 8E       		.byte	-114
 1596 061f 02       		.byte	2
ARM GAS  C:\Users\ianh\AppData\Local\Temp\cchtvAre.s 			page 29


 1597 0620 CC       		.byte	-52
 1598 0621 70       		.byte	112
 1599 0622 E4       		.byte	-28
 1600 0623 10       		.byte	16
 1601 0624 08       		.byte	8
 1602 0625 80       		.byte	-128
 1603 0626 0B       		.byte	11
 1604 0627 20       		.byte	32
 1605 0628 83       		.byte	-125
 1606 0629 10       		.byte	16
 1607 062a 97       		.byte	-105
 1608 062b 20       		.byte	32
 1609 062c 9F       		.byte	-97
 1610 062d 10       		.byte	16
 1611 062e C2       		.byte	-62
 1612 062f 50       		.byte	80
 1613 0630 E2       		.byte	-30
 1614 0631 20       		.byte	32
 1615 0632 AC       		.byte	-84
 1616 0633 80       		.byte	-128
 1617 0634 EC       		.byte	-20
 1618 0635 40       		.byte	64
 1619 0636 08       		.byte	8
 1620 0637 10       		.byte	16
 1621 0638 2A       		.byte	42
 1622 0639 80       		.byte	-128
 1623 063a 53       		.byte	83
 1624 063b 01       		.byte	1
 1625 063c C2       		.byte	-62
 1626 063d 02       		.byte	2
 1627 063e CA       		.byte	-54
 1628 063f 08       		.byte	8
 1629 0640 D4       		.byte	-44
 1630 0641 01       		.byte	1
 1631 0642 97       		.byte	-105
 1632 0643 02       		.byte	2
 1633 0644 AA       		.byte	-86
 1634 0645 80       		.byte	-128
 1635 0646 B0       		.byte	-80
 1636 0647 10       		.byte	16
 1637 0648 EA       		.byte	-22
 1638 0649 04       		.byte	4
 1639 064a 97       		.byte	-105
 1640 064b 02       		.byte	2
 1641 064c 97       		.byte	-105
 1642 064d 02       		.byte	2
 1643 064e 97       		.byte	-105
 1644 064f 02       		.byte	2
 1645 0650 B7       		.byte	-73
 1646 0651 01       		.byte	1
 1647 0652 E8       		.byte	-24
 1648 0653 02       		.byte	2
 1649 0654 00       		.byte	0
 1650 0655 03       		.byte	3
 1651 0656 08       		.byte	8
 1652 0657 03       		.byte	3
 1653 0658 0A       		.byte	10
ARM GAS  C:\Users\ianh\AppData\Local\Temp\cchtvAre.s 			page 30


 1654 0659 03       		.byte	3
 1655 065a 10       		.byte	16
 1656 065b 02       		.byte	2
 1657 065c 1A       		.byte	26
 1658 065d 02       		.byte	2
 1659 065e 00       		.byte	0
 1660 065f 3F       		.byte	63
 1661 0660 00       		.byte	0
 1662 0661 08       		.byte	8
 1663 0662 00       		.byte	0
 1664 0663 00       		.byte	0
 1665 0664 38       		.byte	56
 1666 0665 00       		.byte	0
 1667 0666 04       		.byte	4
 1668 0667 33       		.byte	51
 1669 0668 00       		.byte	0
 1670 0669 0F       		.byte	15
 1671 066a 06       		.byte	6
 1672 066b 30       		.byte	48
 1673 066c 01       		.byte	1
 1674 066d 33       		.byte	51
 1675 066e 00       		.byte	0
 1676 066f 00       		.byte	0
 1677 0670 18       		.byte	24
 1678 0671 00       		.byte	0
 1679 0672 22       		.byte	34
 1680 0673 00       		.byte	0
 1681 0674 20       		.byte	32
 1682 0675 0C       		.byte	12
 1683 0676 00       		.byte	0
 1684 0677 00       		.byte	0
 1685 0678 28       		.byte	40
 1686 0679 04       		.byte	4
 1687 067a 00       		.byte	0
 1688 067b 00       		.byte	0
 1689 067c 12       		.byte	18
 1690 067d 33       		.byte	51
 1691 067e 20       		.byte	32
 1692 067f 0C       		.byte	12
 1693 0680 01       		.byte	1
 1694 0681 3F       		.byte	63
 1695 0682 00       		.byte	0
 1696 0683 00       		.byte	0
 1697 0684 00       		.byte	0
 1698 0685 0C       		.byte	12
 1699 0686 01       		.byte	1
 1700 0687 33       		.byte	51
 1701 0688 00       		.byte	0
 1702 0689 22       		.byte	34
 1703 068a 01       		.byte	1
 1704 068b 00       		.byte	0
 1705 068c 20       		.byte	32
 1706 068d 11       		.byte	17
 1707 068e 18       		.byte	24
 1708 068f 00       		.byte	0
 1709 0690 01       		.byte	1
 1710 0691 30       		.byte	48
ARM GAS  C:\Users\ianh\AppData\Local\Temp\cchtvAre.s 			page 31


 1711 0692 00       		.byte	0
 1712 0693 00       		.byte	0
 1713 0694 3E       		.byte	62
 1714 0695 00       		.byte	0
 1715 0696 00       		.byte	0
 1716 0697 0F       		.byte	15
 1717 0698 02       		.byte	2
 1718 0699 00       		.byte	0
 1719 069a 00       		.byte	0
 1720 069b 80       		.byte	-128
 1721 069c 00       		.byte	0
 1722 069d 00       		.byte	0
 1723 069e 00       		.byte	0
 1724 069f 00       		.byte	0
 1725 06a0 43       		.byte	67
 1726 06a1 06       		.byte	6
 1727 06a2 02       		.byte	2
 1728 06a3 00       		.byte	0
 1729 06a4 00       		.byte	0
 1730 06a5 EC       		.byte	-20
 1731 06a6 00       		.byte	0
 1732 06a7 02       		.byte	2
 1733 06a8 13       		.byte	19
 1734 06a9 FF       		.byte	-1
 1735 06aa FF       		.byte	-1
 1736 06ab FF       		.byte	-1
 1737 06ac 00       		.byte	0
 1738 06ad 83       		.byte	-125
 1739 06ae 03       		.byte	3
 1740 06af 01       		.byte	1
 1741 06b0 18       		.byte	24
 1742 06b1 00       		.byte	0
 1743 06b2 00       		.byte	0
 1744 06b3 00       		.byte	0
 1745 06b4 18       		.byte	24
 1746 06b5 00       		.byte	0
 1747 06b6 00       		.byte	0
 1748 06b7 00       		.byte	0
 1749 06b8 04       		.byte	4
 1750 06b9 04       		.byte	4
 1751 06ba 04       		.byte	4
 1752 06bb 04       		.byte	4
 1753 06bc 11       		.byte	17
 1754 06bd 10       		.byte	16
 1755 06be 00       		.byte	0
 1756 06bf 01       		.byte	1
 1757 06c0 40       		.byte	64
 1758 06c1 00       		.byte	0
 1759 06c2 40       		.byte	64
 1760 06c3 00       		.byte	0
 1761 06c4 40       		.byte	64
 1762 06c5 40       		.byte	64
 1763 06c6 80       		.byte	-128
 1764 06c7 00       		.byte	0
 1765 06c8 80       		.byte	-128
 1766 06c9 00       		.byte	0
 1767 06ca 80       		.byte	-128
ARM GAS  C:\Users\ianh\AppData\Local\Temp\cchtvAre.s 			page 32


 1768 06cb 00       		.byte	0
 1769 06cc 80       		.byte	-128
 1770 06cd 00       		.byte	0
 1771 06ce 80       		.byte	-128
 1772 06cf 00       		.byte	0
 1773 06d0 00       		.byte	0
 1774 06d1 00       		.byte	0
 1775 06d2 00       		.byte	0
 1776 06d3 00       		.byte	0
 1777 06d4 00       		.byte	0
 1778 06d5 00       		.byte	0
 1779 06d6 00       		.byte	0
 1780 06d7 00       		.byte	0
 1781 06d8 00       		.byte	0
 1782 06d9 00       		.byte	0
 1783 06da 00       		.byte	0
 1784 06db 00       		.byte	0
 1785 06dc 00       		.byte	0
 1786 06dd 00       		.byte	0
 1787 06de 00       		.byte	0
 1788 06df 00       		.byte	0
 1789 06e0 50       		.byte	80
 1790 06e1 00       		.byte	0
 1791 06e2 00       		.byte	0
 1792 06e3 00       		.byte	0
 1793 06e4 00       		.byte	0
 1794 06e5 00       		.byte	0
 1795 06e6 00       		.byte	0
 1796 06e7 00       		.byte	0
 1797 06e8 00       		.byte	0
 1798 06e9 0B       		.byte	11
 1799 06ea 0B       		.byte	11
 1800 06eb 00       		.byte	0
 1801 06ec 00       		.byte	0
 1802 06ed 00       		.byte	0
 1803 06ee 00       		.byte	0
 1804 06ef 00       		.byte	0
 1805 06f0 00       		.byte	0
 1806 06f1 7F       		.byte	127
 1807 06f2 7F       		.byte	127
 1808 06f3 00       		.byte	0
 1809 06f4 00       		.byte	0
 1810 06f5 00       		.byte	0
 1811 06f6 00       		.byte	0
 1812 06f7 00       		.byte	0
 1813 06f8 00       		.byte	0
 1814 06f9 00       		.byte	0
 1815 06fa 00       		.byte	0
 1816 06fb 00       		.byte	0
 1817 06fc 00       		.byte	0
 1818 06fd 00       		.byte	0
 1819 06fe 04       		.byte	4
 1820 06ff 00       		.byte	0
 1821 0700 01       		.byte	1
 1822 0701 00       		.byte	0
 1823 0702 40       		.byte	64
 1824 0703 01       		.byte	1
ARM GAS  C:\Users\ianh\AppData\Local\Temp\cchtvAre.s 			page 33


 1825 0704 01       		.byte	1
 1826 0705 00       		.byte	0
 1827 0706 01       		.byte	1
 1828 0707 00       		.byte	0
 1829 0708 00       		.byte	0
 1830 0709 00       		.byte	0
 1831 070a 00       		.byte	0
 1832 070b 00       		.byte	0
 1833              		.section	.cywolatch,"a",%progbits
 1834              		.align	2
 1835              		.type	cy_meta_wonvl, %object
 1836              		.size	cy_meta_wonvl, 4
 1837              	cy_meta_wonvl:
 1838 0000 BC       		.byte	-68
 1839 0001 90       		.byte	-112
 1840 0002 AC       		.byte	-84
 1841 0003 AF       		.byte	-81
 1842              		.section	.cycustnvl,"a",%progbits
 1843              		.align	2
 1844              		.type	cy_meta_custnvl, %object
 1845              		.size	cy_meta_custnvl, 4
 1846              	cy_meta_custnvl:
 1847 0000 00       		.byte	0
 1848 0001 00       		.byte	0
 1849 0002 40       		.byte	64
 1850 0003 05       		.byte	5
 1851              		.section	.cymeta,"a",%progbits
 1852              		.align	2
 1853              		.type	cy_metadata, %object
 1854              		.size	cy_metadata, 12
 1855              	cy_metadata:
 1856 0000 00       		.byte	0
 1857 0001 01       		.byte	1
 1858 0002 2E       		.byte	46
 1859 0003 12       		.byte	18
 1860 0004 30       		.byte	48
 1861 0005 69       		.byte	105
 1862 0006 00       		.byte	0
 1863 0007 01       		.byte	1
 1864 0008 00       		.byte	0
 1865 0009 00       		.byte	0
 1866 000a 00       		.byte	0
 1867 000b 00       		.byte	0
 1868              		.section	.cyflashprotect,"a",%progbits
 1869              		.align	2
 1870              		.type	cy_meta_flashprotect, %object
 1871              		.size	cy_meta_flashprotect, 256
 1872              	cy_meta_flashprotect:
 1873 0000 00000000 		.space	256
 1873      00000000 
 1873      00000000 
 1873      00000000 
 1873      00000000 
 1874              		.text
 1875              	.Letext0:
 1876              		.file 1 "c:\\program files (x86)\\cypress\\psoc creator\\4.4\\psoc creator\\import\\gnu\\arm\\5.4.
 1877              		.file 2 "c:\\program files (x86)\\cypress\\psoc creator\\4.4\\psoc creator\\import\\gnu\\arm\\5.4.
ARM GAS  C:\Users\ianh\AppData\Local\Temp\cchtvAre.s 			page 34


 1878              		.file 3 "Generated_Source\\PSoC5\\cymetadata.c"
 1879              		.section	.debug_info,"",%progbits
 1880              	.Ldebug_info0:
 1881 0000 35010000 		.4byte	0x135
 1882 0004 0400     		.2byte	0x4
 1883 0006 00000000 		.4byte	.Ldebug_abbrev0
 1884 000a 04       		.byte	0x4
 1885 000b 01       		.uleb128 0x1
 1886 000c 24000000 		.4byte	.LASF17
 1887 0010 0C       		.byte	0xc
 1888 0011 C1010000 		.4byte	.LASF18
 1889 0015 B2000000 		.4byte	.LASF19
 1890 0019 00000000 		.4byte	.Ldebug_line0
 1891 001d 02       		.uleb128 0x2
 1892 001e 01       		.byte	0x1
 1893 001f 06       		.byte	0x6
 1894 0020 B5010000 		.4byte	.LASF0
 1895 0024 03       		.uleb128 0x3
 1896 0025 00000000 		.4byte	.LASF9
 1897 0029 01       		.byte	0x1
 1898 002a 1D       		.byte	0x1d
 1899 002b 2F000000 		.4byte	0x2f
 1900 002f 02       		.uleb128 0x2
 1901 0030 01       		.byte	0x1
 1902 0031 08       		.byte	0x8
 1903 0032 16000000 		.4byte	.LASF1
 1904 0036 02       		.uleb128 0x2
 1905 0037 02       		.byte	0x2
 1906 0038 05       		.byte	0x5
 1907 0039 A2010000 		.4byte	.LASF2
 1908 003d 02       		.uleb128 0x2
 1909 003e 02       		.byte	0x2
 1910 003f 07       		.byte	0x7
 1911 0040 07010000 		.4byte	.LASF3
 1912 0044 02       		.uleb128 0x2
 1913 0045 04       		.byte	0x4
 1914 0046 05       		.byte	0x5
 1915 0047 AC010000 		.4byte	.LASF4
 1916 004b 02       		.uleb128 0x2
 1917 004c 04       		.byte	0x4
 1918 004d 07       		.byte	0x7
 1919 004e F5000000 		.4byte	.LASF5
 1920 0052 02       		.uleb128 0x2
 1921 0053 08       		.byte	0x8
 1922 0054 05       		.byte	0x5
 1923 0055 94010000 		.4byte	.LASF6
 1924 0059 02       		.uleb128 0x2
 1925 005a 08       		.byte	0x8
 1926 005b 07       		.byte	0x7
 1927 005c 49010000 		.4byte	.LASF7
 1928 0060 04       		.uleb128 0x4
 1929 0061 04       		.byte	0x4
 1930 0062 05       		.byte	0x5
 1931 0063 696E7400 		.ascii	"int\000"
 1932 0067 02       		.uleb128 0x2
 1933 0068 04       		.byte	0x4
 1934 0069 07       		.byte	0x7
ARM GAS  C:\Users\ianh\AppData\Local\Temp\cchtvAre.s 			page 35


 1935 006a 3C010000 		.4byte	.LASF8
 1936 006e 03       		.uleb128 0x3
 1937 006f 60010000 		.4byte	.LASF10
 1938 0073 02       		.byte	0x2
 1939 0074 18       		.byte	0x18
 1940 0075 24000000 		.4byte	0x24
 1941 0079 05       		.uleb128 0x5
 1942 007a 91000000 		.4byte	0x91
 1943 007e 8A000000 		.4byte	0x8a
 1944 0082 06       		.uleb128 0x6
 1945 0083 8A000000 		.4byte	0x8a
 1946 0087 0B07     		.2byte	0x70b
 1947 0089 00       		.byte	0
 1948 008a 02       		.uleb128 0x2
 1949 008b 04       		.byte	0x4
 1950 008c 07       		.byte	0x7
 1951 008d 8B010000 		.4byte	.LASF11
 1952 0091 07       		.uleb128 0x7
 1953 0092 6E000000 		.4byte	0x6e
 1954 0096 08       		.uleb128 0x8
 1955 0097 2A010000 		.4byte	.LASF12
 1956 009b 03       		.byte	0x3
 1957 009c 1F       		.byte	0x1f
 1958 009d A7000000 		.4byte	0xa7
 1959 00a1 05       		.uleb128 0x5
 1960 00a2 03       		.byte	0x3
 1961 00a3 00000000 		.4byte	cy_meta_configecc
 1962 00a7 07       		.uleb128 0x7
 1963 00a8 79000000 		.4byte	0x79
 1964 00ac 05       		.uleb128 0x5
 1965 00ad 91000000 		.4byte	0x91
 1966 00b1 BC000000 		.4byte	0xbc
 1967 00b5 09       		.uleb128 0x9
 1968 00b6 8A000000 		.4byte	0x8a
 1969 00ba 03       		.byte	0x3
 1970 00bb 00       		.byte	0
 1971 00bc 0A       		.uleb128 0xa
 1972 00bd 1A010000 		.4byte	.LASF13
 1973 00c1 03       		.byte	0x3
 1974 00c2 0E01     		.2byte	0x10e
 1975 00c4 CE000000 		.4byte	0xce
 1976 00c8 05       		.uleb128 0x5
 1977 00c9 03       		.byte	0x3
 1978 00ca 00000000 		.4byte	cy_meta_custnvl
 1979 00ce 07       		.uleb128 0x7
 1980 00cf AC000000 		.4byte	0xac
 1981 00d3 0A       		.uleb128 0xa
 1982 00d4 7D010000 		.4byte	.LASF14
 1983 00d8 03       		.byte	0x3
 1984 00d9 1C01     		.2byte	0x11c
 1985 00db E5000000 		.4byte	0xe5
 1986 00df 05       		.uleb128 0x5
 1987 00e0 03       		.byte	0x3
 1988 00e1 00000000 		.4byte	cy_meta_wonvl
 1989 00e5 07       		.uleb128 0x7
 1990 00e6 AC000000 		.4byte	0xac
 1991 00ea 05       		.uleb128 0x5
ARM GAS  C:\Users\ianh\AppData\Local\Temp\cchtvAre.s 			page 36


 1992 00eb 91000000 		.4byte	0x91
 1993 00ef FA000000 		.4byte	0xfa
 1994 00f3 09       		.uleb128 0x9
 1995 00f4 8A000000 		.4byte	0x8a
 1996 00f8 FF       		.byte	0xff
 1997 00f9 00       		.byte	0
 1998 00fa 0A       		.uleb128 0xa
 1999 00fb 68010000 		.4byte	.LASF15
 2000 00ff 03       		.byte	0x3
 2001 0100 2A01     		.2byte	0x12a
 2002 0102 0C010000 		.4byte	0x10c
 2003 0106 05       		.uleb128 0x5
 2004 0107 03       		.byte	0x3
 2005 0108 00000000 		.4byte	cy_meta_flashprotect
 2006 010c 07       		.uleb128 0x7
 2007 010d EA000000 		.4byte	0xea
 2008 0111 05       		.uleb128 0x5
 2009 0112 91000000 		.4byte	0x91
 2010 0116 21010000 		.4byte	0x121
 2011 011a 09       		.uleb128 0x9
 2012 011b 8A000000 		.4byte	0x8a
 2013 011f 0B       		.byte	0xb
 2014 0120 00       		.byte	0
 2015 0121 0A       		.uleb128 0xa
 2016 0122 0A000000 		.4byte	.LASF16
 2017 0126 03       		.byte	0x3
 2018 0127 5701     		.2byte	0x157
 2019 0129 33010000 		.4byte	0x133
 2020 012d 05       		.uleb128 0x5
 2021 012e 03       		.byte	0x3
 2022 012f 00000000 		.4byte	cy_metadata
 2023 0133 07       		.uleb128 0x7
 2024 0134 11010000 		.4byte	0x111
 2025 0138 00       		.byte	0
 2026              		.section	.debug_abbrev,"",%progbits
 2027              	.Ldebug_abbrev0:
 2028 0000 01       		.uleb128 0x1
 2029 0001 11       		.uleb128 0x11
 2030 0002 01       		.byte	0x1
 2031 0003 25       		.uleb128 0x25
 2032 0004 0E       		.uleb128 0xe
 2033 0005 13       		.uleb128 0x13
 2034 0006 0B       		.uleb128 0xb
 2035 0007 03       		.uleb128 0x3
 2036 0008 0E       		.uleb128 0xe
 2037 0009 1B       		.uleb128 0x1b
 2038 000a 0E       		.uleb128 0xe
 2039 000b 10       		.uleb128 0x10
 2040 000c 17       		.uleb128 0x17
 2041 000d 00       		.byte	0
 2042 000e 00       		.byte	0
 2043 000f 02       		.uleb128 0x2
 2044 0010 24       		.uleb128 0x24
 2045 0011 00       		.byte	0
 2046 0012 0B       		.uleb128 0xb
 2047 0013 0B       		.uleb128 0xb
 2048 0014 3E       		.uleb128 0x3e
ARM GAS  C:\Users\ianh\AppData\Local\Temp\cchtvAre.s 			page 37


 2049 0015 0B       		.uleb128 0xb
 2050 0016 03       		.uleb128 0x3
 2051 0017 0E       		.uleb128 0xe
 2052 0018 00       		.byte	0
 2053 0019 00       		.byte	0
 2054 001a 03       		.uleb128 0x3
 2055 001b 16       		.uleb128 0x16
 2056 001c 00       		.byte	0
 2057 001d 03       		.uleb128 0x3
 2058 001e 0E       		.uleb128 0xe
 2059 001f 3A       		.uleb128 0x3a
 2060 0020 0B       		.uleb128 0xb
 2061 0021 3B       		.uleb128 0x3b
 2062 0022 0B       		.uleb128 0xb
 2063 0023 49       		.uleb128 0x49
 2064 0024 13       		.uleb128 0x13
 2065 0025 00       		.byte	0
 2066 0026 00       		.byte	0
 2067 0027 04       		.uleb128 0x4
 2068 0028 24       		.uleb128 0x24
 2069 0029 00       		.byte	0
 2070 002a 0B       		.uleb128 0xb
 2071 002b 0B       		.uleb128 0xb
 2072 002c 3E       		.uleb128 0x3e
 2073 002d 0B       		.uleb128 0xb
 2074 002e 03       		.uleb128 0x3
 2075 002f 08       		.uleb128 0x8
 2076 0030 00       		.byte	0
 2077 0031 00       		.byte	0
 2078 0032 05       		.uleb128 0x5
 2079 0033 01       		.uleb128 0x1
 2080 0034 01       		.byte	0x1
 2081 0035 49       		.uleb128 0x49
 2082 0036 13       		.uleb128 0x13
 2083 0037 01       		.uleb128 0x1
 2084 0038 13       		.uleb128 0x13
 2085 0039 00       		.byte	0
 2086 003a 00       		.byte	0
 2087 003b 06       		.uleb128 0x6
 2088 003c 21       		.uleb128 0x21
 2089 003d 00       		.byte	0
 2090 003e 49       		.uleb128 0x49
 2091 003f 13       		.uleb128 0x13
 2092 0040 2F       		.uleb128 0x2f
 2093 0041 05       		.uleb128 0x5
 2094 0042 00       		.byte	0
 2095 0043 00       		.byte	0
 2096 0044 07       		.uleb128 0x7
 2097 0045 26       		.uleb128 0x26
 2098 0046 00       		.byte	0
 2099 0047 49       		.uleb128 0x49
 2100 0048 13       		.uleb128 0x13
 2101 0049 00       		.byte	0
 2102 004a 00       		.byte	0
 2103 004b 08       		.uleb128 0x8
 2104 004c 34       		.uleb128 0x34
 2105 004d 00       		.byte	0
ARM GAS  C:\Users\ianh\AppData\Local\Temp\cchtvAre.s 			page 38


 2106 004e 03       		.uleb128 0x3
 2107 004f 0E       		.uleb128 0xe
 2108 0050 3A       		.uleb128 0x3a
 2109 0051 0B       		.uleb128 0xb
 2110 0052 3B       		.uleb128 0x3b
 2111 0053 0B       		.uleb128 0xb
 2112 0054 49       		.uleb128 0x49
 2113 0055 13       		.uleb128 0x13
 2114 0056 3F       		.uleb128 0x3f
 2115 0057 19       		.uleb128 0x19
 2116 0058 02       		.uleb128 0x2
 2117 0059 18       		.uleb128 0x18
 2118 005a 00       		.byte	0
 2119 005b 00       		.byte	0
 2120 005c 09       		.uleb128 0x9
 2121 005d 21       		.uleb128 0x21
 2122 005e 00       		.byte	0
 2123 005f 49       		.uleb128 0x49
 2124 0060 13       		.uleb128 0x13
 2125 0061 2F       		.uleb128 0x2f
 2126 0062 0B       		.uleb128 0xb
 2127 0063 00       		.byte	0
 2128 0064 00       		.byte	0
 2129 0065 0A       		.uleb128 0xa
 2130 0066 34       		.uleb128 0x34
 2131 0067 00       		.byte	0
 2132 0068 03       		.uleb128 0x3
 2133 0069 0E       		.uleb128 0xe
 2134 006a 3A       		.uleb128 0x3a
 2135 006b 0B       		.uleb128 0xb
 2136 006c 3B       		.uleb128 0x3b
 2137 006d 05       		.uleb128 0x5
 2138 006e 49       		.uleb128 0x49
 2139 006f 13       		.uleb128 0x13
 2140 0070 3F       		.uleb128 0x3f
 2141 0071 19       		.uleb128 0x19
 2142 0072 02       		.uleb128 0x2
 2143 0073 18       		.uleb128 0x18
 2144 0074 00       		.byte	0
 2145 0075 00       		.byte	0
 2146 0076 00       		.byte	0
 2147              		.section	.debug_aranges,"",%progbits
 2148 0000 14000000 		.4byte	0x14
 2149 0004 0200     		.2byte	0x2
 2150 0006 00000000 		.4byte	.Ldebug_info0
 2151 000a 04       		.byte	0x4
 2152 000b 00       		.byte	0
 2153 000c 0000     		.2byte	0
 2154 000e 0000     		.2byte	0
 2155 0010 00000000 		.4byte	0
 2156 0014 00000000 		.4byte	0
 2157              		.section	.debug_line,"",%progbits
 2158              	.Ldebug_line0:
 2159 0000 3D010000 		.section	.debug_str,"MS",%progbits,1
 2159      02003701 
 2159      00000201 
 2159      FB0E0D00 
ARM GAS  C:\Users\ianh\AppData\Local\Temp\cchtvAre.s 			page 39


 2159      01010101 
 2160              	.LASF9:
 2161 0000 5F5F7569 		.ascii	"__uint8_t\000"
 2161      6E74385F 
 2161      7400
 2162              	.LASF16:
 2163 000a 63795F6D 		.ascii	"cy_metadata\000"
 2163      65746164 
 2163      61746100 
 2164              	.LASF1:
 2165 0016 756E7369 		.ascii	"unsigned char\000"
 2165      676E6564 
 2165      20636861 
 2165      7200
 2166              	.LASF17:
 2167 0024 474E5520 		.ascii	"GNU C11 5.4.1 20160609 (release) [ARM/embedded-5-br"
 2167      43313120 
 2167      352E342E 
 2167      31203230 
 2167      31363036 
 2168 0057 616E6368 		.ascii	"anch revision 237715] -mcpu=cortex-m3 -mthumb -g -O"
 2168      20726576 
 2168      6973696F 
 2168      6E203233 
 2168      37373135 
 2169 008a 67202D66 		.ascii	"g -ffunction-sections -ffat-lto-objects\000"
 2169      66756E63 
 2169      74696F6E 
 2169      2D736563 
 2169      74696F6E 
 2170              	.LASF19:
 2171 00b2 433A5C55 		.ascii	"C:\\Users\\ianh\\Documents\\Car Lab\\Navigation\\Na"
 2171      73657273 
 2171      5C69616E 
 2171      685C446F 
 2171      63756D65 
 2172 00df 76696761 		.ascii	"vigation\\Design.cydsn\000"
 2172      74696F6E 
 2172      5C446573 
 2172      69676E2E 
 2172      63796473 
 2173              	.LASF5:
 2174 00f5 6C6F6E67 		.ascii	"long unsigned int\000"
 2174      20756E73 
 2174      69676E65 
 2174      6420696E 
 2174      7400
 2175              	.LASF3:
 2176 0107 73686F72 		.ascii	"short unsigned int\000"
 2176      7420756E 
 2176      7369676E 
 2176      65642069 
 2176      6E7400
 2177              	.LASF13:
 2178 011a 63795F6D 		.ascii	"cy_meta_custnvl\000"
 2178      6574615F 
 2178      63757374 
ARM GAS  C:\Users\ianh\AppData\Local\Temp\cchtvAre.s 			page 40


 2178      6E766C00 
 2179              	.LASF12:
 2180 012a 63795F6D 		.ascii	"cy_meta_configecc\000"
 2180      6574615F 
 2180      636F6E66 
 2180      69676563 
 2180      6300
 2181              	.LASF8:
 2182 013c 756E7369 		.ascii	"unsigned int\000"
 2182      676E6564 
 2182      20696E74 
 2182      00
 2183              	.LASF7:
 2184 0149 6C6F6E67 		.ascii	"long long unsigned int\000"
 2184      206C6F6E 
 2184      6720756E 
 2184      7369676E 
 2184      65642069 
 2185              	.LASF10:
 2186 0160 75696E74 		.ascii	"uint8_t\000"
 2186      385F7400 
 2187              	.LASF15:
 2188 0168 63795F6D 		.ascii	"cy_meta_flashprotect\000"
 2188      6574615F 
 2188      666C6173 
 2188      6870726F 
 2188      74656374 
 2189              	.LASF14:
 2190 017d 63795F6D 		.ascii	"cy_meta_wonvl\000"
 2190      6574615F 
 2190      776F6E76 
 2190      6C00
 2191              	.LASF11:
 2192 018b 73697A65 		.ascii	"sizetype\000"
 2192      74797065 
 2192      00
 2193              	.LASF6:
 2194 0194 6C6F6E67 		.ascii	"long long int\000"
 2194      206C6F6E 
 2194      6720696E 
 2194      7400
 2195              	.LASF2:
 2196 01a2 73686F72 		.ascii	"short int\000"
 2196      7420696E 
 2196      7400
 2197              	.LASF4:
 2198 01ac 6C6F6E67 		.ascii	"long int\000"
 2198      20696E74 
 2198      00
 2199              	.LASF0:
 2200 01b5 7369676E 		.ascii	"signed char\000"
 2200      65642063 
 2200      68617200 
 2201              	.LASF18:
 2202 01c1 47656E65 		.ascii	"Generated_Source\\PSoC5\\cymetadata.c\000"
 2202      72617465 
 2202      645F536F 
ARM GAS  C:\Users\ianh\AppData\Local\Temp\cchtvAre.s 			page 41


 2202      75726365 
 2202      5C50536F 
 2203              		.ident	"GCC: (GNU Tools for ARM Embedded Processors) 5.4.1 20160609 (release) [ARM/embedded-5-bran
